    Checking google-serviceconsumermanagement1 v0.1.0 (/Users/sthiel/dev/google-apis/generated/gen/serviceconsumermanagement/v1/lib)
error[E0107]: wrong number of type arguments: expected 0, found 1
  --> serviceconsumermanagement/v1/lib/src/lib.rs:17:36
   |
17 |         pub project_config: Option<crate::schemas::TenantProjectConfig>,
   |                                    ^^^^^^^^^^^^^^^^^^^^^^^^^^^^^^^^^^^ unexpected type argument

error[E0107]: wrong number of type arguments: expected 0, found 1
  --> serviceconsumermanagement/v1/lib/src/lib.rs:20:25
   |
20 |         pub tag: Option<String>,
   |                         ^^^^^^ unexpected type argument

error[E0107]: wrong number of type arguments: expected 0, found 1
  --> serviceconsumermanagement/v1/lib/src/lib.rs:82:29
   |
82 |         pub methods: Option<Vec<crate::schemas::Method>>,
   |                             ^^^^^^^^^^^^^^^^^^^^^^^^^^^ unexpected type argument

error[E0107]: wrong number of type arguments: expected 0, found 1
  --> serviceconsumermanagement/v1/lib/src/lib.rs:85:28
   |
85 |         pub mixins: Option<Vec<crate::schemas::Mixin>>,
   |                            ^^^^^^^^^^^^^^^^^^^^^^^^^^ unexpected type argument

error[E0107]: wrong number of type arguments: expected 0, found 1
  --> serviceconsumermanagement/v1/lib/src/lib.rs:88:26
   |
88 |         pub name: Option<String>,
   |                          ^^^^^^ unexpected type argument

error[E0107]: wrong number of type arguments: expected 0, found 1
  --> serviceconsumermanagement/v1/lib/src/lib.rs:91:29
   |
91 |         pub options: Option<Vec<crate::schemas::Option>>,
   |                             ^^^^^^^^^^^^^^^^^^^^^^^^^^^ unexpected type argument

error[E0107]: wrong number of type arguments: expected 0, found 1
  --> serviceconsumermanagement/v1/lib/src/lib.rs:94:36
   |
94 |         pub source_context: Option<crate::schemas::SourceContext>,
   |                                    ^^^^^^^^^^^^^^^^^^^^^^^^^^^^^ unexpected type argument

error[E0107]: wrong number of type arguments: expected 0, found 1
  --> serviceconsumermanagement/v1/lib/src/lib.rs:97:28
   |
97 |         pub syntax: Option<crate::schemas::ApiSyntax>,
   |                            ^^^^^^^^^^^^^^^^^^^^^^^^^ unexpected type argument

error[E0107]: wrong number of type arguments: expected 0, found 1
   --> serviceconsumermanagement/v1/lib/src/lib.rs:100:29
    |
100 |         pub version: Option<String>,
    |                             ^^^^^^ unexpected type argument

error[E0107]: wrong number of type arguments: expected 0, found 1
   --> serviceconsumermanagement/v1/lib/src/lib.rs:127:36
    |
127 |         pub project_config: Option<crate::schemas::TenantProjectConfig>,
    |                                    ^^^^^^^^^^^^^^^^^^^^^^^^^^^^^^^^^^^ unexpected type argument

error[E0107]: wrong number of type arguments: expected 0, found 1
   --> serviceconsumermanagement/v1/lib/src/lib.rs:130:25
    |
130 |         pub tag: Option<String>,
    |                         ^^^^^^ unexpected type argument

error[E0107]: wrong number of type arguments: expected 0, found 1
   --> serviceconsumermanagement/v1/lib/src/lib.rs:157:39
    |
157 |         pub external_resource: Option<String>,
    |                                       ^^^^^^ unexpected type argument

error[E0107]: wrong number of type arguments: expected 0, found 1
   --> serviceconsumermanagement/v1/lib/src/lib.rs:160:39
    |
160 |         pub reserved_resource: Option<String>,
    |                                       ^^^^^^ unexpected type argument

error[E0107]: wrong number of type arguments: expected 0, found 1
   --> serviceconsumermanagement/v1/lib/src/lib.rs:163:25
    |
163 |         pub tag: Option<String>,
    |                         ^^^^^^ unexpected type argument

error[E0107]: wrong number of type arguments: expected 0, found 1
   --> serviceconsumermanagement/v1/lib/src/lib.rs:190:31
    |
190 |         pub audiences: Option<String>,
    |                               ^^^^^^ unexpected type argument

error[E0107]: wrong number of type arguments: expected 0, found 1
   --> serviceconsumermanagement/v1/lib/src/lib.rs:193:39
    |
193 |         pub authorization_url: Option<String>,
    |                                       ^^^^^^ unexpected type argument

error[E0107]: wrong number of type arguments: expected 0, found 1
   --> serviceconsumermanagement/v1/lib/src/lib.rs:196:24
    |
196 |         pub id: Option<String>,
    |                        ^^^^^^ unexpected type argument

error[E0107]: wrong number of type arguments: expected 0, found 1
   --> serviceconsumermanagement/v1/lib/src/lib.rs:199:28
    |
199 |         pub issuer: Option<String>,
    |                            ^^^^^^ unexpected type argument

error[E0107]: wrong number of type arguments: expected 0, found 1
   --> serviceconsumermanagement/v1/lib/src/lib.rs:202:30
    |
202 |         pub jwks_uri: Option<String>,
    |                              ^^^^^^ unexpected type argument

error[E0107]: wrong number of type arguments: expected 0, found 1
   --> serviceconsumermanagement/v1/lib/src/lib.rs:229:31
    |
229 |         pub audiences: Option<String>,
    |                               ^^^^^^ unexpected type argument

error[E0107]: wrong number of type arguments: expected 0, found 1
   --> serviceconsumermanagement/v1/lib/src/lib.rs:232:33
    |
232 |         pub provider_id: Option<String>,
    |                                 ^^^^^^ unexpected type argument

error[E0107]: wrong number of type arguments: expected 0, found 1
   --> serviceconsumermanagement/v1/lib/src/lib.rs:259:31
    |
259 |         pub providers: Option<Vec<crate::schemas::AuthProvider>>,
    |                               ^^^^^^^^^^^^^^^^^^^^^^^^^^^^^^^^^ unexpected type argument

error[E0107]: wrong number of type arguments: expected 0, found 1
   --> serviceconsumermanagement/v1/lib/src/lib.rs:262:27
    |
262 |         pub rules: Option<Vec<crate::schemas::AuthenticationRule>>,
    |                           ^^^^^^^^^^^^^^^^^^^^^^^^^^^^^^^^^^^^^^^ unexpected type argument

error[E0107]: wrong number of type arguments: expected 0, found 1
   --> serviceconsumermanagement/v1/lib/src/lib.rs:289:46
    |
289 |         pub allow_without_credential: Option<bool>,
    |                                              ^^^^ unexpected type argument

error[E0107]: wrong number of type arguments: expected 0, found 1
   --> serviceconsumermanagement/v1/lib/src/lib.rs:292:27
    |
292 |         pub oauth: Option<crate::schemas::OauthRequirements>,
    |                           ^^^^^^^^^^^^^^^^^^^^^^^^^^^^^^^^^ unexpected type argument

error[E0107]: wrong number of type arguments: expected 0, found 1
   --> serviceconsumermanagement/v1/lib/src/lib.rs:295:34
    |
295 |         pub requirements: Option<Vec<crate::schemas::AuthRequirement>>,
    |                                  ^^^^^^^^^^^^^^^^^^^^^^^^^^^^^^^^^^^^ unexpected type argument

error[E0107]: wrong number of type arguments: expected 0, found 1
   --> serviceconsumermanagement/v1/lib/src/lib.rs:298:30
    |
298 |         pub selector: Option<String>,
    |                              ^^^^^^ unexpected type argument

error[E0107]: wrong number of type arguments: expected 0, found 1
   --> serviceconsumermanagement/v1/lib/src/lib.rs:316:27
    |
316 |         pub rules: Option<Vec<crate::schemas::BackendRule>>,
    |                           ^^^^^^^^^^^^^^^^^^^^^^^^^^^^^^^^ unexpected type argument

error[E0107]: wrong number of type arguments: expected 0, found 1
   --> serviceconsumermanagement/v1/lib/src/lib.rs:387:29
    |
387 |         pub address: Option<String>,
    |                             ^^^^^^ unexpected type argument

error[E0107]: wrong number of type arguments: expected 0, found 1
   --> serviceconsumermanagement/v1/lib/src/lib.rs:390:30
    |
390 |         pub deadline: Option<f64>,
    |                              ^^^ unexpected type argument

error[E0107]: wrong number of type arguments: expected 0, found 1
   --> serviceconsumermanagement/v1/lib/src/lib.rs:393:34
    |
393 |         pub jwt_audience: Option<String>,
    |                                  ^^^^^^ unexpected type argument

error[E0107]: wrong number of type arguments: expected 0, found 1
   --> serviceconsumermanagement/v1/lib/src/lib.rs:396:34
    |
396 |         pub min_deadline: Option<f64>,
    |                                  ^^^ unexpected type argument

error[E0107]: wrong number of type arguments: expected 0, found 1
   --> serviceconsumermanagement/v1/lib/src/lib.rs:399:40
    |
399 |         pub operation_deadline: Option<f64>,
    |                                        ^^^ unexpected type argument

error[E0107]: wrong number of type arguments: expected 0, found 1
   --> serviceconsumermanagement/v1/lib/src/lib.rs:401:38
    |
401 |         pub path_translation: Option<crate::schemas::BackendRulePathTranslation>,
    |                                      ^^^^^^^^^^^^^^^^^^^^^^^^^^^^^^^^^^^^^^^^^^ unexpected type argument

error[E0107]: wrong number of type arguments: expected 0, found 1
   --> serviceconsumermanagement/v1/lib/src/lib.rs:404:30
    |
404 |         pub selector: Option<String>,
    |                              ^^^^^^ unexpected type argument

error[E0107]: wrong number of type arguments: expected 0, found 1
   --> serviceconsumermanagement/v1/lib/src/lib.rs:431:43
    |
431 |         pub consumer_destinations: Option<Vec<crate::schemas::BillingDestination>>,
    |                                           ^^^^^^^^^^^^^^^^^^^^^^^^^^^^^^^^^^^^^^^ unexpected type argument

error[E0107]: wrong number of type arguments: expected 0, found 1
   --> serviceconsumermanagement/v1/lib/src/lib.rs:458:37
    |
458 |         pub billing_account: Option<String>,
    |                                     ^^^^^^ unexpected type argument

error[E0107]: wrong number of type arguments: expected 0, found 1
   --> serviceconsumermanagement/v1/lib/src/lib.rs:485:29
    |
485 |         pub metrics: Option<Vec<String>>,
    |                             ^^^^^^^^^^^ unexpected type argument

error[E0107]: wrong number of type arguments: expected 0, found 1
   --> serviceconsumermanagement/v1/lib/src/lib.rs:488:40
    |
488 |         pub monitored_resource: Option<String>,
    |                                        ^^^^^^ unexpected type argument

error[E0107]: wrong number of type arguments: expected 0, found 1
   --> serviceconsumermanagement/v1/lib/src/lib.rs:532:27
    |
532 |         pub rules: Option<Vec<crate::schemas::ContextRule>>,
    |                           ^^^^^^^^^^^^^^^^^^^^^^^^^^^^^^^^ unexpected type argument

error[E0107]: wrong number of type arguments: expected 0, found 1
   --> serviceconsumermanagement/v1/lib/src/lib.rs:559:48
    |
559 |         pub allowed_request_extensions: Option<Vec<String>>,
    |                                                ^^^^^^^^^^^ unexpected type argument

error[E0107]: wrong number of type arguments: expected 0, found 1
   --> serviceconsumermanagement/v1/lib/src/lib.rs:562:49
    |
562 |         pub allowed_response_extensions: Option<Vec<String>>,
    |                                                 ^^^^^^^^^^^ unexpected type argument

error[E0107]: wrong number of type arguments: expected 0, found 1
   --> serviceconsumermanagement/v1/lib/src/lib.rs:565:30
    |
565 |         pub provided: Option<Vec<String>>,
    |                              ^^^^^^^^^^^ unexpected type argument

error[E0107]: wrong number of type arguments: expected 0, found 1
   --> serviceconsumermanagement/v1/lib/src/lib.rs:568:31
    |
568 |         pub requested: Option<Vec<String>>,
    |                               ^^^^^^^^^^^ unexpected type argument

error[E0107]: wrong number of type arguments: expected 0, found 1
   --> serviceconsumermanagement/v1/lib/src/lib.rs:571:30
    |
571 |         pub selector: Option<String>,
    |                              ^^^^^^ unexpected type argument

error[E0107]: wrong number of type arguments: expected 0, found 1
   --> serviceconsumermanagement/v1/lib/src/lib.rs:598:33
    |
598 |         pub environment: Option<String>,
    |                                 ^^^^^^ unexpected type argument

error[E0107]: wrong number of type arguments: expected 0, found 1
   --> serviceconsumermanagement/v1/lib/src/lib.rs:625:37
    |
625 |         pub tenancy_unit_id: Option<String>,
    |                                     ^^^^^^ unexpected type argument

error[E0107]: wrong number of type arguments: expected 0, found 1
   --> serviceconsumermanagement/v1/lib/src/lib.rs:652:27
    |
652 |         pub rules: Option<Vec<crate::schemas::CustomErrorRule>>,
    |                           ^^^^^^^^^^^^^^^^^^^^^^^^^^^^^^^^^^^^ unexpected type argument

error[E0107]: wrong number of type arguments: expected 0, found 1
   --> serviceconsumermanagement/v1/lib/src/lib.rs:655:27
    |
655 |         pub types: Option<Vec<String>>,
    |                           ^^^^^^^^^^^ unexpected type argument

error[E0107]: wrong number of type arguments: expected 0, found 1
   --> serviceconsumermanagement/v1/lib/src/lib.rs:682:35
    |
682 |         pub is_error_type: Option<bool>,
    |                                   ^^^^ unexpected type argument

error[E0107]: wrong number of type arguments: expected 0, found 1
   --> serviceconsumermanagement/v1/lib/src/lib.rs:685:30
    |
685 |         pub selector: Option<String>,
    |                              ^^^^^^ unexpected type argument

error[E0107]: wrong number of type arguments: expected 0, found 1
   --> serviceconsumermanagement/v1/lib/src/lib.rs:712:26
    |
712 |         pub kind: Option<String>,
    |                          ^^^^^^ unexpected type argument

error[E0107]: wrong number of type arguments: expected 0, found 1
   --> serviceconsumermanagement/v1/lib/src/lib.rs:715:26
    |
715 |         pub path: Option<String>,
    |                          ^^^^^^ unexpected type argument

error[E0107]: wrong number of type arguments: expected 0, found 1
   --> serviceconsumermanagement/v1/lib/src/lib.rs:742:25
    |
742 |         pub tag: Option<String>,
    |                         ^^^^^^ unexpected type argument

error[E0107]: wrong number of type arguments: expected 0, found 1
   --> serviceconsumermanagement/v1/lib/src/lib.rs:769:44
    |
769 |         pub documentation_root_url: Option<String>,
    |                                            ^^^^^^ unexpected type argument

error[E0107]: wrong number of type arguments: expected 0, found 1
   --> serviceconsumermanagement/v1/lib/src/lib.rs:772:30
    |
772 |         pub overview: Option<String>,
    |                              ^^^^^^ unexpected type argument

error[E0107]: wrong number of type arguments: expected 0, found 1
   --> serviceconsumermanagement/v1/lib/src/lib.rs:775:27
    |
775 |         pub pages: Option<Vec<crate::schemas::Page>>,
    |                           ^^^^^^^^^^^^^^^^^^^^^^^^^ unexpected type argument

error[E0107]: wrong number of type arguments: expected 0, found 1
   --> serviceconsumermanagement/v1/lib/src/lib.rs:778:27
    |
778 |         pub rules: Option<Vec<crate::schemas::DocumentationRule>>,
    |                           ^^^^^^^^^^^^^^^^^^^^^^^^^^^^^^^^^^^^^^ unexpected type argument

error[E0107]: wrong number of type arguments: expected 0, found 1
   --> serviceconsumermanagement/v1/lib/src/lib.rs:781:38
    |
781 |         pub service_root_url: Option<String>,
    |                                      ^^^^^^ unexpected type argument

error[E0107]: wrong number of type arguments: expected 0, found 1
   --> serviceconsumermanagement/v1/lib/src/lib.rs:784:29
    |
784 |         pub summary: Option<String>,
    |                             ^^^^^^ unexpected type argument

error[E0107]: wrong number of type arguments: expected 0, found 1
   --> serviceconsumermanagement/v1/lib/src/lib.rs:811:45
    |
811 |         pub deprecation_description: Option<String>,
    |                                             ^^^^^^ unexpected type argument

error[E0107]: wrong number of type arguments: expected 0, found 1
   --> serviceconsumermanagement/v1/lib/src/lib.rs:814:33
    |
814 |         pub description: Option<String>,
    |                                 ^^^^^^ unexpected type argument

error[E0107]: wrong number of type arguments: expected 0, found 1
   --> serviceconsumermanagement/v1/lib/src/lib.rs:817:30
    |
817 |         pub selector: Option<String>,
    |                              ^^^^^^ unexpected type argument

error[E0107]: wrong number of type arguments: expected 0, found 1
   --> serviceconsumermanagement/v1/lib/src/lib.rs:861:29
    |
861 |         pub aliases: Option<Vec<String>>,
    |                             ^^^^^^^^^^^ unexpected type argument

error[E0107]: wrong number of type arguments: expected 0, found 1
   --> serviceconsumermanagement/v1/lib/src/lib.rs:864:32
    |
864 |         pub allow_cors: Option<bool>,
    |                                ^^^^ unexpected type argument

error[E0107]: wrong number of type arguments: expected 0, found 1
   --> serviceconsumermanagement/v1/lib/src/lib.rs:867:30
    |
867 |         pub features: Option<Vec<String>>,
    |                              ^^^^^^^^^^^ unexpected type argument

error[E0107]: wrong number of type arguments: expected 0, found 1
   --> serviceconsumermanagement/v1/lib/src/lib.rs:870:26
    |
870 |         pub name: Option<String>,
    |                          ^^^^^^ unexpected type argument

error[E0107]: wrong number of type arguments: expected 0, found 1
   --> serviceconsumermanagement/v1/lib/src/lib.rs:873:28
    |
873 |         pub target: Option<String>,
    |                            ^^^^^^ unexpected type argument

error[E0107]: wrong number of type arguments: expected 0, found 1
   --> serviceconsumermanagement/v1/lib/src/lib.rs:935:31
    |
935 |         pub enumvalue: Option<Vec<crate::schemas::EnumValue>>,
    |                               ^^^^^^^^^^^^^^^^^^^^^^^^^^^^^^ unexpected type argument

error[E0107]: wrong number of type arguments: expected 0, found 1
   --> serviceconsumermanagement/v1/lib/src/lib.rs:938:26
    |
938 |         pub name: Option<String>,
    |                          ^^^^^^ unexpected type argument

error[E0107]: wrong number of type arguments: expected 0, found 1
   --> serviceconsumermanagement/v1/lib/src/lib.rs:941:29
    |
941 |         pub options: Option<Vec<crate::schemas::Option>>,
    |                             ^^^^^^^^^^^^^^^^^^^^^^^^^^^ unexpected type argument

error[E0107]: wrong number of type arguments: expected 0, found 1
   --> serviceconsumermanagement/v1/lib/src/lib.rs:944:36
    |
944 |         pub source_context: Option<crate::schemas::SourceContext>,
    |                                    ^^^^^^^^^^^^^^^^^^^^^^^^^^^^^ unexpected type argument

error[E0107]: wrong number of type arguments: expected 0, found 1
   --> serviceconsumermanagement/v1/lib/src/lib.rs:947:28
    |
947 |         pub syntax: Option<crate::schemas::EnumSyntax>,
    |                            ^^^^^^^^^^^^^^^^^^^^^^^^^^ unexpected type argument

error[E0107]: wrong number of type arguments: expected 0, found 1
   --> serviceconsumermanagement/v1/lib/src/lib.rs:963:26
    |
963 |         pub name: Option<String>,
    |                          ^^^^^^ unexpected type argument

error[E0107]: wrong number of type arguments: expected 0, found 1
   --> serviceconsumermanagement/v1/lib/src/lib.rs:966:28
    |
966 |         pub number: Option<i32>,
    |                            ^^^ unexpected type argument

error[E0107]: wrong number of type arguments: expected 0, found 1
   --> serviceconsumermanagement/v1/lib/src/lib.rs:969:29
    |
969 |         pub options: Option<Vec<crate::schemas::Option>>,
    |                             ^^^^^^^^^^^^^^^^^^^^^^^^^^^ unexpected type argument

error[E0107]: wrong number of type arguments: expected 0, found 1
    --> serviceconsumermanagement/v1/lib/src/lib.rs:1153:33
     |
1153 |         pub cardinality: Option<crate::schemas::FieldCardinality>,
     |                                 ^^^^^^^^^^^^^^^^^^^^^^^^^^^^^^^^ unexpected type argument

error[E0107]: wrong number of type arguments: expected 0, found 1
    --> serviceconsumermanagement/v1/lib/src/lib.rs:1156:35
     |
1156 |         pub default_value: Option<String>,
     |                                   ^^^^^^ unexpected type argument

error[E0107]: wrong number of type arguments: expected 0, found 1
    --> serviceconsumermanagement/v1/lib/src/lib.rs:1159:31
     |
1159 |         pub json_name: Option<String>,
     |                               ^^^^^^ unexpected type argument

error[E0107]: wrong number of type arguments: expected 0, found 1
    --> serviceconsumermanagement/v1/lib/src/lib.rs:1162:26
     |
1162 |         pub kind: Option<crate::schemas::FieldKind>,
     |                          ^^^^^^^^^^^^^^^^^^^^^^^^^ unexpected type argument

error[E0107]: wrong number of type arguments: expected 0, found 1
    --> serviceconsumermanagement/v1/lib/src/lib.rs:1165:26
     |
1165 |         pub name: Option<String>,
     |                          ^^^^^^ unexpected type argument

error[E0107]: wrong number of type arguments: expected 0, found 1
    --> serviceconsumermanagement/v1/lib/src/lib.rs:1168:28
     |
1168 |         pub number: Option<i32>,
     |                            ^^^ unexpected type argument

error[E0107]: wrong number of type arguments: expected 0, found 1
    --> serviceconsumermanagement/v1/lib/src/lib.rs:1171:33
     |
1171 |         pub oneof_index: Option<i32>,
     |                                 ^^^ unexpected type argument

error[E0107]: wrong number of type arguments: expected 0, found 1
    --> serviceconsumermanagement/v1/lib/src/lib.rs:1174:29
     |
1174 |         pub options: Option<Vec<crate::schemas::Option>>,
     |                             ^^^^^^^^^^^^^^^^^^^^^^^^^^^ unexpected type argument

error[E0107]: wrong number of type arguments: expected 0, found 1
    --> serviceconsumermanagement/v1/lib/src/lib.rs:1177:28
     |
1177 |         pub packed: Option<bool>,
     |                            ^^^^ unexpected type argument

error[E0107]: wrong number of type arguments: expected 0, found 1
    --> serviceconsumermanagement/v1/lib/src/lib.rs:1180:30
     |
1180 |         pub type_url: Option<String>,
     |                              ^^^^^^ unexpected type argument

error[E0107]: wrong number of type arguments: expected 0, found 1
    --> serviceconsumermanagement/v1/lib/src/lib.rs:1207:53
     |
1207 |         pub fully_decode_reserved_expansion: Option<bool>,
     |                                                     ^^^^ unexpected type argument

error[E0107]: wrong number of type arguments: expected 0, found 1
    --> serviceconsumermanagement/v1/lib/src/lib.rs:1210:27
     |
1210 |         pub rules: Option<Vec<crate::schemas::HttpRule>>,
     |                           ^^^^^^^^^^^^^^^^^^^^^^^^^^^^^ unexpected type argument

error[E0107]: wrong number of type arguments: expected 0, found 1
    --> serviceconsumermanagement/v1/lib/src/lib.rs:1237:41
     |
1237 |         pub additional_bindings: Option<Vec<crate::schemas::HttpRule>>,
     |                                         ^^^^^^^^^^^^^^^^^^^^^^^^^^^^^ unexpected type argument

error[E0107]: wrong number of type arguments: expected 0, found 1
    --> serviceconsumermanagement/v1/lib/src/lib.rs:1240:26
     |
1240 |         pub body: Option<String>,
     |                          ^^^^^^ unexpected type argument

error[E0107]: wrong number of type arguments: expected 0, found 1
    --> serviceconsumermanagement/v1/lib/src/lib.rs:1243:28
     |
1243 |         pub custom: Option<crate::schemas::CustomHttpPattern>,
     |                            ^^^^^^^^^^^^^^^^^^^^^^^^^^^^^^^^^ unexpected type argument

error[E0107]: wrong number of type arguments: expected 0, found 1
    --> serviceconsumermanagement/v1/lib/src/lib.rs:1246:28
     |
1246 |         pub delete: Option<String>,
     |                            ^^^^^^ unexpected type argument

error[E0107]: wrong number of type arguments: expected 0, found 1
    --> serviceconsumermanagement/v1/lib/src/lib.rs:1249:25
     |
1249 |         pub get: Option<String>,
     |                         ^^^^^^ unexpected type argument

error[E0107]: wrong number of type arguments: expected 0, found 1
    --> serviceconsumermanagement/v1/lib/src/lib.rs:1252:27
     |
1252 |         pub patch: Option<String>,
     |                           ^^^^^^ unexpected type argument

error[E0107]: wrong number of type arguments: expected 0, found 1
    --> serviceconsumermanagement/v1/lib/src/lib.rs:1255:26
     |
1255 |         pub post: Option<String>,
     |                          ^^^^^^ unexpected type argument

error[E0107]: wrong number of type arguments: expected 0, found 1
    --> serviceconsumermanagement/v1/lib/src/lib.rs:1258:25
     |
1258 |         pub put: Option<String>,
     |                         ^^^^^^ unexpected type argument

error[E0107]: wrong number of type arguments: expected 0, found 1
    --> serviceconsumermanagement/v1/lib/src/lib.rs:1261:35
     |
1261 |         pub response_body: Option<String>,
     |                                   ^^^^^^ unexpected type argument

error[E0107]: wrong number of type arguments: expected 0, found 1
    --> serviceconsumermanagement/v1/lib/src/lib.rs:1264:30
     |
1264 |         pub selector: Option<String>,
     |                              ^^^^^^ unexpected type argument

error[E0107]: wrong number of type arguments: expected 0, found 1
    --> serviceconsumermanagement/v1/lib/src/lib.rs:1341:33
     |
1341 |         pub description: Option<String>,
     |                                 ^^^^^^ unexpected type argument

error[E0107]: wrong number of type arguments: expected 0, found 1
    --> serviceconsumermanagement/v1/lib/src/lib.rs:1344:25
     |
1344 |         pub key: Option<String>,
     |                         ^^^^^^ unexpected type argument

error[E0107]: wrong number of type arguments: expected 0, found 1
    --> serviceconsumermanagement/v1/lib/src/lib.rs:1347:32
     |
1347 |         pub value_type: Option<crate::schemas::LabelDescriptorValueType>,
     |                                ^^^^^^^^^^^^^^^^^^^^^^^^^^^^^^^^^^^^^^^^ unexpected type argument

error[E0107]: wrong number of type arguments: expected 0, found 1
    --> serviceconsumermanagement/v1/lib/src/lib.rs:1363:37
     |
1363 |         pub next_page_token: Option<String>,
     |                                     ^^^^^^ unexpected type argument

error[E0107]: wrong number of type arguments: expected 0, found 1
    --> serviceconsumermanagement/v1/lib/src/lib.rs:1366:32
     |
1366 |         pub operations: Option<Vec<crate::schemas::Operation>>,
     |                                ^^^^^^^^^^^^^^^^^^^^^^^^^^^^^^ unexpected type argument

error[E0107]: wrong number of type arguments: expected 0, found 1
    --> serviceconsumermanagement/v1/lib/src/lib.rs:1393:37
     |
1393 |         pub next_page_token: Option<String>,
     |                                     ^^^^^^ unexpected type argument

error[E0107]: wrong number of type arguments: expected 0, found 1
    --> serviceconsumermanagement/v1/lib/src/lib.rs:1396:35
     |
1396 |         pub tenancy_units: Option<Vec<crate::schemas::TenancyUnit>>,
     |                                   ^^^^^^^^^^^^^^^^^^^^^^^^^^^^^^^^ unexpected type argument

error[E0107]: wrong number of type arguments: expected 0, found 1
    --> serviceconsumermanagement/v1/lib/src/lib.rs:1423:33
     |
1423 |         pub description: Option<String>,
     |                                 ^^^^^^ unexpected type argument

error[E0107]: wrong number of type arguments: expected 0, found 1
    --> serviceconsumermanagement/v1/lib/src/lib.rs:1426:34
     |
1426 |         pub display_name: Option<String>,
     |                                  ^^^^^^ unexpected type argument

error[E0107]: wrong number of type arguments: expected 0, found 1
    --> serviceconsumermanagement/v1/lib/src/lib.rs:1429:28
     |
1429 |         pub labels: Option<Vec<crate::schemas::LabelDescriptor>>,
     |                            ^^^^^^^^^^^^^^^^^^^^^^^^^^^^^^^^^^^^ unexpected type argument

error[E0107]: wrong number of type arguments: expected 0, found 1
    --> serviceconsumermanagement/v1/lib/src/lib.rs:1432:26
     |
1432 |         pub name: Option<String>,
     |                          ^^^^^^ unexpected type argument

error[E0107]: wrong number of type arguments: expected 0, found 1
    --> serviceconsumermanagement/v1/lib/src/lib.rs:1459:43
     |
1459 |         pub consumer_destinations: Option<Vec<crate::schemas::LoggingDestination>>,
     |                                           ^^^^^^^^^^^^^^^^^^^^^^^^^^^^^^^^^^^^^^^ unexpected type argument

error[E0107]: wrong number of type arguments: expected 0, found 1
    --> serviceconsumermanagement/v1/lib/src/lib.rs:1462:43
     |
1462 |         pub producer_destinations: Option<Vec<crate::schemas::LoggingDestination>>,
     |                                           ^^^^^^^^^^^^^^^^^^^^^^^^^^^^^^^^^^^^^^^ unexpected type argument

error[E0107]: wrong number of type arguments: expected 0, found 1
    --> serviceconsumermanagement/v1/lib/src/lib.rs:1489:26
     |
1489 |         pub logs: Option<Vec<String>>,
     |                          ^^^^^^^^^^^ unexpected type argument

error[E0107]: wrong number of type arguments: expected 0, found 1
    --> serviceconsumermanagement/v1/lib/src/lib.rs:1492:40
     |
1492 |         pub monitored_resource: Option<String>,
     |                                        ^^^^^^ unexpected type argument

error[E0107]: wrong number of type arguments: expected 0, found 1
    --> serviceconsumermanagement/v1/lib/src/lib.rs:1554:26
     |
1554 |         pub name: Option<String>,
     |                          ^^^^^^ unexpected type argument

error[E0107]: wrong number of type arguments: expected 0, found 1
    --> serviceconsumermanagement/v1/lib/src/lib.rs:1557:29
     |
1557 |         pub options: Option<Vec<crate::schemas::Option>>,
     |                             ^^^^^^^^^^^^^^^^^^^^^^^^^^^ unexpected type argument

error[E0107]: wrong number of type arguments: expected 0, found 1
    --> serviceconsumermanagement/v1/lib/src/lib.rs:1560:39
     |
1560 |         pub request_streaming: Option<bool>,
     |                                       ^^^^ unexpected type argument

error[E0107]: wrong number of type arguments: expected 0, found 1
    --> serviceconsumermanagement/v1/lib/src/lib.rs:1563:38
     |
1563 |         pub request_type_url: Option<String>,
     |                                      ^^^^^^ unexpected type argument

error[E0107]: wrong number of type arguments: expected 0, found 1
    --> serviceconsumermanagement/v1/lib/src/lib.rs:1566:40
     |
1566 |         pub response_streaming: Option<bool>,
     |                                        ^^^^ unexpected type argument

error[E0107]: wrong number of type arguments: expected 0, found 1
    --> serviceconsumermanagement/v1/lib/src/lib.rs:1569:39
     |
1569 |         pub response_type_url: Option<String>,
     |                                       ^^^^^^ unexpected type argument

error[E0107]: wrong number of type arguments: expected 0, found 1
    --> serviceconsumermanagement/v1/lib/src/lib.rs:1572:28
     |
1572 |         pub syntax: Option<crate::schemas::MethodSyntax>,
     |                            ^^^^^^^^^^^^^^^^^^^^^^^^^^^^ unexpected type argument

error[E0107]: wrong number of type arguments: expected 0, found 1
    --> serviceconsumermanagement/v1/lib/src/lib.rs:1781:33
     |
1781 |         pub description: Option<String>,
     |                                 ^^^^^^ unexpected type argument

error[E0107]: wrong number of type arguments: expected 0, found 1
    --> serviceconsumermanagement/v1/lib/src/lib.rs:1784:34
     |
1784 |         pub display_name: Option<String>,
     |                                  ^^^^^^ unexpected type argument

error[E0107]: wrong number of type arguments: expected 0, found 1
    --> serviceconsumermanagement/v1/lib/src/lib.rs:1787:28
     |
1787 |         pub labels: Option<Vec<crate::schemas::LabelDescriptor>>,
     |                            ^^^^^^^^^^^^^^^^^^^^^^^^^^^^^^^^^^^^ unexpected type argument

error[E0107]: wrong number of type arguments: expected 0, found 1
    --> serviceconsumermanagement/v1/lib/src/lib.rs:1790:34
     |
1790 |         pub launch_stage: Option<crate::schemas::MetricDescriptorLaunchStage>,
     |                                  ^^^^^^^^^^^^^^^^^^^^^^^^^^^^^^^^^^^^^^^^^^^ unexpected type argument

error[E0107]: wrong number of type arguments: expected 0, found 1
    --> serviceconsumermanagement/v1/lib/src/lib.rs:1793:30
     |
1793 |         pub metadata: Option<crate::schemas::MetricDescriptorMetadata>,
     |                              ^^^^^^^^^^^^^^^^^^^^^^^^^^^^^^^^^^^^^^^^ unexpected type argument

error[E0107]: wrong number of type arguments: expected 0, found 1
    --> serviceconsumermanagement/v1/lib/src/lib.rs:1796:33
     |
1796 |         pub metric_kind: Option<crate::schemas::MetricDescriptorMetricKind>,
     |                                 ^^^^^^^^^^^^^^^^^^^^^^^^^^^^^^^^^^^^^^^^^^ unexpected type argument

error[E0107]: wrong number of type arguments: expected 0, found 1
    --> serviceconsumermanagement/v1/lib/src/lib.rs:1799:26
     |
1799 |         pub name: Option<String>,
     |                          ^^^^^^ unexpected type argument

error[E0107]: wrong number of type arguments: expected 0, found 1
    --> serviceconsumermanagement/v1/lib/src/lib.rs:1802:28
     |
1802 |         pub r#type: Option<String>,
     |                            ^^^^^^ unexpected type argument

error[E0107]: wrong number of type arguments: expected 0, found 1
    --> serviceconsumermanagement/v1/lib/src/lib.rs:1805:26
     |
1805 |         pub unit: Option<String>,
     |                          ^^^^^^ unexpected type argument

error[E0107]: wrong number of type arguments: expected 0, found 1
    --> serviceconsumermanagement/v1/lib/src/lib.rs:1808:32
     |
1808 |         pub value_type: Option<crate::schemas::MetricDescriptorValueType>,
     |                                ^^^^^^^^^^^^^^^^^^^^^^^^^^^^^^^^^^^^^^^^^ unexpected type argument

error[E0107]: wrong number of type arguments: expected 0, found 1
    --> serviceconsumermanagement/v1/lib/src/lib.rs:1901:34
     |
1901 |         pub ingest_delay: Option<String>,
     |                                  ^^^^^^ unexpected type argument

error[E0107]: wrong number of type arguments: expected 0, found 1
    --> serviceconsumermanagement/v1/lib/src/lib.rs:1904:34
     |
1904 |         pub launch_stage: Option<crate::schemas::MetricDescriptorMetadataLaunchStage>,
     |                                  ^^^^^^^^^^^^^^^^^^^^^^^^^^^^^^^^^^^^^^^^^^^^^^^^^^^ unexpected type argument

error[E0107]: wrong number of type arguments: expected 0, found 1
    --> serviceconsumermanagement/v1/lib/src/lib.rs:1907:35
     |
1907 |         pub sample_period: Option<String>,
     |                                   ^^^^^^ unexpected type argument

error[E0107]: wrong number of type arguments: expected 0, found 1
    --> serviceconsumermanagement/v1/lib/src/lib.rs:1934:34
     |
1934 |         pub metric_costs: Option<::std::collections::BTreeMap<String, i64>>,
     |                                  ^^^^^^^^^^^^^^^^^^^^^^^^^^^^^^^^^^^^^^^^^ unexpected type argument

error[E0107]: wrong number of type arguments: expected 0, found 1
    --> serviceconsumermanagement/v1/lib/src/lib.rs:1937:30
     |
1937 |         pub selector: Option<String>,
     |                              ^^^^^^ unexpected type argument

error[E0107]: wrong number of type arguments: expected 0, found 1
    --> serviceconsumermanagement/v1/lib/src/lib.rs:1964:26
     |
1964 |         pub name: Option<String>,
     |                          ^^^^^^ unexpected type argument

error[E0107]: wrong number of type arguments: expected 0, found 1
    --> serviceconsumermanagement/v1/lib/src/lib.rs:1967:26
     |
1967 |         pub root: Option<String>,
     |                          ^^^^^^ unexpected type argument

error[E0107]: wrong number of type arguments: expected 0, found 1
    --> serviceconsumermanagement/v1/lib/src/lib.rs:2060:33
     |
2060 |         pub description: Option<String>,
     |                                 ^^^^^^ unexpected type argument

error[E0107]: wrong number of type arguments: expected 0, found 1
    --> serviceconsumermanagement/v1/lib/src/lib.rs:2063:34
     |
2063 |         pub display_name: Option<String>,
     |                                  ^^^^^^ unexpected type argument

error[E0107]: wrong number of type arguments: expected 0, found 1
    --> serviceconsumermanagement/v1/lib/src/lib.rs:2066:28
     |
2066 |         pub labels: Option<Vec<crate::schemas::LabelDescriptor>>,
     |                            ^^^^^^^^^^^^^^^^^^^^^^^^^^^^^^^^^^^^ unexpected type argument

error[E0107]: wrong number of type arguments: expected 0, found 1
    --> serviceconsumermanagement/v1/lib/src/lib.rs:2069:34
     |
2069 |         pub launch_stage: Option<crate::schemas::MonitoredResourceDescriptorLaunchStage>,
     |                                  ^^^^^^^^^^^^^^^^^^^^^^^^^^^^^^^^^^^^^^^^^^^^^^^^^^^^^^ unexpected type argument

error[E0107]: wrong number of type arguments: expected 0, found 1
    --> serviceconsumermanagement/v1/lib/src/lib.rs:2072:26
     |
2072 |         pub name: Option<String>,
     |                          ^^^^^^ unexpected type argument

error[E0107]: wrong number of type arguments: expected 0, found 1
    --> serviceconsumermanagement/v1/lib/src/lib.rs:2075:28
     |
2075 |         pub r#type: Option<String>,
     |                            ^^^^^^ unexpected type argument

error[E0107]: wrong number of type arguments: expected 0, found 1
    --> serviceconsumermanagement/v1/lib/src/lib.rs:2102:43
     |
2102 |         pub consumer_destinations: Option<Vec<crate::schemas::MonitoringDestination>>,
     |                                           ^^^^^^^^^^^^^^^^^^^^^^^^^^^^^^^^^^^^^^^^^^ unexpected type argument

error[E0107]: wrong number of type arguments: expected 0, found 1
    --> serviceconsumermanagement/v1/lib/src/lib.rs:2105:43
     |
2105 |         pub producer_destinations: Option<Vec<crate::schemas::MonitoringDestination>>,
     |                                           ^^^^^^^^^^^^^^^^^^^^^^^^^^^^^^^^^^^^^^^^^^ unexpected type argument

error[E0107]: wrong number of type arguments: expected 0, found 1
    --> serviceconsumermanagement/v1/lib/src/lib.rs:2132:29
     |
2132 |         pub metrics: Option<Vec<String>>,
     |                             ^^^^^^^^^^^ unexpected type argument

error[E0107]: wrong number of type arguments: expected 0, found 1
    --> serviceconsumermanagement/v1/lib/src/lib.rs:2135:40
     |
2135 |         pub monitored_resource: Option<String>,
     |                                        ^^^^^^ unexpected type argument

error[E0107]: wrong number of type arguments: expected 0, found 1
    --> serviceconsumermanagement/v1/lib/src/lib.rs:2162:38
     |
2162 |         pub canonical_scopes: Option<String>,
     |                                      ^^^^^^ unexpected type argument

error[E0107]: wrong number of type arguments: expected 0, found 1
    --> serviceconsumermanagement/v1/lib/src/lib.rs:2178:26
     |
2178 |         pub done: Option<bool>,
     |                          ^^^^ unexpected type argument

error[E0107]: wrong number of type arguments: expected 0, found 1
    --> serviceconsumermanagement/v1/lib/src/lib.rs:2181:27
     |
2181 |         pub error: Option<crate::schemas::Status>,
     |                           ^^^^^^^^^^^^^^^^^^^^^^ unexpected type argument

error[E0107]: wrong number of type arguments: expected 0, found 1
    --> serviceconsumermanagement/v1/lib/src/lib.rs:2184:30
     |
2184 |         pub metadata: Option<::std::collections::BTreeMap<String, ::serde_json::Value>>,
     |                              ^^^^^^^^^^^^^^^^^^^^^^^^^^^^^^^^^^^^^^^^^^^^^^^^^^^^^^^^^ unexpected type argument

error[E0107]: wrong number of type arguments: expected 0, found 1
    --> serviceconsumermanagement/v1/lib/src/lib.rs:2187:26
     |
2187 |         pub name: Option<String>,
     |                          ^^^^^^ unexpected type argument

error[E0107]: wrong number of type arguments: expected 0, found 1
    --> serviceconsumermanagement/v1/lib/src/lib.rs:2190:30
     |
2190 |         pub response: Option<::std::collections::BTreeMap<String, ::serde_json::Value>>,
     |                              ^^^^^^^^^^^^^^^^^^^^^^^^^^^^^^^^^^^^^^^^^^^^^^^^^^^^^^^^^ unexpected type argument

error[E0107]: wrong number of type arguments: expected 0, found 1
    --> serviceconsumermanagement/v1/lib/src/lib.rs:2206:26
     |
2206 |         pub name: Option<String>,
     |                          ^^^^^^ unexpected type argument

error[E0107]: wrong number of type arguments: expected 0, found 1
    --> serviceconsumermanagement/v1/lib/src/lib.rs:2209:27
     |
2209 |         pub value: Option<::std::collections::BTreeMap<String, ::serde_json::Value>>,
     |                           ^^^^^^^^^^^^^^^^^^^^^^^^^^^^^^^^^^^^^^^^^^^^^^^^^^^^^^^^^ unexpected type argument

error[E0107]: wrong number of type arguments: expected 0, found 1
    --> serviceconsumermanagement/v1/lib/src/lib.rs:2236:29
     |
2236 |         pub content: Option<String>,
     |                             ^^^^^^ unexpected type argument

error[E0107]: wrong number of type arguments: expected 0, found 1
    --> serviceconsumermanagement/v1/lib/src/lib.rs:2239:26
     |
2239 |         pub name: Option<String>,
     |                          ^^^^^^ unexpected type argument

error[E0107]: wrong number of type arguments: expected 0, found 1
    --> serviceconsumermanagement/v1/lib/src/lib.rs:2242:30
     |
2242 |         pub subpages: Option<Vec<crate::schemas::Page>>,
     |                              ^^^^^^^^^^^^^^^^^^^^^^^^^ unexpected type argument

error[E0107]: wrong number of type arguments: expected 0, found 1
    --> serviceconsumermanagement/v1/lib/src/lib.rs:2269:29
     |
2269 |         pub members: Option<Vec<String>>,
     |                             ^^^^^^^^^^^ unexpected type argument

error[E0107]: wrong number of type arguments: expected 0, found 1
    --> serviceconsumermanagement/v1/lib/src/lib.rs:2272:26
     |
2272 |         pub role: Option<String>,
     |                          ^^^^^^ unexpected type argument

error[E0107]: wrong number of type arguments: expected 0, found 1
    --> serviceconsumermanagement/v1/lib/src/lib.rs:2299:28
     |
2299 |         pub limits: Option<Vec<crate::schemas::QuotaLimit>>,
     |                            ^^^^^^^^^^^^^^^^^^^^^^^^^^^^^^^ unexpected type argument

error[E0107]: wrong number of type arguments: expected 0, found 1
    --> serviceconsumermanagement/v1/lib/src/lib.rs:2302:34
     |
2302 |         pub metric_rules: Option<Vec<crate::schemas::MetricRule>>,
     |                                  ^^^^^^^^^^^^^^^^^^^^^^^^^^^^^^^ unexpected type argument

error[E0107]: wrong number of type arguments: expected 0, found 1
    --> serviceconsumermanagement/v1/lib/src/lib.rs:2330:35
     |
2330 |         pub default_limit: Option<i64>,
     |                                   ^^^ unexpected type argument

error[E0107]: wrong number of type arguments: expected 0, found 1
    --> serviceconsumermanagement/v1/lib/src/lib.rs:2333:33
     |
2333 |         pub description: Option<String>,
     |                                 ^^^^^^ unexpected type argument

error[E0107]: wrong number of type arguments: expected 0, found 1
    --> serviceconsumermanagement/v1/lib/src/lib.rs:2336:34
     |
2336 |         pub display_name: Option<String>,
     |                                  ^^^^^^ unexpected type argument

error[E0107]: wrong number of type arguments: expected 0, found 1
    --> serviceconsumermanagement/v1/lib/src/lib.rs:2339:30
     |
2339 |         pub duration: Option<String>,
     |                              ^^^^^^ unexpected type argument

error[E0107]: wrong number of type arguments: expected 0, found 1
    --> serviceconsumermanagement/v1/lib/src/lib.rs:2343:31
     |
2343 |         pub free_tier: Option<i64>,
     |                               ^^^ unexpected type argument

error[E0107]: wrong number of type arguments: expected 0, found 1
    --> serviceconsumermanagement/v1/lib/src/lib.rs:2347:31
     |
2347 |         pub max_limit: Option<i64>,
     |                               ^^^ unexpected type argument

error[E0107]: wrong number of type arguments: expected 0, found 1
    --> serviceconsumermanagement/v1/lib/src/lib.rs:2350:28
     |
2350 |         pub metric: Option<String>,
     |                            ^^^^^^ unexpected type argument

error[E0107]: wrong number of type arguments: expected 0, found 1
    --> serviceconsumermanagement/v1/lib/src/lib.rs:2353:26
     |
2353 |         pub name: Option<String>,
     |                          ^^^^^^ unexpected type argument

error[E0107]: wrong number of type arguments: expected 0, found 1
    --> serviceconsumermanagement/v1/lib/src/lib.rs:2356:26
     |
2356 |         pub unit: Option<String>,
     |                          ^^^^^^ unexpected type argument

error[E0107]: wrong number of type arguments: expected 0, found 1
    --> serviceconsumermanagement/v1/lib/src/lib.rs:2359:28
     |
2359 |         pub values: Option<::std::collections::BTreeMap<String, i64>>,
     |                            ^^^^^^^^^^^^^^^^^^^^^^^^^^^^^^^^^^^^^^^^^ unexpected type argument

error[E0107]: wrong number of type arguments: expected 0, found 1
    --> serviceconsumermanagement/v1/lib/src/lib.rs:2386:25
     |
2386 |         pub tag: Option<String>,
     |                         ^^^^^^ unexpected type argument

error[E0107]: wrong number of type arguments: expected 0, found 1
    --> serviceconsumermanagement/v1/lib/src/lib.rs:2413:37
     |
2413 |         pub next_page_token: Option<String>,
     |                                     ^^^^^^ unexpected type argument

error[E0107]: wrong number of type arguments: expected 0, found 1
    --> serviceconsumermanagement/v1/lib/src/lib.rs:2416:35
     |
2416 |         pub tenancy_units: Option<Vec<crate::schemas::TenancyUnit>>,
     |                                   ^^^^^^^^^^^^^^^^^^^^^^^^^^^^^^^^ unexpected type argument

error[E0107]: wrong number of type arguments: expected 0, found 1
    --> serviceconsumermanagement/v1/lib/src/lib.rs:2432:26
     |
2432 |         pub apis: Option<Vec<crate::schemas::Api>>,
     |                          ^^^^^^^^^^^^^^^^^^^^^^^^ unexpected type argument

error[E0107]: wrong number of type arguments: expected 0, found 1
    --> serviceconsumermanagement/v1/lib/src/lib.rs:2435:36
     |
2435 |         pub authentication: Option<crate::schemas::Authentication>,
     |                                    ^^^^^^^^^^^^^^^^^^^^^^^^^^^^^^ unexpected type argument

error[E0107]: wrong number of type arguments: expected 0, found 1
    --> serviceconsumermanagement/v1/lib/src/lib.rs:2438:29
     |
2438 |         pub backend: Option<crate::schemas::Backend>,
     |                             ^^^^^^^^^^^^^^^^^^^^^^^ unexpected type argument

error[E0107]: wrong number of type arguments: expected 0, found 1
    --> serviceconsumermanagement/v1/lib/src/lib.rs:2441:29
     |
2441 |         pub billing: Option<crate::schemas::Billing>,
     |                             ^^^^^^^^^^^^^^^^^^^^^^^ unexpected type argument

error[E0107]: wrong number of type arguments: expected 0, found 1
    --> serviceconsumermanagement/v1/lib/src/lib.rs:2444:36
     |
2444 |         pub config_version: Option<u32>,
     |                                    ^^^ unexpected type argument

error[E0107]: wrong number of type arguments: expected 0, found 1
    --> serviceconsumermanagement/v1/lib/src/lib.rs:2447:29
     |
2447 |         pub context: Option<crate::schemas::Context>,
     |                             ^^^^^^^^^^^^^^^^^^^^^^^ unexpected type argument

error[E0107]: wrong number of type arguments: expected 0, found 1
    --> serviceconsumermanagement/v1/lib/src/lib.rs:2450:29
     |
2450 |         pub control: Option<crate::schemas::Control>,
     |                             ^^^^^^^^^^^^^^^^^^^^^^^ unexpected type argument

error[E0107]: wrong number of type arguments: expected 0, found 1
    --> serviceconsumermanagement/v1/lib/src/lib.rs:2453:34
     |
2453 |         pub custom_error: Option<crate::schemas::CustomError>,
     |                                  ^^^^^^^^^^^^^^^^^^^^^^^^^^^ unexpected type argument

error[E0107]: wrong number of type arguments: expected 0, found 1
    --> serviceconsumermanagement/v1/lib/src/lib.rs:2456:35
     |
2456 |         pub documentation: Option<crate::schemas::Documentation>,
     |                                   ^^^^^^^^^^^^^^^^^^^^^^^^^^^^^ unexpected type argument

error[E0107]: wrong number of type arguments: expected 0, found 1
    --> serviceconsumermanagement/v1/lib/src/lib.rs:2459:31
     |
2459 |         pub endpoints: Option<Vec<crate::schemas::Endpoint>>,
     |                               ^^^^^^^^^^^^^^^^^^^^^^^^^^^^^ unexpected type argument

error[E0107]: wrong number of type arguments: expected 0, found 1
    --> serviceconsumermanagement/v1/lib/src/lib.rs:2462:27
     |
2462 |         pub enums: Option<Vec<crate::schemas::Enum>>,
     |                           ^^^^^^^^^^^^^^^^^^^^^^^^^ unexpected type argument

error[E0107]: wrong number of type arguments: expected 0, found 1
    --> serviceconsumermanagement/v1/lib/src/lib.rs:2465:26
     |
2465 |         pub http: Option<crate::schemas::Http>,
     |                          ^^^^^^^^^^^^^^^^^^^^ unexpected type argument

error[E0107]: wrong number of type arguments: expected 0, found 1
    --> serviceconsumermanagement/v1/lib/src/lib.rs:2468:24
     |
2468 |         pub id: Option<String>,
     |                        ^^^^^^ unexpected type argument

error[E0107]: wrong number of type arguments: expected 0, found 1
    --> serviceconsumermanagement/v1/lib/src/lib.rs:2471:29
     |
2471 |         pub logging: Option<crate::schemas::Logging>,
     |                             ^^^^^^^^^^^^^^^^^^^^^^^ unexpected type argument

error[E0107]: wrong number of type arguments: expected 0, found 1
    --> serviceconsumermanagement/v1/lib/src/lib.rs:2474:26
     |
2474 |         pub logs: Option<Vec<crate::schemas::LogDescriptor>>,
     |                          ^^^^^^^^^^^^^^^^^^^^^^^^^^^^^^^^^^ unexpected type argument

error[E0107]: wrong number of type arguments: expected 0, found 1
    --> serviceconsumermanagement/v1/lib/src/lib.rs:2477:29
     |
2477 |         pub metrics: Option<Vec<crate::schemas::MetricDescriptor>>,
     |                             ^^^^^^^^^^^^^^^^^^^^^^^^^^^^^^^^^^^^^ unexpected type argument

error[E0107]: wrong number of type arguments: expected 0, found 1
    --> serviceconsumermanagement/v1/lib/src/lib.rs:2480:41
     |
2480 |         pub monitored_resources: Option<Vec<crate::schemas::MonitoredResourceDescriptor>>,
     |                                         ^^^^^^^^^^^^^^^^^^^^^^^^^^^^^^^^^^^^^^^^^^^^^^^^ unexpected type argument

error[E0107]: wrong number of type arguments: expected 0, found 1
    --> serviceconsumermanagement/v1/lib/src/lib.rs:2483:32
     |
2483 |         pub monitoring: Option<crate::schemas::Monitoring>,
     |                                ^^^^^^^^^^^^^^^^^^^^^^^^^^ unexpected type argument

error[E0107]: wrong number of type arguments: expected 0, found 1
    --> serviceconsumermanagement/v1/lib/src/lib.rs:2486:26
     |
2486 |         pub name: Option<String>,
     |                          ^^^^^^ unexpected type argument

error[E0107]: wrong number of type arguments: expected 0, found 1
    --> serviceconsumermanagement/v1/lib/src/lib.rs:2489:41
     |
2489 |         pub producer_project_id: Option<String>,
     |                                         ^^^^^^ unexpected type argument

error[E0107]: wrong number of type arguments: expected 0, found 1
    --> serviceconsumermanagement/v1/lib/src/lib.rs:2492:27
     |
2492 |         pub quota: Option<crate::schemas::Quota>,
     |                           ^^^^^^^^^^^^^^^^^^^^^ unexpected type argument

error[E0107]: wrong number of type arguments: expected 0, found 1
    --> serviceconsumermanagement/v1/lib/src/lib.rs:2495:33
     |
2495 |         pub source_info: Option<crate::schemas::SourceInfo>,
     |                                 ^^^^^^^^^^^^^^^^^^^^^^^^^^ unexpected type argument

error[E0107]: wrong number of type arguments: expected 0, found 1
    --> serviceconsumermanagement/v1/lib/src/lib.rs:2498:39
     |
2498 |         pub system_parameters: Option<crate::schemas::SystemParameters>,
     |                                       ^^^^^^^^^^^^^^^^^^^^^^^^^^^^^^^^ unexpected type argument

error[E0107]: wrong number of type arguments: expected 0, found 1
    --> serviceconsumermanagement/v1/lib/src/lib.rs:2501:34
     |
2501 |         pub system_types: Option<Vec<crate::schemas::Type>>,
     |                                  ^^^^^^^^^^^^^^^^^^^^^^^^^ unexpected type argument

error[E0107]: wrong number of type arguments: expected 0, found 1
    --> serviceconsumermanagement/v1/lib/src/lib.rs:2504:27
     |
2504 |         pub title: Option<String>,
     |                           ^^^^^^ unexpected type argument

error[E0107]: wrong number of type arguments: expected 0, found 1
    --> serviceconsumermanagement/v1/lib/src/lib.rs:2507:27
     |
2507 |         pub types: Option<Vec<crate::schemas::Type>>,
     |                           ^^^^^^^^^^^^^^^^^^^^^^^^^ unexpected type argument

error[E0107]: wrong number of type arguments: expected 0, found 1
    --> serviceconsumermanagement/v1/lib/src/lib.rs:2510:27
     |
2510 |         pub usage: Option<crate::schemas::Usage>,
     |                           ^^^^^^^^^^^^^^^^^^^^^ unexpected type argument

error[E0107]: wrong number of type arguments: expected 0, found 1
    --> serviceconsumermanagement/v1/lib/src/lib.rs:2537:32
     |
2537 |         pub account_id: Option<String>,
     |                                ^^^^^^ unexpected type argument

error[E0107]: wrong number of type arguments: expected 0, found 1
    --> serviceconsumermanagement/v1/lib/src/lib.rs:2540:42
     |
2540 |         pub tenant_project_roles: Option<Vec<String>>,
     |                                          ^^^^^^^^^^^ unexpected type argument

error[E0107]: wrong number of type arguments: expected 0, found 1
    --> serviceconsumermanagement/v1/lib/src/lib.rs:2567:31
     |
2567 |         pub file_name: Option<String>,
     |                               ^^^^^^ unexpected type argument

error[E0107]: wrong number of type arguments: expected 0, found 1
    --> serviceconsumermanagement/v1/lib/src/lib.rs:2583:34
     |
2583 |         pub source_files: Option<Vec<::std::collections::BTreeMap<String, ::serde_json::Value>>>,
     |                                  ^^^^^^^^^^^^^^^^^^^^^^^^^^^^^^^^^^^^^^^^^^^^^^^^^^^^^^^^^^^^^^ unexpected type argument

error[E0107]: wrong number of type arguments: expected 0, found 1
    --> serviceconsumermanagement/v1/lib/src/lib.rs:2599:26
     |
2599 |         pub code: Option<i32>,
     |                          ^^^ unexpected type argument

error[E0107]: wrong number of type arguments: expected 0, found 1
    --> serviceconsumermanagement/v1/lib/src/lib.rs:2602:29
     |
2602 |         pub details: Option<Vec<::std::collections::BTreeMap<String, ::serde_json::Value>>>,
     |                             ^^^^^^^^^^^^^^^^^^^^^^^^^^^^^^^^^^^^^^^^^^^^^^^^^^^^^^^^^^^^^^ unexpected type argument

error[E0107]: wrong number of type arguments: expected 0, found 1
    --> serviceconsumermanagement/v1/lib/src/lib.rs:2605:29
     |
2605 |         pub message: Option<String>,
     |                             ^^^^^^ unexpected type argument

error[E0107]: wrong number of type arguments: expected 0, found 1
    --> serviceconsumermanagement/v1/lib/src/lib.rs:2632:33
     |
2632 |         pub http_header: Option<String>,
     |                                 ^^^^^^ unexpected type argument

error[E0107]: wrong number of type arguments: expected 0, found 1
    --> serviceconsumermanagement/v1/lib/src/lib.rs:2635:26
     |
2635 |         pub name: Option<String>,
     |                          ^^^^^^ unexpected type argument

error[E0107]: wrong number of type arguments: expected 0, found 1
    --> serviceconsumermanagement/v1/lib/src/lib.rs:2638:41
     |
2638 |         pub url_query_parameter: Option<String>,
     |                                         ^^^^^^ unexpected type argument

error[E0107]: wrong number of type arguments: expected 0, found 1
    --> serviceconsumermanagement/v1/lib/src/lib.rs:2665:32
     |
2665 |         pub parameters: Option<Vec<crate::schemas::SystemParameter>>,
     |                                ^^^^^^^^^^^^^^^^^^^^^^^^^^^^^^^^^^^^ unexpected type argument

error[E0107]: wrong number of type arguments: expected 0, found 1
    --> serviceconsumermanagement/v1/lib/src/lib.rs:2668:30
     |
2668 |         pub selector: Option<String>,
     |                              ^^^^^^ unexpected type argument

error[E0107]: wrong number of type arguments: expected 0, found 1
    --> serviceconsumermanagement/v1/lib/src/lib.rs:2695:27
     |
2695 |         pub rules: Option<Vec<crate::schemas::SystemParameterRule>>,
     |                           ^^^^^^^^^^^^^^^^^^^^^^^^^^^^^^^^^^^^^^^^ unexpected type argument

error[E0107]: wrong number of type arguments: expected 0, found 1
    --> serviceconsumermanagement/v1/lib/src/lib.rs:2722:30
     |
2722 |         pub consumer: Option<String>,
     |                              ^^^^^^ unexpected type argument

error[E0107]: wrong number of type arguments: expected 0, found 1
    --> serviceconsumermanagement/v1/lib/src/lib.rs:2725:33
     |
2725 |         pub create_time: Option<String>,
     |                                 ^^^^^^ unexpected type argument

error[E0107]: wrong number of type arguments: expected 0, found 1
    --> serviceconsumermanagement/v1/lib/src/lib.rs:2728:26
     |
2728 |         pub name: Option<String>,
     |                          ^^^^^^ unexpected type argument

error[E0107]: wrong number of type arguments: expected 0, found 1
    --> serviceconsumermanagement/v1/lib/src/lib.rs:2731:29
     |
2731 |         pub service: Option<String>,
     |                             ^^^^^^ unexpected type argument

error[E0107]: wrong number of type arguments: expected 0, found 1
    --> serviceconsumermanagement/v1/lib/src/lib.rs:2734:38
     |
2734 |         pub tenant_resources: Option<Vec<crate::schemas::TenantResource>>,
     |                                      ^^^^^^^^^^^^^^^^^^^^^^^^^^^^^^^^^^^ unexpected type argument

error[E0107]: wrong number of type arguments: expected 0, found 1
    --> serviceconsumermanagement/v1/lib/src/lib.rs:2761:36
     |
2761 |         pub billing_config: Option<crate::schemas::BillingConfig>,
     |                                    ^^^^^^^^^^^^^^^^^^^^^^^^^^^^^ unexpected type argument

error[E0107]: wrong number of type arguments: expected 0, found 1
    --> serviceconsumermanagement/v1/lib/src/lib.rs:2764:28
     |
2764 |         pub folder: Option<String>,
     |                            ^^^^^^ unexpected type argument

error[E0107]: wrong number of type arguments: expected 0, found 1
    --> serviceconsumermanagement/v1/lib/src/lib.rs:2767:28
     |
2767 |         pub labels: Option<::std::collections::BTreeMap<String, String>>,
     |                            ^^^^^^^^^^^^^^^^^^^^^^^^^^^^^^^^^^^^^^^^^^^^ unexpected type argument

error[E0107]: wrong number of type arguments: expected 0, found 1
    --> serviceconsumermanagement/v1/lib/src/lib.rs:2770:44
     |
2770 |         pub service_account_config: Option<crate::schemas::ServiceAccountConfig>,
     |                                            ^^^^^^^^^^^^^^^^^^^^^^^^^^^^^^^^^^^^ unexpected type argument

error[E0107]: wrong number of type arguments: expected 0, found 1
    --> serviceconsumermanagement/v1/lib/src/lib.rs:2773:30
     |
2773 |         pub services: Option<Vec<String>>,
     |                              ^^^^^^^^^^^ unexpected type argument

error[E0107]: wrong number of type arguments: expected 0, found 1
    --> serviceconsumermanagement/v1/lib/src/lib.rs:2776:43
     |
2776 |         pub tenant_project_policy: Option<crate::schemas::TenantProjectPolicy>,
     |                                           ^^^^^^^^^^^^^^^^^^^^^^^^^^^^^^^^^^^ unexpected type argument

error[E0107]: wrong number of type arguments: expected 0, found 1
    --> serviceconsumermanagement/v1/lib/src/lib.rs:2803:37
     |
2803 |         pub policy_bindings: Option<Vec<crate::schemas::PolicyBinding>>,
     |                                     ^^^^^^^^^^^^^^^^^^^^^^^^^^^^^^^^^^ unexpected type argument

error[E0107]: wrong number of type arguments: expected 0, found 1
    --> serviceconsumermanagement/v1/lib/src/lib.rs:2892:30
     |
2892 |         pub resource: Option<String>,
     |                              ^^^^^^ unexpected type argument

error[E0107]: wrong number of type arguments: expected 0, found 1
    --> serviceconsumermanagement/v1/lib/src/lib.rs:2895:28
     |
2895 |         pub status: Option<crate::schemas::TenantResourceStatus>,
     |                            ^^^^^^^^^^^^^^^^^^^^^^^^^^^^^^^^^^^^ unexpected type argument

error[E0107]: wrong number of type arguments: expected 0, found 1
    --> serviceconsumermanagement/v1/lib/src/lib.rs:2898:25
     |
2898 |         pub tag: Option<String>,
     |                         ^^^^^^ unexpected type argument

error[E0107]: wrong number of type arguments: expected 0, found 1
    --> serviceconsumermanagement/v1/lib/src/lib.rs:2960:28
     |
2960 |         pub fields: Option<Vec<crate::schemas::Field>>,
     |                            ^^^^^^^^^^^^^^^^^^^^^^^^^^ unexpected type argument

error[E0107]: wrong number of type arguments: expected 0, found 1
    --> serviceconsumermanagement/v1/lib/src/lib.rs:2963:26
     |
2963 |         pub name: Option<String>,
     |                          ^^^^^^ unexpected type argument

error[E0107]: wrong number of type arguments: expected 0, found 1
    --> serviceconsumermanagement/v1/lib/src/lib.rs:2966:28
     |
2966 |         pub oneofs: Option<Vec<String>>,
     |                            ^^^^^^^^^^^ unexpected type argument

error[E0107]: wrong number of type arguments: expected 0, found 1
    --> serviceconsumermanagement/v1/lib/src/lib.rs:2969:29
     |
2969 |         pub options: Option<Vec<crate::schemas::Option>>,
     |                             ^^^^^^^^^^^^^^^^^^^^^^^^^^^ unexpected type argument

error[E0107]: wrong number of type arguments: expected 0, found 1
    --> serviceconsumermanagement/v1/lib/src/lib.rs:2972:36
     |
2972 |         pub source_context: Option<crate::schemas::SourceContext>,
     |                                    ^^^^^^^^^^^^^^^^^^^^^^^^^^^^^ unexpected type argument

error[E0107]: wrong number of type arguments: expected 0, found 1
    --> serviceconsumermanagement/v1/lib/src/lib.rs:2975:28
     |
2975 |         pub syntax: Option<crate::schemas::TypeSyntax>,
     |                            ^^^^^^^^^^^^^^^^^^^^^^^^^^ unexpected type argument

error[E0107]: wrong number of type arguments: expected 0, found 1
    --> serviceconsumermanagement/v1/lib/src/lib.rs:3002:25
     |
3002 |         pub tag: Option<String>,
     |                         ^^^^^^ unexpected type argument

error[E0107]: wrong number of type arguments: expected 0, found 1
    --> serviceconsumermanagement/v1/lib/src/lib.rs:3029:51
     |
3029 |         pub producer_notification_channel: Option<String>,
     |                                                   ^^^^^^ unexpected type argument

error[E0107]: wrong number of type arguments: expected 0, found 1
    --> serviceconsumermanagement/v1/lib/src/lib.rs:3032:34
     |
3032 |         pub requirements: Option<Vec<String>>,
     |                                  ^^^^^^^^^^^ unexpected type argument

error[E0107]: wrong number of type arguments: expected 0, found 1
    --> serviceconsumermanagement/v1/lib/src/lib.rs:3035:27
     |
3035 |         pub rules: Option<Vec<crate::schemas::UsageRule>>,
     |                           ^^^^^^^^^^^^^^^^^^^^^^^^^^^^^^ unexpected type argument

error[E0107]: wrong number of type arguments: expected 0, found 1
    --> serviceconsumermanagement/v1/lib/src/lib.rs:3062:46
     |
3062 |         pub allow_unregistered_calls: Option<bool>,
     |                                              ^^^^ unexpected type argument

error[E0107]: wrong number of type arguments: expected 0, found 1
    --> serviceconsumermanagement/v1/lib/src/lib.rs:3065:30
     |
3065 |         pub selector: Option<String>,
     |                              ^^^^^^ unexpected type argument

error[E0107]: wrong number of type arguments: expected 0, found 1
    --> serviceconsumermanagement/v1/lib/src/lib.rs:3068:42
     |
3068 |         pub skip_service_control: Option<bool>,
     |                                          ^^^^ unexpected type argument

error[E0107]: wrong number of type arguments: expected 0, found 1
    --> serviceconsumermanagement/v1/lib/src/lib.rs:3095:28
     |
3095 |         pub labels: Option<Vec<String>>,
     |                            ^^^^^^^^^^^ unexpected type argument

error[E0107]: wrong number of type arguments: expected 0, found 1
    --> serviceconsumermanagement/v1/lib/src/lib.rs:3122:31
     |
3122 |         pub overrides: Option<Vec<crate::schemas::V1Beta1QuotaOverride>>,
     |                               ^^^^^^^^^^^^^^^^^^^^^^^^^^^^^^^^^^^^^^^^^ unexpected type argument

error[E0107]: wrong number of type arguments: expected 0, found 1
    --> serviceconsumermanagement/v1/lib/src/lib.rs:3183:31
     |
3183 |         pub overrides: Option<Vec<crate::schemas::V1Beta1QuotaOverride>>,
     |                               ^^^^^^^^^^^^^^^^^^^^^^^^^^^^^^^^^^^^^^^^^ unexpected type argument

error[E0107]: wrong number of type arguments: expected 0, found 1
    --> serviceconsumermanagement/v1/lib/src/lib.rs:3210:32
     |
3210 |         pub dimensions: Option<::std::collections::BTreeMap<String, String>>,
     |                                ^^^^^^^^^^^^^^^^^^^^^^^^^^^^^^^^^^^^^^^^^^^^ unexpected type argument

error[E0107]: wrong number of type arguments: expected 0, found 1
    --> serviceconsumermanagement/v1/lib/src/lib.rs:3213:28
     |
3213 |         pub metric: Option<String>,
     |                            ^^^^^^ unexpected type argument

error[E0107]: wrong number of type arguments: expected 0, found 1
    --> serviceconsumermanagement/v1/lib/src/lib.rs:3216:26
     |
3216 |         pub name: Option<String>,
     |                          ^^^^^^ unexpected type argument

error[E0107]: wrong number of type arguments: expected 0, found 1
    --> serviceconsumermanagement/v1/lib/src/lib.rs:3220:36
     |
3220 |         pub override_value: Option<i64>,
     |                                    ^^^ unexpected type argument

error[E0107]: wrong number of type arguments: expected 0, found 1
    --> serviceconsumermanagement/v1/lib/src/lib.rs:3223:26
     |
3223 |         pub unit: Option<String>,
     |                          ^^^^^^ unexpected type argument

error[E0107]: wrong number of type arguments: expected 0, found 1
    --> serviceconsumermanagement/v1/lib/src/lib.rs:3301:29
     |
3301 |         pub account: Option<crate::schemas::V1ServiceAccount>,
     |                             ^^^^^^^^^^^^^^^^^^^^^^^^^^^^^^^^ unexpected type argument

error[E0107]: wrong number of type arguments: expected 0, found 1
    --> serviceconsumermanagement/v1/lib/src/lib.rs:3345:28
     |
3345 |         pub labels: Option<Vec<String>>,
     |                            ^^^^^^^^^^^ unexpected type argument

error[E0107]: wrong number of type arguments: expected 0, found 1
    --> serviceconsumermanagement/v1/lib/src/lib.rs:3372:27
     |
3372 |         pub email: Option<String>,
     |                           ^^^^^^ unexpected type argument

error[E0107]: wrong number of type arguments: expected 0, found 1
    --> serviceconsumermanagement/v1/lib/src/lib.rs:3375:38
     |
3375 |         pub iam_account_name: Option<String>,
     |                                      ^^^^^^ unexpected type argument

error[E0107]: wrong number of type arguments: expected 0, found 1
    --> serviceconsumermanagement/v1/lib/src/lib.rs:3378:26
     |
3378 |         pub name: Option<String>,
     |                          ^^^^^^ unexpected type argument

error[E0107]: wrong number of type arguments: expected 0, found 1
    --> serviceconsumermanagement/v1/lib/src/lib.rs:3381:25
     |
3381 |         pub tag: Option<String>,
     |                         ^^^^^^ unexpected type argument

error[E0107]: wrong number of type arguments: expected 0, found 1
    --> serviceconsumermanagement/v1/lib/src/lib.rs:3384:31
     |
3384 |         pub unique_id: Option<String>,
     |                               ^^^^^^ unexpected type argument

error: aborting due to 258 previous errors

For more information about this error, try `rustc --explain E0107`.
error: Could not compile `google-serviceconsumermanagement1`.

To learn more, run the command again with --verbose.
