    Blocking waiting for file lock on build directory
    Checking google-androidpublisher3 v0.1.0 (/Users/sthiel/dev/google-apis/generated/gen/androidpublisher/v3/lib)
error[E0433]: failed to resolve: unresolved import
    --> gen/androidpublisher/v3/lib/src/lib.rs:3566:52
     |
3566 |                 deobfuscation_file_type : crate :: deobfuscationfiles :: params :: UploadDeobfuscationFileType,
     |                                                    ^^^^^^^^^^^^^^^^^^
     |                                                    |
     |                                                    unresolved import
     |                                                    help: a similar path exists: `crate::edits::deobfuscationfiles`

error[E0433]: failed to resolve: unresolved import
    --> gen/androidpublisher/v3/lib/src/lib.rs:3592:45
     |
3592 |             deobfuscation_file_type: crate::deobfuscationfiles::params::UploadDeobfuscationFileType,
     |                                             ^^^^^^^^^^^^^^^^^^
     |                                             |
     |                                             unresolved import
     |                                             help: a similar path exists: `crate::edits::deobfuscationfiles`

error[E0433]: failed to resolve: unresolved import
    --> gen/androidpublisher/v3/lib/src/lib.rs:4369:45
     |
4369 |                 expansion_file_type: crate::expansionfiles::params::GetExpansionFileType,
     |                                             ^^^^^^^^^^^^^^
     |                                             |
     |                                             unresolved import
     |                                             help: a similar path exists: `crate::edits::expansionfiles`

error[E0433]: failed to resolve: unresolved import
    --> gen/androidpublisher/v3/lib/src/lib.rs:4394:45
     |
4394 |                 expansion_file_type: crate::expansionfiles::params::PatchExpansionFileType,
     |                                             ^^^^^^^^^^^^^^
     |                                             |
     |                                             unresolved import
     |                                             help: a similar path exists: `crate::edits::expansionfiles`

error[E0433]: failed to resolve: unresolved import
    --> gen/androidpublisher/v3/lib/src/lib.rs:4420:45
     |
4420 |                 expansion_file_type: crate::expansionfiles::params::UpdateExpansionFileType,
     |                                             ^^^^^^^^^^^^^^
     |                                             |
     |                                             unresolved import
     |                                             help: a similar path exists: `crate::edits::expansionfiles`

error[E0433]: failed to resolve: unresolved import
    --> gen/androidpublisher/v3/lib/src/lib.rs:4445:45
     |
4445 |                 expansion_file_type: crate::expansionfiles::params::UploadExpansionFileType,
     |                                             ^^^^^^^^^^^^^^
     |                                             |
     |                                             unresolved import
     |                                             help: a similar path exists: `crate::edits::expansionfiles`

error[E0433]: failed to resolve: unresolved import
    --> gen/androidpublisher/v3/lib/src/lib.rs:4471:41
     |
4471 |             expansion_file_type: crate::expansionfiles::params::GetExpansionFileType,
     |                                         ^^^^^^^^^^^^^^
     |                                         |
     |                                         unresolved import
     |                                         help: a similar path exists: `crate::edits::expansionfiles`

error[E0433]: failed to resolve: unresolved import
    --> gen/androidpublisher/v3/lib/src/lib.rs:4586:41
     |
4586 |             expansion_file_type: crate::expansionfiles::params::PatchExpansionFileType,
     |                                         ^^^^^^^^^^^^^^
     |                                         |
     |                                         unresolved import
     |                                         help: a similar path exists: `crate::edits::expansionfiles`

error[E0433]: failed to resolve: unresolved import
    --> gen/androidpublisher/v3/lib/src/lib.rs:4703:41
     |
4703 |             expansion_file_type: crate::expansionfiles::params::UpdateExpansionFileType,
     |                                         ^^^^^^^^^^^^^^
     |                                         |
     |                                         unresolved import
     |                                         help: a similar path exists: `crate::edits::expansionfiles`

error[E0433]: failed to resolve: unresolved import
    --> gen/androidpublisher/v3/lib/src/lib.rs:4819:41
     |
4819 |             expansion_file_type: crate::expansionfiles::params::UploadExpansionFileType,
     |                                         ^^^^^^^^^^^^^^
     |                                         |
     |                                         unresolved import
     |                                         help: a similar path exists: `crate::edits::expansionfiles`

error[E0433]: failed to resolve: unresolved import
    --> gen/androidpublisher/v3/lib/src/lib.rs:5290:36
     |
5290 |                 image_type: crate::images::params::DeleteImageType,
     |                                    ^^^^^^
     |                                    |
     |                                    unresolved import
     |                                    help: a similar path exists: `crate::edits::images`

error[E0433]: failed to resolve: unresolved import
    --> gen/androidpublisher/v3/lib/src/lib.rs:5316:36
     |
5316 |                 image_type: crate::images::params::DeleteallImageType,
     |                                    ^^^^^^
     |                                    |
     |                                    unresolved import
     |                                    help: a similar path exists: `crate::edits::images`

error[E0433]: failed to resolve: unresolved import
    --> gen/androidpublisher/v3/lib/src/lib.rs:5340:36
     |
5340 |                 image_type: crate::images::params::ListImageType,
     |                                    ^^^^^^
     |                                    |
     |                                    unresolved import
     |                                    help: a similar path exists: `crate::edits::images`

error[E0433]: failed to resolve: unresolved import
    --> gen/androidpublisher/v3/lib/src/lib.rs:5364:36
     |
5364 |                 image_type: crate::images::params::UploadImageType,
     |                                    ^^^^^^
     |                                    |
     |                                    unresolved import
     |                                    help: a similar path exists: `crate::edits::images`

error[E0433]: failed to resolve: unresolved import
    --> gen/androidpublisher/v3/lib/src/lib.rs:5390:32
     |
5390 |             image_type: crate::images::params::DeleteImageType,
     |                                ^^^^^^
     |                                |
     |                                unresolved import
     |                                help: a similar path exists: `crate::edits::images`

error[E0433]: failed to resolve: unresolved import
    --> gen/androidpublisher/v3/lib/src/lib.rs:5483:32
     |
5483 |             image_type: crate::images::params::DeleteallImageType,
     |                                ^^^^^^
     |                                |
     |                                unresolved import
     |                                help: a similar path exists: `crate::edits::images`

error[E0433]: failed to resolve: unresolved import
    --> gen/androidpublisher/v3/lib/src/lib.rs:5595:32
     |
5595 |             image_type: crate::images::params::ListImageType,
     |                                ^^^^^^
     |                                |
     |                                unresolved import
     |                                help: a similar path exists: `crate::edits::images`

error[E0433]: failed to resolve: unresolved import
    --> gen/androidpublisher/v3/lib/src/lib.rs:5707:32
     |
5707 |             image_type: crate::images::params::UploadImageType,
     |                                ^^^^^^
     |                                |
     |                                unresolved import
     |                                help: a similar path exists: `crate::edits::images`

error[E0423]: expected value, found struct `apks::ApksActions`
    --> gen/androidpublisher/v3/lib/src/lib.rs:2192:13
     |
2192 |             apks::ApksActions
     |             ^^^^^^^^^^^^^^^^^ did you mean `apks::ApksActions { /* fields */ }`?

error[E0423]: expected value, found struct `bundles::BundlesActions`
    --> gen/androidpublisher/v3/lib/src/lib.rs:2196:13
     |
2196 |             bundles::BundlesActions
     |             ^^^^^^^^^^^^^^^^^^^^^^^ did you mean `bundles::BundlesActions { /* fields */ }`?

error[E0423]: expected value, found struct `deobfuscationfiles::DeobfuscationfilesActions`
    --> gen/androidpublisher/v3/lib/src/lib.rs:2200:13
     |
2200 |             deobfuscationfiles::DeobfuscationfilesActions
     |             ^^^^^^^^^^^^^^^^^^^^^^^^^^^^^^^^^^^^^^^^^^^^^ did you mean `deobfuscationfiles::DeobfuscationfilesActions { /* fields */ }`?

error[E0423]: expected value, found struct `details::DetailsActions`
    --> gen/androidpublisher/v3/lib/src/lib.rs:2204:13
     |
2204 |             details::DetailsActions
     |             ^^^^^^^^^^^^^^^^^^^^^^^ did you mean `details::DetailsActions { /* fields */ }`?

error[E0423]: expected value, found struct `expansionfiles::ExpansionfilesActions`
    --> gen/androidpublisher/v3/lib/src/lib.rs:2208:13
     |
2208 |             expansionfiles::ExpansionfilesActions
     |             ^^^^^^^^^^^^^^^^^^^^^^^^^^^^^^^^^^^^^ did you mean `expansionfiles::ExpansionfilesActions { /* fields */ }`?

error[E0423]: expected value, found struct `images::ImagesActions`
    --> gen/androidpublisher/v3/lib/src/lib.rs:2212:13
     |
2212 |             images::ImagesActions
     |             ^^^^^^^^^^^^^^^^^^^^^ did you mean `images::ImagesActions { /* fields */ }`?

error[E0423]: expected value, found struct `listings::ListingsActions`
    --> gen/androidpublisher/v3/lib/src/lib.rs:2216:13
     |
2216 |             listings::ListingsActions
     |             ^^^^^^^^^^^^^^^^^^^^^^^^^ did you mean `listings::ListingsActions { /* fields */ }`?

error[E0423]: expected value, found struct `testers::TestersActions`
    --> gen/androidpublisher/v3/lib/src/lib.rs:2220:13
     |
2220 |             testers::TestersActions
     |             ^^^^^^^^^^^^^^^^^^^^^^^ did you mean `testers::TestersActions { /* fields */ }`?

error[E0423]: expected value, found struct `tracks::TracksActions`
    --> gen/androidpublisher/v3/lib/src/lib.rs:2224:13
     |
2224 |             tracks::TracksActions
     |             ^^^^^^^^^^^^^^^^^^^^^ did you mean `tracks::TracksActions { /* fields */ }`?

error[E0423]: expected value, found struct `products::ProductsActions`
    --> gen/androidpublisher/v3/lib/src/lib.rs:8842:13
     |
8842 |             products::ProductsActions
     |             ^^^^^^^^^^^^^^^^^^^^^^^^^ did you mean `products::ProductsActions { /* fields */ }`?

error[E0423]: expected value, found struct `subscriptions::SubscriptionsActions`
    --> gen/androidpublisher/v3/lib/src/lib.rs:8846:13
     |
8846 |             subscriptions::SubscriptionsActions
     |             ^^^^^^^^^^^^^^^^^^^^^^^^^^^^^^^^^^^ did you mean `subscriptions::SubscriptionsActions { /* fields */ }`?

error[E0423]: expected value, found struct `voidedpurchases::VoidedpurchasesActions`
    --> gen/androidpublisher/v3/lib/src/lib.rs:8850:13
     |
8850 |             voidedpurchases::VoidedpurchasesActions
     |             ^^^^^^^^^^^^^^^^^^^^^^^^^^^^^^^^^^^^^^^ did you mean `voidedpurchases::VoidedpurchasesActions { /* fields */ }`?

error[E0609]: no field `request` on type `edits::apks::UploadRequestBuilder<'a, A>`
    --> gen/androidpublisher/v3/lib/src/lib.rs:3075:63
     |
3075 |                 let request_json = ::serde_json::to_vec(&self.request)?;
     |                                                               ^^^^^^^ help: a field with a similar name exists: `reqwest`

error[E0609]: no field `request` on type `edits::bundles::UploadRequestBuilder<'a, A>`
    --> gen/androidpublisher/v3/lib/src/lib.rs:3408:63
     |
3408 |                 let request_json = ::serde_json::to_vec(&self.request)?;
     |                                                               ^^^^^^^ help: a field with a similar name exists: `reqwest`

error[E0277]: the size for values of type `str` cannot be known at compilation time
    --> gen/androidpublisher/v3/lib/src/lib.rs:3650:25
     |
3650 |                     let str_value = self.deobfuscation_file_type.to_string();
     |                         ^^^^^^^^^ doesn't have a size known at compile-time
     |
     = help: the trait `std::marker::Sized` is not implemented for `str`
     = note: to learn more, visit <https://doc.rust-lang.org/book/ch19-04-advanced-types.html#dynamically-sized-types-and-the-sized-trait>
     = note: all local variables must have a statically known size
     = help: unsized locals are gated as an unstable feature

error[E0609]: no field `request` on type `edits::deobfuscationfiles::UploadRequestBuilder<'a, A>`
    --> gen/androidpublisher/v3/lib/src/lib.rs:3671:63
     |
3671 |                 let request_json = ::serde_json::to_vec(&self.request)?;
     |                                                               ^^^^^^^ help: a field with a similar name exists: `reqwest`

error[E0277]: the size for values of type `str` cannot be known at compilation time
    --> gen/androidpublisher/v3/lib/src/lib.rs:3697:25
     |
3697 |                     let str_value = self.deobfuscation_file_type.to_string();
     |                         ^^^^^^^^^ doesn't have a size known at compile-time
     |
     = help: the trait `std::marker::Sized` is not implemented for `str`
     = note: to learn more, visit <https://doc.rust-lang.org/book/ch19-04-advanced-types.html#dynamically-sized-types-and-the-sized-trait>
     = note: all local variables must have a statically known size
     = help: unsized locals are gated as an unstable feature

error[E0277]: the size for values of type `str` cannot be known at compilation time
    --> gen/androidpublisher/v3/lib/src/lib.rs:3767:25
     |
3767 |                     let str_value = self.deobfuscation_file_type.to_string();
     |                         ^^^^^^^^^ doesn't have a size known at compile-time
     |
     = help: the trait `std::marker::Sized` is not implemented for `str`
     = note: to learn more, visit <https://doc.rust-lang.org/book/ch19-04-advanced-types.html#dynamically-sized-types-and-the-sized-trait>
     = note: all local variables must have a statically known size
     = help: unsized locals are gated as an unstable feature

error[E0277]: the size for values of type `str` cannot be known at compilation time
    --> gen/androidpublisher/v3/lib/src/lib.rs:4555:25
     |
4555 |                     let str_value = self.expansion_file_type.to_string();
     |                         ^^^^^^^^^ doesn't have a size known at compile-time
     |
     = help: the trait `std::marker::Sized` is not implemented for `str`
     = note: to learn more, visit <https://doc.rust-lang.org/book/ch19-04-advanced-types.html#dynamically-sized-types-and-the-sized-trait>
     = note: all local variables must have a statically known size
     = help: unsized locals are gated as an unstable feature

error[E0277]: the size for values of type `str` cannot be known at compilation time
    --> gen/androidpublisher/v3/lib/src/lib.rs:4672:25
     |
4672 |                     let str_value = self.expansion_file_type.to_string();
     |                         ^^^^^^^^^ doesn't have a size known at compile-time
     |
     = help: the trait `std::marker::Sized` is not implemented for `str`
     = note: to learn more, visit <https://doc.rust-lang.org/book/ch19-04-advanced-types.html#dynamically-sized-types-and-the-sized-trait>
     = note: all local variables must have a statically known size
     = help: unsized locals are gated as an unstable feature

error[E0277]: the size for values of type `str` cannot be known at compilation time
    --> gen/androidpublisher/v3/lib/src/lib.rs:4789:25
     |
4789 |                     let str_value = self.expansion_file_type.to_string();
     |                         ^^^^^^^^^ doesn't have a size known at compile-time
     |
     = help: the trait `std::marker::Sized` is not implemented for `str`
     = note: to learn more, visit <https://doc.rust-lang.org/book/ch19-04-advanced-types.html#dynamically-sized-types-and-the-sized-trait>
     = note: all local variables must have a statically known size
     = help: unsized locals are gated as an unstable feature

error[E0277]: the size for values of type `str` cannot be known at compilation time
    --> gen/androidpublisher/v3/lib/src/lib.rs:4877:25
     |
4877 |                     let str_value = self.expansion_file_type.to_string();
     |                         ^^^^^^^^^ doesn't have a size known at compile-time
     |
     = help: the trait `std::marker::Sized` is not implemented for `str`
     = note: to learn more, visit <https://doc.rust-lang.org/book/ch19-04-advanced-types.html#dynamically-sized-types-and-the-sized-trait>
     = note: all local variables must have a statically known size
     = help: unsized locals are gated as an unstable feature

error[E0609]: no field `request` on type `edits::expansionfiles::UploadRequestBuilder<'a, A>`
    --> gen/androidpublisher/v3/lib/src/lib.rs:4898:63
     |
4898 |                 let request_json = ::serde_json::to_vec(&self.request)?;
     |                                                               ^^^^^^^ help: a field with a similar name exists: `reqwest`

error[E0277]: the size for values of type `str` cannot be known at compilation time
    --> gen/androidpublisher/v3/lib/src/lib.rs:4924:25
     |
4924 |                     let str_value = self.expansion_file_type.to_string();
     |                         ^^^^^^^^^ doesn't have a size known at compile-time
     |
     = help: the trait `std::marker::Sized` is not implemented for `str`
     = note: to learn more, visit <https://doc.rust-lang.org/book/ch19-04-advanced-types.html#dynamically-sized-types-and-the-sized-trait>
     = note: all local variables must have a statically known size
     = help: unsized locals are gated as an unstable feature

error[E0277]: the size for values of type `str` cannot be known at compilation time
    --> gen/androidpublisher/v3/lib/src/lib.rs:4992:25
     |
4992 |                     let str_value = self.expansion_file_type.to_string();
     |                         ^^^^^^^^^ doesn't have a size known at compile-time
     |
     = help: the trait `std::marker::Sized` is not implemented for `str`
     = note: to learn more, visit <https://doc.rust-lang.org/book/ch19-04-advanced-types.html#dynamically-sized-types-and-the-sized-trait>
     = note: all local variables must have a statically known size
     = help: unsized locals are gated as an unstable feature

error[E0277]: the size for values of type `str` cannot be known at compilation time
    --> gen/androidpublisher/v3/lib/src/lib.rs:5451:25
     |
5451 |                     let str_value = self.image_type.to_string();
     |                         ^^^^^^^^^ doesn't have a size known at compile-time
     |
     = help: the trait `std::marker::Sized` is not implemented for `str`
     = note: to learn more, visit <https://doc.rust-lang.org/book/ch19-04-advanced-types.html#dynamically-sized-types-and-the-sized-trait>
     = note: all local variables must have a statically known size
     = help: unsized locals are gated as an unstable feature

error[E0277]: the size for values of type `str` cannot be known at compilation time
    --> gen/androidpublisher/v3/lib/src/lib.rs:5565:25
     |
5565 |                     let str_value = self.image_type.to_string();
     |                         ^^^^^^^^^ doesn't have a size known at compile-time
     |
     = help: the trait `std::marker::Sized` is not implemented for `str`
     = note: to learn more, visit <https://doc.rust-lang.org/book/ch19-04-advanced-types.html#dynamically-sized-types-and-the-sized-trait>
     = note: all local variables must have a statically known size
     = help: unsized locals are gated as an unstable feature

error[E0277]: the size for values of type `str` cannot be known at compilation time
    --> gen/androidpublisher/v3/lib/src/lib.rs:5677:25
     |
5677 |                     let str_value = self.image_type.to_string();
     |                         ^^^^^^^^^ doesn't have a size known at compile-time
     |
     = help: the trait `std::marker::Sized` is not implemented for `str`
     = note: to learn more, visit <https://doc.rust-lang.org/book/ch19-04-advanced-types.html#dynamically-sized-types-and-the-sized-trait>
     = note: all local variables must have a statically known size
     = help: unsized locals are gated as an unstable feature

error[E0277]: the size for values of type `str` cannot be known at compilation time
    --> gen/androidpublisher/v3/lib/src/lib.rs:5762:25
     |
5762 |                     let str_value = self.image_type.to_string();
     |                         ^^^^^^^^^ doesn't have a size known at compile-time
     |
     = help: the trait `std::marker::Sized` is not implemented for `str`
     = note: to learn more, visit <https://doc.rust-lang.org/book/ch19-04-advanced-types.html#dynamically-sized-types-and-the-sized-trait>
     = note: all local variables must have a statically known size
     = help: unsized locals are gated as an unstable feature

error[E0609]: no field `request` on type `edits::images::UploadRequestBuilder<'a, A>`
    --> gen/androidpublisher/v3/lib/src/lib.rs:5783:63
     |
5783 |                 let request_json = ::serde_json::to_vec(&self.request)?;
     |                                                               ^^^^^^^ help: a field with a similar name exists: `reqwest`

error[E0277]: the size for values of type `str` cannot be known at compilation time
    --> gen/androidpublisher/v3/lib/src/lib.rs:5806:25
     |
5806 |                     let str_value = self.image_type.to_string();
     |                         ^^^^^^^^^ doesn't have a size known at compile-time
     |
     = help: the trait `std::marker::Sized` is not implemented for `str`
     = note: to learn more, visit <https://doc.rust-lang.org/book/ch19-04-advanced-types.html#dynamically-sized-types-and-the-sized-trait>
     = note: all local variables must have a statically known size
     = help: unsized locals are gated as an unstable feature

error[E0277]: the size for values of type `str` cannot be known at compilation time
    --> gen/androidpublisher/v3/lib/src/lib.rs:5871:25
     |
5871 |                     let str_value = self.image_type.to_string();
     |                         ^^^^^^^^^ doesn't have a size known at compile-time
     |
     = help: the trait `std::marker::Sized` is not implemented for `str`
     = note: to learn more, visit <https://doc.rust-lang.org/book/ch19-04-advanced-types.html#dynamically-sized-types-and-the-sized-trait>
     = note: all local variables must have a statically known size
     = help: unsized locals are gated as an unstable feature

error[E0609]: no field `request` on type `internalappsharingartifacts::UploadapkRequestBuilder<'a, A>`
    --> gen/androidpublisher/v3/lib/src/lib.rs:8447:59
     |
8447 |             let request_json = ::serde_json::to_vec(&self.request)?;
     |                                                           ^^^^^^^ help: a field with a similar name exists: `reqwest`

error[E0609]: no field `request` on type `internalappsharingartifacts::UploadbundleRequestBuilder<'a, A>`
    --> gen/androidpublisher/v3/lib/src/lib.rs:8616:59
     |
8616 |             let request_json = ::serde_json::to_vec(&self.request)?;
     |                                                           ^^^^^^^ help: a field with a similar name exists: `reqwest`

error: aborting due to 52 previous errors

Some errors have detailed explanations: E0277, E0423, E0433, E0609.
For more information about an error, try `rustc --explain E0277`.
error: Could not compile `google-androidpublisher3`.

To learn more, run the command again with --verbose.
