    Blocking waiting for file lock on build directory
    Checking google-serviceusage1_beta1 v0.1.0 (/Users/sthiel/dev/google-apis/generated/gen/serviceusage/v1beta1/lib)
error[E0107]: wrong number of type arguments: expected 0, found 1
  --> gen/serviceusage/v1beta1/lib/src/lib.rs:52:29
   |
52 |         pub methods: Option<Vec<crate::schemas::Method>>,
   |                             ^^^^^^^^^^^^^^^^^^^^^^^^^^^ unexpected type argument

error[E0107]: wrong number of type arguments: expected 0, found 1
  --> gen/serviceusage/v1beta1/lib/src/lib.rs:55:28
   |
55 |         pub mixins: Option<Vec<crate::schemas::Mixin>>,
   |                            ^^^^^^^^^^^^^^^^^^^^^^^^^^ unexpected type argument

error[E0107]: wrong number of type arguments: expected 0, found 1
  --> gen/serviceusage/v1beta1/lib/src/lib.rs:58:26
   |
58 |         pub name: Option<String>,
   |                          ^^^^^^ unexpected type argument

error[E0107]: wrong number of type arguments: expected 0, found 1
  --> gen/serviceusage/v1beta1/lib/src/lib.rs:61:29
   |
61 |         pub options: Option<Vec<crate::schemas::Option>>,
   |                             ^^^^^^^^^^^^^^^^^^^^^^^^^^^ unexpected type argument

error[E0107]: wrong number of type arguments: expected 0, found 1
  --> gen/serviceusage/v1beta1/lib/src/lib.rs:64:36
   |
64 |         pub source_context: Option<crate::schemas::SourceContext>,
   |                                    ^^^^^^^^^^^^^^^^^^^^^^^^^^^^^ unexpected type argument

error[E0107]: wrong number of type arguments: expected 0, found 1
  --> gen/serviceusage/v1beta1/lib/src/lib.rs:67:28
   |
67 |         pub syntax: Option<crate::schemas::ApiSyntax>,
   |                            ^^^^^^^^^^^^^^^^^^^^^^^^^ unexpected type argument

error[E0107]: wrong number of type arguments: expected 0, found 1
  --> gen/serviceusage/v1beta1/lib/src/lib.rs:70:29
   |
70 |         pub version: Option<String>,
   |                             ^^^^^^ unexpected type argument

error[E0107]: wrong number of type arguments: expected 0, found 1
  --> gen/serviceusage/v1beta1/lib/src/lib.rs:97:31
   |
97 |         pub audiences: Option<String>,
   |                               ^^^^^^ unexpected type argument

error[E0107]: wrong number of type arguments: expected 0, found 1
   --> gen/serviceusage/v1beta1/lib/src/lib.rs:100:39
    |
100 |         pub authorization_url: Option<String>,
    |                                       ^^^^^^ unexpected type argument

error[E0107]: wrong number of type arguments: expected 0, found 1
   --> gen/serviceusage/v1beta1/lib/src/lib.rs:103:24
    |
103 |         pub id: Option<String>,
    |                        ^^^^^^ unexpected type argument

error[E0107]: wrong number of type arguments: expected 0, found 1
   --> gen/serviceusage/v1beta1/lib/src/lib.rs:106:28
    |
106 |         pub issuer: Option<String>,
    |                            ^^^^^^ unexpected type argument

error[E0107]: wrong number of type arguments: expected 0, found 1
   --> gen/serviceusage/v1beta1/lib/src/lib.rs:109:30
    |
109 |         pub jwks_uri: Option<String>,
    |                              ^^^^^^ unexpected type argument

error[E0107]: wrong number of type arguments: expected 0, found 1
   --> gen/serviceusage/v1beta1/lib/src/lib.rs:136:31
    |
136 |         pub audiences: Option<String>,
    |                               ^^^^^^ unexpected type argument

error[E0107]: wrong number of type arguments: expected 0, found 1
   --> gen/serviceusage/v1beta1/lib/src/lib.rs:139:33
    |
139 |         pub provider_id: Option<String>,
    |                                 ^^^^^^ unexpected type argument

error[E0107]: wrong number of type arguments: expected 0, found 1
   --> gen/serviceusage/v1beta1/lib/src/lib.rs:166:31
    |
166 |         pub providers: Option<Vec<crate::schemas::AuthProvider>>,
    |                               ^^^^^^^^^^^^^^^^^^^^^^^^^^^^^^^^^ unexpected type argument

error[E0107]: wrong number of type arguments: expected 0, found 1
   --> gen/serviceusage/v1beta1/lib/src/lib.rs:169:27
    |
169 |         pub rules: Option<Vec<crate::schemas::AuthenticationRule>>,
    |                           ^^^^^^^^^^^^^^^^^^^^^^^^^^^^^^^^^^^^^^^ unexpected type argument

error[E0107]: wrong number of type arguments: expected 0, found 1
   --> gen/serviceusage/v1beta1/lib/src/lib.rs:196:46
    |
196 |         pub allow_without_credential: Option<bool>,
    |                                              ^^^^ unexpected type argument

error[E0107]: wrong number of type arguments: expected 0, found 1
   --> gen/serviceusage/v1beta1/lib/src/lib.rs:199:27
    |
199 |         pub oauth: Option<crate::schemas::OauthRequirements>,
    |                           ^^^^^^^^^^^^^^^^^^^^^^^^^^^^^^^^^ unexpected type argument

error[E0107]: wrong number of type arguments: expected 0, found 1
   --> gen/serviceusage/v1beta1/lib/src/lib.rs:202:34
    |
202 |         pub requirements: Option<Vec<crate::schemas::AuthRequirement>>,
    |                                  ^^^^^^^^^^^^^^^^^^^^^^^^^^^^^^^^^^^^ unexpected type argument

error[E0107]: wrong number of type arguments: expected 0, found 1
   --> gen/serviceusage/v1beta1/lib/src/lib.rs:205:30
    |
205 |         pub selector: Option<String>,
    |                              ^^^^^^ unexpected type argument

error[E0107]: wrong number of type arguments: expected 0, found 1
   --> gen/serviceusage/v1beta1/lib/src/lib.rs:223:27
    |
223 |         pub rules: Option<Vec<crate::schemas::BackendRule>>,
    |                           ^^^^^^^^^^^^^^^^^^^^^^^^^^^^^^^^ unexpected type argument

error[E0107]: wrong number of type arguments: expected 0, found 1
   --> gen/serviceusage/v1beta1/lib/src/lib.rs:294:29
    |
294 |         pub address: Option<String>,
    |                             ^^^^^^ unexpected type argument

error[E0107]: wrong number of type arguments: expected 0, found 1
   --> gen/serviceusage/v1beta1/lib/src/lib.rs:297:30
    |
297 |         pub deadline: Option<f64>,
    |                              ^^^ unexpected type argument

error[E0107]: wrong number of type arguments: expected 0, found 1
   --> gen/serviceusage/v1beta1/lib/src/lib.rs:300:34
    |
300 |         pub jwt_audience: Option<String>,
    |                                  ^^^^^^ unexpected type argument

error[E0107]: wrong number of type arguments: expected 0, found 1
   --> gen/serviceusage/v1beta1/lib/src/lib.rs:303:34
    |
303 |         pub min_deadline: Option<f64>,
    |                                  ^^^ unexpected type argument

error[E0107]: wrong number of type arguments: expected 0, found 1
   --> gen/serviceusage/v1beta1/lib/src/lib.rs:306:40
    |
306 |         pub operation_deadline: Option<f64>,
    |                                        ^^^ unexpected type argument

error[E0107]: wrong number of type arguments: expected 0, found 1
   --> gen/serviceusage/v1beta1/lib/src/lib.rs:308:38
    |
308 |         pub path_translation: Option<crate::schemas::BackendRulePathTranslation>,
    |                                      ^^^^^^^^^^^^^^^^^^^^^^^^^^^^^^^^^^^^^^^^^^ unexpected type argument

error[E0107]: wrong number of type arguments: expected 0, found 1
   --> gen/serviceusage/v1beta1/lib/src/lib.rs:311:30
    |
311 |         pub selector: Option<String>,
    |                              ^^^^^^ unexpected type argument

error[E0107]: wrong number of type arguments: expected 0, found 1
   --> gen/serviceusage/v1beta1/lib/src/lib.rs:338:31
    |
338 |         pub overrides: Option<Vec<crate::schemas::QuotaOverride>>,
    |                               ^^^^^^^^^^^^^^^^^^^^^^^^^^^^^^^^^^ unexpected type argument

error[E0107]: wrong number of type arguments: expected 0, found 1
   --> gen/serviceusage/v1beta1/lib/src/lib.rs:365:31
    |
365 |         pub overrides: Option<Vec<crate::schemas::QuotaOverride>>,
    |                               ^^^^^^^^^^^^^^^^^^^^^^^^^^^^^^^^^^ unexpected type argument

error[E0107]: wrong number of type arguments: expected 0, found 1
   --> gen/serviceusage/v1beta1/lib/src/lib.rs:392:33
    |
392 |         pub service_ids: Option<Vec<String>>,
    |                                 ^^^^^^^^^^^ unexpected type argument

error[E0107]: wrong number of type arguments: expected 0, found 1
   --> gen/serviceusage/v1beta1/lib/src/lib.rs:408:30
    |
408 |         pub failures: Option<Vec<crate::schemas::EnableFailure>>,
    |                              ^^^^^^^^^^^^^^^^^^^^^^^^^^^^^^^^^^ unexpected type argument

error[E0107]: wrong number of type arguments: expected 0, found 1
   --> gen/serviceusage/v1beta1/lib/src/lib.rs:411:30
    |
411 |         pub services: Option<Vec<crate::schemas::GoogleApiServiceusageV1Service>>,
    |                              ^^^^^^^^^^^^^^^^^^^^^^^^^^^^^^^^^^^^^^^^^^^^^^^^^^^ unexpected type argument

error[E0107]: wrong number of type arguments: expected 0, found 1
   --> gen/serviceusage/v1beta1/lib/src/lib.rs:438:43
    |
438 |         pub consumer_destinations: Option<Vec<crate::schemas::BillingDestination>>,
    |                                           ^^^^^^^^^^^^^^^^^^^^^^^^^^^^^^^^^^^^^^^ unexpected type argument

error[E0107]: wrong number of type arguments: expected 0, found 1
   --> gen/serviceusage/v1beta1/lib/src/lib.rs:465:29
    |
465 |         pub metrics: Option<Vec<String>>,
    |                             ^^^^^^^^^^^ unexpected type argument

error[E0107]: wrong number of type arguments: expected 0, found 1
   --> gen/serviceusage/v1beta1/lib/src/lib.rs:468:40
    |
468 |         pub monitored_resource: Option<String>,
    |                                        ^^^^^^ unexpected type argument

error[E0107]: wrong number of type arguments: expected 0, found 1
   --> gen/serviceusage/v1beta1/lib/src/lib.rs:495:27
    |
495 |         pub rules: Option<Vec<crate::schemas::ContextRule>>,
    |                           ^^^^^^^^^^^^^^^^^^^^^^^^^^^^^^^^ unexpected type argument

error[E0107]: wrong number of type arguments: expected 0, found 1
   --> gen/serviceusage/v1beta1/lib/src/lib.rs:522:48
    |
522 |         pub allowed_request_extensions: Option<Vec<String>>,
    |                                                ^^^^^^^^^^^ unexpected type argument

error[E0107]: wrong number of type arguments: expected 0, found 1
   --> gen/serviceusage/v1beta1/lib/src/lib.rs:525:49
    |
525 |         pub allowed_response_extensions: Option<Vec<String>>,
    |                                                 ^^^^^^^^^^^ unexpected type argument

error[E0107]: wrong number of type arguments: expected 0, found 1
   --> gen/serviceusage/v1beta1/lib/src/lib.rs:528:30
    |
528 |         pub provided: Option<Vec<String>>,
    |                              ^^^^^^^^^^^ unexpected type argument

error[E0107]: wrong number of type arguments: expected 0, found 1
   --> gen/serviceusage/v1beta1/lib/src/lib.rs:531:31
    |
531 |         pub requested: Option<Vec<String>>,
    |                               ^^^^^^^^^^^ unexpected type argument

error[E0107]: wrong number of type arguments: expected 0, found 1
   --> gen/serviceusage/v1beta1/lib/src/lib.rs:534:30
    |
534 |         pub selector: Option<String>,
    |                              ^^^^^^ unexpected type argument

error[E0107]: wrong number of type arguments: expected 0, found 1
   --> gen/serviceusage/v1beta1/lib/src/lib.rs:561:33
    |
561 |         pub environment: Option<String>,
    |                                 ^^^^^^ unexpected type argument

error[E0107]: wrong number of type arguments: expected 0, found 1
   --> gen/serviceusage/v1beta1/lib/src/lib.rs:588:27
    |
588 |         pub rules: Option<Vec<crate::schemas::CustomErrorRule>>,
    |                           ^^^^^^^^^^^^^^^^^^^^^^^^^^^^^^^^^^^^ unexpected type argument

error[E0107]: wrong number of type arguments: expected 0, found 1
   --> gen/serviceusage/v1beta1/lib/src/lib.rs:591:27
    |
591 |         pub types: Option<Vec<String>>,
    |                           ^^^^^^^^^^^ unexpected type argument

error[E0107]: wrong number of type arguments: expected 0, found 1
   --> gen/serviceusage/v1beta1/lib/src/lib.rs:618:35
    |
618 |         pub is_error_type: Option<bool>,
    |                                   ^^^^ unexpected type argument

error[E0107]: wrong number of type arguments: expected 0, found 1
   --> gen/serviceusage/v1beta1/lib/src/lib.rs:621:30
    |
621 |         pub selector: Option<String>,
    |                              ^^^^^^ unexpected type argument

error[E0107]: wrong number of type arguments: expected 0, found 1
   --> gen/serviceusage/v1beta1/lib/src/lib.rs:648:26
    |
648 |         pub kind: Option<String>,
    |                          ^^^^^^ unexpected type argument

error[E0107]: wrong number of type arguments: expected 0, found 1
   --> gen/serviceusage/v1beta1/lib/src/lib.rs:651:26
    |
651 |         pub path: Option<String>,
    |                          ^^^^^^ unexpected type argument

error[E0107]: wrong number of type arguments: expected 0, found 1
   --> gen/serviceusage/v1beta1/lib/src/lib.rs:684:29
    |
684 |         pub service: Option<crate::schemas::GoogleApiServiceusageV1Service>,
    |                             ^^^^^^^^^^^^^^^^^^^^^^^^^^^^^^^^^^^^^^^^^^^^^^ unexpected type argument

error[E0107]: wrong number of type arguments: expected 0, found 1
   --> gen/serviceusage/v1beta1/lib/src/lib.rs:711:44
    |
711 |         pub documentation_root_url: Option<String>,
    |                                            ^^^^^^ unexpected type argument

error[E0107]: wrong number of type arguments: expected 0, found 1
   --> gen/serviceusage/v1beta1/lib/src/lib.rs:714:30
    |
714 |         pub overview: Option<String>,
    |                              ^^^^^^ unexpected type argument

error[E0107]: wrong number of type arguments: expected 0, found 1
   --> gen/serviceusage/v1beta1/lib/src/lib.rs:717:27
    |
717 |         pub pages: Option<Vec<crate::schemas::Page>>,
    |                           ^^^^^^^^^^^^^^^^^^^^^^^^^ unexpected type argument

error[E0107]: wrong number of type arguments: expected 0, found 1
   --> gen/serviceusage/v1beta1/lib/src/lib.rs:720:27
    |
720 |         pub rules: Option<Vec<crate::schemas::DocumentationRule>>,
    |                           ^^^^^^^^^^^^^^^^^^^^^^^^^^^^^^^^^^^^^^ unexpected type argument

error[E0107]: wrong number of type arguments: expected 0, found 1
   --> gen/serviceusage/v1beta1/lib/src/lib.rs:723:38
    |
723 |         pub service_root_url: Option<String>,
    |                                      ^^^^^^ unexpected type argument

error[E0107]: wrong number of type arguments: expected 0, found 1
   --> gen/serviceusage/v1beta1/lib/src/lib.rs:726:29
    |
726 |         pub summary: Option<String>,
    |                             ^^^^^^ unexpected type argument

error[E0107]: wrong number of type arguments: expected 0, found 1
   --> gen/serviceusage/v1beta1/lib/src/lib.rs:753:45
    |
753 |         pub deprecation_description: Option<String>,
    |                                             ^^^^^^ unexpected type argument

error[E0107]: wrong number of type arguments: expected 0, found 1
   --> gen/serviceusage/v1beta1/lib/src/lib.rs:756:33
    |
756 |         pub description: Option<String>,
    |                                 ^^^^^^ unexpected type argument

error[E0107]: wrong number of type arguments: expected 0, found 1
   --> gen/serviceusage/v1beta1/lib/src/lib.rs:759:30
    |
759 |         pub selector: Option<String>,
    |                              ^^^^^^ unexpected type argument

error[E0107]: wrong number of type arguments: expected 0, found 1
   --> gen/serviceusage/v1beta1/lib/src/lib.rs:803:35
    |
803 |         pub error_message: Option<String>,
    |                                   ^^^^^^ unexpected type argument

error[E0107]: wrong number of type arguments: expected 0, found 1
   --> gen/serviceusage/v1beta1/lib/src/lib.rs:806:32
    |
806 |         pub service_id: Option<String>,
    |                                ^^^^^^ unexpected type argument

error[E0107]: wrong number of type arguments: expected 0, found 1
   --> gen/serviceusage/v1beta1/lib/src/lib.rs:839:29
    |
839 |         pub service: Option<crate::schemas::GoogleApiServiceusageV1Service>,
    |                             ^^^^^^^^^^^^^^^^^^^^^^^^^^^^^^^^^^^^^^^^^^^^^^ unexpected type argument

error[E0107]: wrong number of type arguments: expected 0, found 1
   --> gen/serviceusage/v1beta1/lib/src/lib.rs:866:29
    |
866 |         pub aliases: Option<Vec<String>>,
    |                             ^^^^^^^^^^^ unexpected type argument

error[E0107]: wrong number of type arguments: expected 0, found 1
   --> gen/serviceusage/v1beta1/lib/src/lib.rs:869:32
    |
869 |         pub allow_cors: Option<bool>,
    |                                ^^^^ unexpected type argument

error[E0107]: wrong number of type arguments: expected 0, found 1
   --> gen/serviceusage/v1beta1/lib/src/lib.rs:872:30
    |
872 |         pub features: Option<Vec<String>>,
    |                              ^^^^^^^^^^^ unexpected type argument

error[E0107]: wrong number of type arguments: expected 0, found 1
   --> gen/serviceusage/v1beta1/lib/src/lib.rs:875:26
    |
875 |         pub name: Option<String>,
    |                          ^^^^^^ unexpected type argument

error[E0107]: wrong number of type arguments: expected 0, found 1
   --> gen/serviceusage/v1beta1/lib/src/lib.rs:878:28
    |
878 |         pub target: Option<String>,
    |                            ^^^^^^ unexpected type argument

error[E0107]: wrong number of type arguments: expected 0, found 1
   --> gen/serviceusage/v1beta1/lib/src/lib.rs:940:31
    |
940 |         pub enumvalue: Option<Vec<crate::schemas::EnumValue>>,
    |                               ^^^^^^^^^^^^^^^^^^^^^^^^^^^^^^ unexpected type argument

error[E0107]: wrong number of type arguments: expected 0, found 1
   --> gen/serviceusage/v1beta1/lib/src/lib.rs:943:26
    |
943 |         pub name: Option<String>,
    |                          ^^^^^^ unexpected type argument

error[E0107]: wrong number of type arguments: expected 0, found 1
   --> gen/serviceusage/v1beta1/lib/src/lib.rs:946:29
    |
946 |         pub options: Option<Vec<crate::schemas::Option>>,
    |                             ^^^^^^^^^^^^^^^^^^^^^^^^^^^ unexpected type argument

error[E0107]: wrong number of type arguments: expected 0, found 1
   --> gen/serviceusage/v1beta1/lib/src/lib.rs:949:36
    |
949 |         pub source_context: Option<crate::schemas::SourceContext>,
    |                                    ^^^^^^^^^^^^^^^^^^^^^^^^^^^^^ unexpected type argument

error[E0107]: wrong number of type arguments: expected 0, found 1
   --> gen/serviceusage/v1beta1/lib/src/lib.rs:952:28
    |
952 |         pub syntax: Option<crate::schemas::EnumSyntax>,
    |                            ^^^^^^^^^^^^^^^^^^^^^^^^^^ unexpected type argument

error[E0107]: wrong number of type arguments: expected 0, found 1
   --> gen/serviceusage/v1beta1/lib/src/lib.rs:968:26
    |
968 |         pub name: Option<String>,
    |                          ^^^^^^ unexpected type argument

error[E0107]: wrong number of type arguments: expected 0, found 1
   --> gen/serviceusage/v1beta1/lib/src/lib.rs:971:28
    |
971 |         pub number: Option<i32>,
    |                            ^^^ unexpected type argument

error[E0107]: wrong number of type arguments: expected 0, found 1
   --> gen/serviceusage/v1beta1/lib/src/lib.rs:974:29
    |
974 |         pub options: Option<Vec<crate::schemas::Option>>,
    |                             ^^^^^^^^^^^^^^^^^^^^^^^^^^^ unexpected type argument

error[E0107]: wrong number of type arguments: expected 0, found 1
    --> gen/serviceusage/v1beta1/lib/src/lib.rs:1158:33
     |
1158 |         pub cardinality: Option<crate::schemas::FieldCardinality>,
     |                                 ^^^^^^^^^^^^^^^^^^^^^^^^^^^^^^^^ unexpected type argument

error[E0107]: wrong number of type arguments: expected 0, found 1
    --> gen/serviceusage/v1beta1/lib/src/lib.rs:1161:35
     |
1161 |         pub default_value: Option<String>,
     |                                   ^^^^^^ unexpected type argument

error[E0107]: wrong number of type arguments: expected 0, found 1
    --> gen/serviceusage/v1beta1/lib/src/lib.rs:1164:31
     |
1164 |         pub json_name: Option<String>,
     |                               ^^^^^^ unexpected type argument

error[E0107]: wrong number of type arguments: expected 0, found 1
    --> gen/serviceusage/v1beta1/lib/src/lib.rs:1167:26
     |
1167 |         pub kind: Option<crate::schemas::FieldKind>,
     |                          ^^^^^^^^^^^^^^^^^^^^^^^^^ unexpected type argument

error[E0107]: wrong number of type arguments: expected 0, found 1
    --> gen/serviceusage/v1beta1/lib/src/lib.rs:1170:26
     |
1170 |         pub name: Option<String>,
     |                          ^^^^^^ unexpected type argument

error[E0107]: wrong number of type arguments: expected 0, found 1
    --> gen/serviceusage/v1beta1/lib/src/lib.rs:1173:28
     |
1173 |         pub number: Option<i32>,
     |                            ^^^ unexpected type argument

error[E0107]: wrong number of type arguments: expected 0, found 1
    --> gen/serviceusage/v1beta1/lib/src/lib.rs:1176:33
     |
1176 |         pub oneof_index: Option<i32>,
     |                                 ^^^ unexpected type argument

error[E0107]: wrong number of type arguments: expected 0, found 1
    --> gen/serviceusage/v1beta1/lib/src/lib.rs:1179:29
     |
1179 |         pub options: Option<Vec<crate::schemas::Option>>,
     |                             ^^^^^^^^^^^^^^^^^^^^^^^^^^^ unexpected type argument

error[E0107]: wrong number of type arguments: expected 0, found 1
    --> gen/serviceusage/v1beta1/lib/src/lib.rs:1182:28
     |
1182 |         pub packed: Option<bool>,
     |                            ^^^^ unexpected type argument

error[E0107]: wrong number of type arguments: expected 0, found 1
    --> gen/serviceusage/v1beta1/lib/src/lib.rs:1185:30
     |
1185 |         pub type_url: Option<String>,
     |                              ^^^^^^ unexpected type argument

error[E0107]: wrong number of type arguments: expected 0, found 1
    --> gen/serviceusage/v1beta1/lib/src/lib.rs:1201:26
     |
1201 |         pub apis: Option<Vec<crate::schemas::Api>>,
     |                          ^^^^^^^^^^^^^^^^^^^^^^^^ unexpected type argument

error[E0107]: wrong number of type arguments: expected 0, found 1
    --> gen/serviceusage/v1beta1/lib/src/lib.rs:1204:36
     |
1204 |         pub authentication: Option<crate::schemas::Authentication>,
     |                                    ^^^^^^^^^^^^^^^^^^^^^^^^^^^^^^ unexpected type argument

error[E0107]: wrong number of type arguments: expected 0, found 1
    --> gen/serviceusage/v1beta1/lib/src/lib.rs:1207:29
     |
1207 |         pub backend: Option<crate::schemas::Backend>,
     |                             ^^^^^^^^^^^^^^^^^^^^^^^ unexpected type argument

error[E0107]: wrong number of type arguments: expected 0, found 1
    --> gen/serviceusage/v1beta1/lib/src/lib.rs:1210:29
     |
1210 |         pub billing: Option<crate::schemas::Billing>,
     |                             ^^^^^^^^^^^^^^^^^^^^^^^ unexpected type argument

error[E0107]: wrong number of type arguments: expected 0, found 1
    --> gen/serviceusage/v1beta1/lib/src/lib.rs:1213:36
     |
1213 |         pub config_version: Option<u32>,
     |                                    ^^^ unexpected type argument

error[E0107]: wrong number of type arguments: expected 0, found 1
    --> gen/serviceusage/v1beta1/lib/src/lib.rs:1216:29
     |
1216 |         pub context: Option<crate::schemas::Context>,
     |                             ^^^^^^^^^^^^^^^^^^^^^^^ unexpected type argument

error[E0107]: wrong number of type arguments: expected 0, found 1
    --> gen/serviceusage/v1beta1/lib/src/lib.rs:1219:29
     |
1219 |         pub control: Option<crate::schemas::Control>,
     |                             ^^^^^^^^^^^^^^^^^^^^^^^ unexpected type argument

error[E0107]: wrong number of type arguments: expected 0, found 1
    --> gen/serviceusage/v1beta1/lib/src/lib.rs:1222:34
     |
1222 |         pub custom_error: Option<crate::schemas::CustomError>,
     |                                  ^^^^^^^^^^^^^^^^^^^^^^^^^^^ unexpected type argument

error[E0107]: wrong number of type arguments: expected 0, found 1
    --> gen/serviceusage/v1beta1/lib/src/lib.rs:1225:35
     |
1225 |         pub documentation: Option<crate::schemas::Documentation>,
     |                                   ^^^^^^^^^^^^^^^^^^^^^^^^^^^^^ unexpected type argument

error[E0107]: wrong number of type arguments: expected 0, found 1
    --> gen/serviceusage/v1beta1/lib/src/lib.rs:1228:31
     |
1228 |         pub endpoints: Option<Vec<crate::schemas::Endpoint>>,
     |                               ^^^^^^^^^^^^^^^^^^^^^^^^^^^^^ unexpected type argument

error[E0107]: wrong number of type arguments: expected 0, found 1
    --> gen/serviceusage/v1beta1/lib/src/lib.rs:1231:27
     |
1231 |         pub enums: Option<Vec<crate::schemas::Enum>>,
     |                           ^^^^^^^^^^^^^^^^^^^^^^^^^ unexpected type argument

error[E0107]: wrong number of type arguments: expected 0, found 1
    --> gen/serviceusage/v1beta1/lib/src/lib.rs:1234:26
     |
1234 |         pub http: Option<crate::schemas::Http>,
     |                          ^^^^^^^^^^^^^^^^^^^^ unexpected type argument

error[E0107]: wrong number of type arguments: expected 0, found 1
    --> gen/serviceusage/v1beta1/lib/src/lib.rs:1237:24
     |
1237 |         pub id: Option<String>,
     |                        ^^^^^^ unexpected type argument

error[E0107]: wrong number of type arguments: expected 0, found 1
    --> gen/serviceusage/v1beta1/lib/src/lib.rs:1240:29
     |
1240 |         pub logging: Option<crate::schemas::Logging>,
     |                             ^^^^^^^^^^^^^^^^^^^^^^^ unexpected type argument

error[E0107]: wrong number of type arguments: expected 0, found 1
    --> gen/serviceusage/v1beta1/lib/src/lib.rs:1243:26
     |
1243 |         pub logs: Option<Vec<crate::schemas::LogDescriptor>>,
     |                          ^^^^^^^^^^^^^^^^^^^^^^^^^^^^^^^^^^ unexpected type argument

error[E0107]: wrong number of type arguments: expected 0, found 1
    --> gen/serviceusage/v1beta1/lib/src/lib.rs:1246:29
     |
1246 |         pub metrics: Option<Vec<crate::schemas::MetricDescriptor>>,
     |                             ^^^^^^^^^^^^^^^^^^^^^^^^^^^^^^^^^^^^^ unexpected type argument

error[E0107]: wrong number of type arguments: expected 0, found 1
    --> gen/serviceusage/v1beta1/lib/src/lib.rs:1249:41
     |
1249 |         pub monitored_resources: Option<Vec<crate::schemas::MonitoredResourceDescriptor>>,
     |                                         ^^^^^^^^^^^^^^^^^^^^^^^^^^^^^^^^^^^^^^^^^^^^^^^^ unexpected type argument

error[E0107]: wrong number of type arguments: expected 0, found 1
    --> gen/serviceusage/v1beta1/lib/src/lib.rs:1252:32
     |
1252 |         pub monitoring: Option<crate::schemas::Monitoring>,
     |                                ^^^^^^^^^^^^^^^^^^^^^^^^^^ unexpected type argument

error[E0107]: wrong number of type arguments: expected 0, found 1
    --> gen/serviceusage/v1beta1/lib/src/lib.rs:1255:26
     |
1255 |         pub name: Option<String>,
     |                          ^^^^^^ unexpected type argument

error[E0107]: wrong number of type arguments: expected 0, found 1
    --> gen/serviceusage/v1beta1/lib/src/lib.rs:1258:41
     |
1258 |         pub producer_project_id: Option<String>,
     |                                         ^^^^^^ unexpected type argument

error[E0107]: wrong number of type arguments: expected 0, found 1
    --> gen/serviceusage/v1beta1/lib/src/lib.rs:1261:27
     |
1261 |         pub quota: Option<crate::schemas::Quota>,
     |                           ^^^^^^^^^^^^^^^^^^^^^ unexpected type argument

error[E0107]: wrong number of type arguments: expected 0, found 1
    --> gen/serviceusage/v1beta1/lib/src/lib.rs:1264:33
     |
1264 |         pub source_info: Option<crate::schemas::SourceInfo>,
     |                                 ^^^^^^^^^^^^^^^^^^^^^^^^^^ unexpected type argument

error[E0107]: wrong number of type arguments: expected 0, found 1
    --> gen/serviceusage/v1beta1/lib/src/lib.rs:1267:39
     |
1267 |         pub system_parameters: Option<crate::schemas::SystemParameters>,
     |                                       ^^^^^^^^^^^^^^^^^^^^^^^^^^^^^^^^ unexpected type argument

error[E0107]: wrong number of type arguments: expected 0, found 1
    --> gen/serviceusage/v1beta1/lib/src/lib.rs:1270:34
     |
1270 |         pub system_types: Option<Vec<crate::schemas::Type>>,
     |                                  ^^^^^^^^^^^^^^^^^^^^^^^^^ unexpected type argument

error[E0107]: wrong number of type arguments: expected 0, found 1
    --> gen/serviceusage/v1beta1/lib/src/lib.rs:1273:27
     |
1273 |         pub title: Option<String>,
     |                           ^^^^^^ unexpected type argument

error[E0107]: wrong number of type arguments: expected 0, found 1
    --> gen/serviceusage/v1beta1/lib/src/lib.rs:1276:27
     |
1276 |         pub types: Option<Vec<crate::schemas::Type>>,
     |                           ^^^^^^^^^^^^^^^^^^^^^^^^^ unexpected type argument

error[E0107]: wrong number of type arguments: expected 0, found 1
    --> gen/serviceusage/v1beta1/lib/src/lib.rs:1279:27
     |
1279 |         pub usage: Option<crate::schemas::Usage>,
     |                           ^^^^^^^^^^^^^^^^^^^^^ unexpected type argument

error[E0107]: wrong number of type arguments: expected 0, found 1
    --> gen/serviceusage/v1beta1/lib/src/lib.rs:1306:36
     |
1306 |         pub resource_names: Option<Vec<String>>,
     |                                    ^^^^^^^^^^^ unexpected type argument

error[E0107]: wrong number of type arguments: expected 0, found 1
    --> gen/serviceusage/v1beta1/lib/src/lib.rs:1372:28
     |
1372 |         pub config: Option<crate::schemas::GoogleApiServiceusageV1ServiceConfig>,
     |                            ^^^^^^^^^^^^^^^^^^^^^^^^^^^^^^^^^^^^^^^^^^^^^^^^^^^^ unexpected type argument

error[E0107]: wrong number of type arguments: expected 0, found 1
    --> gen/serviceusage/v1beta1/lib/src/lib.rs:1375:26
     |
1375 |         pub name: Option<String>,
     |                          ^^^^^^ unexpected type argument

error[E0107]: wrong number of type arguments: expected 0, found 1
    --> gen/serviceusage/v1beta1/lib/src/lib.rs:1378:28
     |
1378 |         pub parent: Option<String>,
     |                            ^^^^^^ unexpected type argument

error[E0107]: wrong number of type arguments: expected 0, found 1
    --> gen/serviceusage/v1beta1/lib/src/lib.rs:1381:27
     |
1381 |         pub state: Option<crate::schemas::GoogleApiServiceusageV1ServiceState>,
     |                           ^^^^^^^^^^^^^^^^^^^^^^^^^^^^^^^^^^^^^^^^^^^^^^^^^^^ unexpected type argument

error[E0107]: wrong number of type arguments: expected 0, found 1
    --> gen/serviceusage/v1beta1/lib/src/lib.rs:1397:26
     |
1397 |         pub apis: Option<Vec<crate::schemas::Api>>,
     |                          ^^^^^^^^^^^^^^^^^^^^^^^^ unexpected type argument

error[E0107]: wrong number of type arguments: expected 0, found 1
    --> gen/serviceusage/v1beta1/lib/src/lib.rs:1400:36
     |
1400 |         pub authentication: Option<crate::schemas::Authentication>,
     |                                    ^^^^^^^^^^^^^^^^^^^^^^^^^^^^^^ unexpected type argument

error[E0107]: wrong number of type arguments: expected 0, found 1
    --> gen/serviceusage/v1beta1/lib/src/lib.rs:1403:35
     |
1403 |         pub documentation: Option<crate::schemas::Documentation>,
     |                                   ^^^^^^^^^^^^^^^^^^^^^^^^^^^^^ unexpected type argument

error[E0107]: wrong number of type arguments: expected 0, found 1
    --> gen/serviceusage/v1beta1/lib/src/lib.rs:1406:31
     |
1406 |         pub endpoints: Option<Vec<crate::schemas::Endpoint>>,
     |                               ^^^^^^^^^^^^^^^^^^^^^^^^^^^^^ unexpected type argument

error[E0107]: wrong number of type arguments: expected 0, found 1
    --> gen/serviceusage/v1beta1/lib/src/lib.rs:1409:26
     |
1409 |         pub name: Option<String>,
     |                          ^^^^^^ unexpected type argument

error[E0107]: wrong number of type arguments: expected 0, found 1
    --> gen/serviceusage/v1beta1/lib/src/lib.rs:1412:27
     |
1412 |         pub quota: Option<crate::schemas::Quota>,
     |                           ^^^^^^^^^^^^^^^^^^^^^ unexpected type argument

error[E0107]: wrong number of type arguments: expected 0, found 1
    --> gen/serviceusage/v1beta1/lib/src/lib.rs:1415:27
     |
1415 |         pub title: Option<String>,
     |                           ^^^^^^ unexpected type argument

error[E0107]: wrong number of type arguments: expected 0, found 1
    --> gen/serviceusage/v1beta1/lib/src/lib.rs:1418:27
     |
1418 |         pub usage: Option<crate::schemas::Usage>,
     |                           ^^^^^^^^^^^^^^^^^^^^^ unexpected type argument

error[E0107]: wrong number of type arguments: expected 0, found 1
    --> gen/serviceusage/v1beta1/lib/src/lib.rs:1445:53
     |
1445 |         pub fully_decode_reserved_expansion: Option<bool>,
     |                                                     ^^^^ unexpected type argument

error[E0107]: wrong number of type arguments: expected 0, found 1
    --> gen/serviceusage/v1beta1/lib/src/lib.rs:1448:27
     |
1448 |         pub rules: Option<Vec<crate::schemas::HttpRule>>,
     |                           ^^^^^^^^^^^^^^^^^^^^^^^^^^^^^ unexpected type argument

error[E0107]: wrong number of type arguments: expected 0, found 1
    --> gen/serviceusage/v1beta1/lib/src/lib.rs:1475:41
     |
1475 |         pub additional_bindings: Option<Vec<crate::schemas::HttpRule>>,
     |                                         ^^^^^^^^^^^^^^^^^^^^^^^^^^^^^ unexpected type argument

error[E0107]: wrong number of type arguments: expected 0, found 1
    --> gen/serviceusage/v1beta1/lib/src/lib.rs:1478:26
     |
1478 |         pub body: Option<String>,
     |                          ^^^^^^ unexpected type argument

error[E0107]: wrong number of type arguments: expected 0, found 1
    --> gen/serviceusage/v1beta1/lib/src/lib.rs:1481:28
     |
1481 |         pub custom: Option<crate::schemas::CustomHttpPattern>,
     |                            ^^^^^^^^^^^^^^^^^^^^^^^^^^^^^^^^^ unexpected type argument

error[E0107]: wrong number of type arguments: expected 0, found 1
    --> gen/serviceusage/v1beta1/lib/src/lib.rs:1484:28
     |
1484 |         pub delete: Option<String>,
     |                            ^^^^^^ unexpected type argument

error[E0107]: wrong number of type arguments: expected 0, found 1
    --> gen/serviceusage/v1beta1/lib/src/lib.rs:1487:25
     |
1487 |         pub get: Option<String>,
     |                         ^^^^^^ unexpected type argument

error[E0107]: wrong number of type arguments: expected 0, found 1
    --> gen/serviceusage/v1beta1/lib/src/lib.rs:1490:27
     |
1490 |         pub patch: Option<String>,
     |                           ^^^^^^ unexpected type argument

error[E0107]: wrong number of type arguments: expected 0, found 1
    --> gen/serviceusage/v1beta1/lib/src/lib.rs:1493:26
     |
1493 |         pub post: Option<String>,
     |                          ^^^^^^ unexpected type argument

error[E0107]: wrong number of type arguments: expected 0, found 1
    --> gen/serviceusage/v1beta1/lib/src/lib.rs:1496:25
     |
1496 |         pub put: Option<String>,
     |                         ^^^^^^ unexpected type argument

error[E0107]: wrong number of type arguments: expected 0, found 1
    --> gen/serviceusage/v1beta1/lib/src/lib.rs:1499:35
     |
1499 |         pub response_body: Option<String>,
     |                                   ^^^^^^ unexpected type argument

error[E0107]: wrong number of type arguments: expected 0, found 1
    --> gen/serviceusage/v1beta1/lib/src/lib.rs:1502:30
     |
1502 |         pub selector: Option<String>,
     |                              ^^^^^^ unexpected type argument

error[E0107]: wrong number of type arguments: expected 0, found 1
    --> gen/serviceusage/v1beta1/lib/src/lib.rs:1579:33
     |
1579 |         pub description: Option<String>,
     |                                 ^^^^^^ unexpected type argument

error[E0107]: wrong number of type arguments: expected 0, found 1
    --> gen/serviceusage/v1beta1/lib/src/lib.rs:1582:25
     |
1582 |         pub key: Option<String>,
     |                         ^^^^^^ unexpected type argument

error[E0107]: wrong number of type arguments: expected 0, found 1
    --> gen/serviceusage/v1beta1/lib/src/lib.rs:1585:32
     |
1585 |         pub value_type: Option<crate::schemas::LabelDescriptorValueType>,
     |                                ^^^^^^^^^^^^^^^^^^^^^^^^^^^^^^^^^^^^^^^^ unexpected type argument

error[E0107]: wrong number of type arguments: expected 0, found 1
    --> gen/serviceusage/v1beta1/lib/src/lib.rs:1601:37
     |
1601 |         pub next_page_token: Option<String>,
     |                                     ^^^^^^ unexpected type argument

error[E0107]: wrong number of type arguments: expected 0, found 1
    --> gen/serviceusage/v1beta1/lib/src/lib.rs:1604:32
     |
1604 |         pub operations: Option<Vec<crate::schemas::Operation>>,
     |                                ^^^^^^^^^^^^^^^^^^^^^^^^^^^^^^ unexpected type argument

error[E0107]: wrong number of type arguments: expected 0, found 1
    --> gen/serviceusage/v1beta1/lib/src/lib.rs:1620:37
     |
1620 |         pub next_page_token: Option<String>,
     |                                     ^^^^^^ unexpected type argument

error[E0107]: wrong number of type arguments: expected 0, found 1
    --> gen/serviceusage/v1beta1/lib/src/lib.rs:1623:30
     |
1623 |         pub services: Option<Vec<crate::schemas::Service>>,
     |                              ^^^^^^^^^^^^^^^^^^^^^^^^^^^^ unexpected type argument

error[E0107]: wrong number of type arguments: expected 0, found 1
    --> gen/serviceusage/v1beta1/lib/src/lib.rs:1650:33
     |
1650 |         pub description: Option<String>,
     |                                 ^^^^^^ unexpected type argument

error[E0107]: wrong number of type arguments: expected 0, found 1
    --> gen/serviceusage/v1beta1/lib/src/lib.rs:1653:34
     |
1653 |         pub display_name: Option<String>,
     |                                  ^^^^^^ unexpected type argument

error[E0107]: wrong number of type arguments: expected 0, found 1
    --> gen/serviceusage/v1beta1/lib/src/lib.rs:1656:28
     |
1656 |         pub labels: Option<Vec<crate::schemas::LabelDescriptor>>,
     |                            ^^^^^^^^^^^^^^^^^^^^^^^^^^^^^^^^^^^^ unexpected type argument

error[E0107]: wrong number of type arguments: expected 0, found 1
    --> gen/serviceusage/v1beta1/lib/src/lib.rs:1659:26
     |
1659 |         pub name: Option<String>,
     |                          ^^^^^^ unexpected type argument

error[E0107]: wrong number of type arguments: expected 0, found 1
    --> gen/serviceusage/v1beta1/lib/src/lib.rs:1686:43
     |
1686 |         pub consumer_destinations: Option<Vec<crate::schemas::LoggingDestination>>,
     |                                           ^^^^^^^^^^^^^^^^^^^^^^^^^^^^^^^^^^^^^^^ unexpected type argument

error[E0107]: wrong number of type arguments: expected 0, found 1
    --> gen/serviceusage/v1beta1/lib/src/lib.rs:1689:43
     |
1689 |         pub producer_destinations: Option<Vec<crate::schemas::LoggingDestination>>,
     |                                           ^^^^^^^^^^^^^^^^^^^^^^^^^^^^^^^^^^^^^^^ unexpected type argument

error[E0107]: wrong number of type arguments: expected 0, found 1
    --> gen/serviceusage/v1beta1/lib/src/lib.rs:1716:26
     |
1716 |         pub logs: Option<Vec<String>>,
     |                          ^^^^^^^^^^^ unexpected type argument

error[E0107]: wrong number of type arguments: expected 0, found 1
    --> gen/serviceusage/v1beta1/lib/src/lib.rs:1719:40
     |
1719 |         pub monitored_resource: Option<String>,
     |                                        ^^^^^^ unexpected type argument

error[E0107]: wrong number of type arguments: expected 0, found 1
    --> gen/serviceusage/v1beta1/lib/src/lib.rs:1781:26
     |
1781 |         pub name: Option<String>,
     |                          ^^^^^^ unexpected type argument

error[E0107]: wrong number of type arguments: expected 0, found 1
    --> gen/serviceusage/v1beta1/lib/src/lib.rs:1784:29
     |
1784 |         pub options: Option<Vec<crate::schemas::Option>>,
     |                             ^^^^^^^^^^^^^^^^^^^^^^^^^^^ unexpected type argument

error[E0107]: wrong number of type arguments: expected 0, found 1
    --> gen/serviceusage/v1beta1/lib/src/lib.rs:1787:39
     |
1787 |         pub request_streaming: Option<bool>,
     |                                       ^^^^ unexpected type argument

error[E0107]: wrong number of type arguments: expected 0, found 1
    --> gen/serviceusage/v1beta1/lib/src/lib.rs:1790:38
     |
1790 |         pub request_type_url: Option<String>,
     |                                      ^^^^^^ unexpected type argument

error[E0107]: wrong number of type arguments: expected 0, found 1
    --> gen/serviceusage/v1beta1/lib/src/lib.rs:1793:40
     |
1793 |         pub response_streaming: Option<bool>,
     |                                        ^^^^ unexpected type argument

error[E0107]: wrong number of type arguments: expected 0, found 1
    --> gen/serviceusage/v1beta1/lib/src/lib.rs:1796:39
     |
1796 |         pub response_type_url: Option<String>,
     |                                       ^^^^^^ unexpected type argument

error[E0107]: wrong number of type arguments: expected 0, found 1
    --> gen/serviceusage/v1beta1/lib/src/lib.rs:1799:28
     |
1799 |         pub syntax: Option<crate::schemas::MethodSyntax>,
     |                            ^^^^^^^^^^^^^^^^^^^^^^^^^^^^ unexpected type argument

error[E0107]: wrong number of type arguments: expected 0, found 1
    --> gen/serviceusage/v1beta1/lib/src/lib.rs:2008:33
     |
2008 |         pub description: Option<String>,
     |                                 ^^^^^^ unexpected type argument

error[E0107]: wrong number of type arguments: expected 0, found 1
    --> gen/serviceusage/v1beta1/lib/src/lib.rs:2011:34
     |
2011 |         pub display_name: Option<String>,
     |                                  ^^^^^^ unexpected type argument

error[E0107]: wrong number of type arguments: expected 0, found 1
    --> gen/serviceusage/v1beta1/lib/src/lib.rs:2014:28
     |
2014 |         pub labels: Option<Vec<crate::schemas::LabelDescriptor>>,
     |                            ^^^^^^^^^^^^^^^^^^^^^^^^^^^^^^^^^^^^ unexpected type argument

error[E0107]: wrong number of type arguments: expected 0, found 1
    --> gen/serviceusage/v1beta1/lib/src/lib.rs:2017:34
     |
2017 |         pub launch_stage: Option<crate::schemas::MetricDescriptorLaunchStage>,
     |                                  ^^^^^^^^^^^^^^^^^^^^^^^^^^^^^^^^^^^^^^^^^^^ unexpected type argument

error[E0107]: wrong number of type arguments: expected 0, found 1
    --> gen/serviceusage/v1beta1/lib/src/lib.rs:2020:30
     |
2020 |         pub metadata: Option<crate::schemas::MetricDescriptorMetadata>,
     |                              ^^^^^^^^^^^^^^^^^^^^^^^^^^^^^^^^^^^^^^^^ unexpected type argument

error[E0107]: wrong number of type arguments: expected 0, found 1
    --> gen/serviceusage/v1beta1/lib/src/lib.rs:2023:33
     |
2023 |         pub metric_kind: Option<crate::schemas::MetricDescriptorMetricKind>,
     |                                 ^^^^^^^^^^^^^^^^^^^^^^^^^^^^^^^^^^^^^^^^^^ unexpected type argument

error[E0107]: wrong number of type arguments: expected 0, found 1
    --> gen/serviceusage/v1beta1/lib/src/lib.rs:2026:26
     |
2026 |         pub name: Option<String>,
     |                          ^^^^^^ unexpected type argument

error[E0107]: wrong number of type arguments: expected 0, found 1
    --> gen/serviceusage/v1beta1/lib/src/lib.rs:2029:28
     |
2029 |         pub r#type: Option<String>,
     |                            ^^^^^^ unexpected type argument

error[E0107]: wrong number of type arguments: expected 0, found 1
    --> gen/serviceusage/v1beta1/lib/src/lib.rs:2032:26
     |
2032 |         pub unit: Option<String>,
     |                          ^^^^^^ unexpected type argument

error[E0107]: wrong number of type arguments: expected 0, found 1
    --> gen/serviceusage/v1beta1/lib/src/lib.rs:2035:32
     |
2035 |         pub value_type: Option<crate::schemas::MetricDescriptorValueType>,
     |                                ^^^^^^^^^^^^^^^^^^^^^^^^^^^^^^^^^^^^^^^^^ unexpected type argument

error[E0107]: wrong number of type arguments: expected 0, found 1
    --> gen/serviceusage/v1beta1/lib/src/lib.rs:2128:34
     |
2128 |         pub ingest_delay: Option<String>,
     |                                  ^^^^^^ unexpected type argument

error[E0107]: wrong number of type arguments: expected 0, found 1
    --> gen/serviceusage/v1beta1/lib/src/lib.rs:2131:34
     |
2131 |         pub launch_stage: Option<crate::schemas::MetricDescriptorMetadataLaunchStage>,
     |                                  ^^^^^^^^^^^^^^^^^^^^^^^^^^^^^^^^^^^^^^^^^^^^^^^^^^^ unexpected type argument

error[E0107]: wrong number of type arguments: expected 0, found 1
    --> gen/serviceusage/v1beta1/lib/src/lib.rs:2134:35
     |
2134 |         pub sample_period: Option<String>,
     |                                   ^^^^^^ unexpected type argument

error[E0107]: wrong number of type arguments: expected 0, found 1
    --> gen/serviceusage/v1beta1/lib/src/lib.rs:2161:34
     |
2161 |         pub metric_costs: Option<::std::collections::BTreeMap<String, i64>>,
     |                                  ^^^^^^^^^^^^^^^^^^^^^^^^^^^^^^^^^^^^^^^^^ unexpected type argument

error[E0107]: wrong number of type arguments: expected 0, found 1
    --> gen/serviceusage/v1beta1/lib/src/lib.rs:2164:30
     |
2164 |         pub selector: Option<String>,
     |                              ^^^^^^ unexpected type argument

error[E0107]: wrong number of type arguments: expected 0, found 1
    --> gen/serviceusage/v1beta1/lib/src/lib.rs:2191:26
     |
2191 |         pub name: Option<String>,
     |                          ^^^^^^ unexpected type argument

error[E0107]: wrong number of type arguments: expected 0, found 1
    --> gen/serviceusage/v1beta1/lib/src/lib.rs:2194:26
     |
2194 |         pub root: Option<String>,
     |                          ^^^^^^ unexpected type argument

error[E0107]: wrong number of type arguments: expected 0, found 1
    --> gen/serviceusage/v1beta1/lib/src/lib.rs:2287:33
     |
2287 |         pub description: Option<String>,
     |                                 ^^^^^^ unexpected type argument

error[E0107]: wrong number of type arguments: expected 0, found 1
    --> gen/serviceusage/v1beta1/lib/src/lib.rs:2290:34
     |
2290 |         pub display_name: Option<String>,
     |                                  ^^^^^^ unexpected type argument

error[E0107]: wrong number of type arguments: expected 0, found 1
    --> gen/serviceusage/v1beta1/lib/src/lib.rs:2293:28
     |
2293 |         pub labels: Option<Vec<crate::schemas::LabelDescriptor>>,
     |                            ^^^^^^^^^^^^^^^^^^^^^^^^^^^^^^^^^^^^ unexpected type argument

error[E0107]: wrong number of type arguments: expected 0, found 1
    --> gen/serviceusage/v1beta1/lib/src/lib.rs:2296:34
     |
2296 |         pub launch_stage: Option<crate::schemas::MonitoredResourceDescriptorLaunchStage>,
     |                                  ^^^^^^^^^^^^^^^^^^^^^^^^^^^^^^^^^^^^^^^^^^^^^^^^^^^^^^ unexpected type argument

error[E0107]: wrong number of type arguments: expected 0, found 1
    --> gen/serviceusage/v1beta1/lib/src/lib.rs:2299:26
     |
2299 |         pub name: Option<String>,
     |                          ^^^^^^ unexpected type argument

error[E0107]: wrong number of type arguments: expected 0, found 1
    --> gen/serviceusage/v1beta1/lib/src/lib.rs:2302:28
     |
2302 |         pub r#type: Option<String>,
     |                            ^^^^^^ unexpected type argument

error[E0107]: wrong number of type arguments: expected 0, found 1
    --> gen/serviceusage/v1beta1/lib/src/lib.rs:2329:43
     |
2329 |         pub consumer_destinations: Option<Vec<crate::schemas::MonitoringDestination>>,
     |                                           ^^^^^^^^^^^^^^^^^^^^^^^^^^^^^^^^^^^^^^^^^^ unexpected type argument

error[E0107]: wrong number of type arguments: expected 0, found 1
    --> gen/serviceusage/v1beta1/lib/src/lib.rs:2332:43
     |
2332 |         pub producer_destinations: Option<Vec<crate::schemas::MonitoringDestination>>,
     |                                           ^^^^^^^^^^^^^^^^^^^^^^^^^^^^^^^^^^^^^^^^^^ unexpected type argument

error[E0107]: wrong number of type arguments: expected 0, found 1
    --> gen/serviceusage/v1beta1/lib/src/lib.rs:2359:29
     |
2359 |         pub metrics: Option<Vec<String>>,
     |                             ^^^^^^^^^^^ unexpected type argument

error[E0107]: wrong number of type arguments: expected 0, found 1
    --> gen/serviceusage/v1beta1/lib/src/lib.rs:2362:40
     |
2362 |         pub monitored_resource: Option<String>,
     |                                        ^^^^^^ unexpected type argument

error[E0107]: wrong number of type arguments: expected 0, found 1
    --> gen/serviceusage/v1beta1/lib/src/lib.rs:2389:38
     |
2389 |         pub canonical_scopes: Option<String>,
     |                                      ^^^^^^ unexpected type argument

error[E0107]: wrong number of type arguments: expected 0, found 1
    --> gen/serviceusage/v1beta1/lib/src/lib.rs:2405:26
     |
2405 |         pub done: Option<bool>,
     |                          ^^^^ unexpected type argument

error[E0107]: wrong number of type arguments: expected 0, found 1
    --> gen/serviceusage/v1beta1/lib/src/lib.rs:2408:27
     |
2408 |         pub error: Option<crate::schemas::Status>,
     |                           ^^^^^^^^^^^^^^^^^^^^^^ unexpected type argument

error[E0107]: wrong number of type arguments: expected 0, found 1
    --> gen/serviceusage/v1beta1/lib/src/lib.rs:2411:30
     |
2411 |         pub metadata: Option<::std::collections::BTreeMap<String, ::serde_json::Value>>,
     |                              ^^^^^^^^^^^^^^^^^^^^^^^^^^^^^^^^^^^^^^^^^^^^^^^^^^^^^^^^^ unexpected type argument

error[E0107]: wrong number of type arguments: expected 0, found 1
    --> gen/serviceusage/v1beta1/lib/src/lib.rs:2414:26
     |
2414 |         pub name: Option<String>,
     |                          ^^^^^^ unexpected type argument

error[E0107]: wrong number of type arguments: expected 0, found 1
    --> gen/serviceusage/v1beta1/lib/src/lib.rs:2417:30
     |
2417 |         pub response: Option<::std::collections::BTreeMap<String, ::serde_json::Value>>,
     |                              ^^^^^^^^^^^^^^^^^^^^^^^^^^^^^^^^^^^^^^^^^^^^^^^^^^^^^^^^^ unexpected type argument

error[E0107]: wrong number of type arguments: expected 0, found 1
    --> gen/serviceusage/v1beta1/lib/src/lib.rs:2444:36
     |
2444 |         pub resource_names: Option<Vec<String>>,
     |                                    ^^^^^^^^^^^ unexpected type argument

error[E0107]: wrong number of type arguments: expected 0, found 1
    --> gen/serviceusage/v1beta1/lib/src/lib.rs:2460:26
     |
2460 |         pub name: Option<String>,
     |                          ^^^^^^ unexpected type argument

error[E0107]: wrong number of type arguments: expected 0, found 1
    --> gen/serviceusage/v1beta1/lib/src/lib.rs:2463:27
     |
2463 |         pub value: Option<::std::collections::BTreeMap<String, ::serde_json::Value>>,
     |                           ^^^^^^^^^^^^^^^^^^^^^^^^^^^^^^^^^^^^^^^^^^^^^^^^^^^^^^^^^ unexpected type argument

error[E0107]: wrong number of type arguments: expected 0, found 1
    --> gen/serviceusage/v1beta1/lib/src/lib.rs:2490:29
     |
2490 |         pub content: Option<String>,
     |                             ^^^^^^ unexpected type argument

error[E0107]: wrong number of type arguments: expected 0, found 1
    --> gen/serviceusage/v1beta1/lib/src/lib.rs:2493:26
     |
2493 |         pub name: Option<String>,
     |                          ^^^^^^ unexpected type argument

error[E0107]: wrong number of type arguments: expected 0, found 1
    --> gen/serviceusage/v1beta1/lib/src/lib.rs:2496:30
     |
2496 |         pub subpages: Option<Vec<crate::schemas::Page>>,
     |                              ^^^^^^^^^^^^^^^^^^^^^^^^^ unexpected type argument

error[E0107]: wrong number of type arguments: expected 0, found 1
    --> gen/serviceusage/v1beta1/lib/src/lib.rs:2523:28
     |
2523 |         pub limits: Option<Vec<crate::schemas::QuotaLimit>>,
     |                            ^^^^^^^^^^^^^^^^^^^^^^^^^^^^^^^ unexpected type argument

error[E0107]: wrong number of type arguments: expected 0, found 1
    --> gen/serviceusage/v1beta1/lib/src/lib.rs:2526:34
     |
2526 |         pub metric_rules: Option<Vec<crate::schemas::MetricRule>>,
     |                                  ^^^^^^^^^^^^^^^^^^^^^^^^^^^^^^^ unexpected type argument

error[E0107]: wrong number of type arguments: expected 0, found 1
    --> gen/serviceusage/v1beta1/lib/src/lib.rs:2554:35
     |
2554 |         pub default_limit: Option<i64>,
     |                                   ^^^ unexpected type argument

error[E0107]: wrong number of type arguments: expected 0, found 1
    --> gen/serviceusage/v1beta1/lib/src/lib.rs:2557:33
     |
2557 |         pub description: Option<String>,
     |                                 ^^^^^^ unexpected type argument

error[E0107]: wrong number of type arguments: expected 0, found 1
    --> gen/serviceusage/v1beta1/lib/src/lib.rs:2560:34
     |
2560 |         pub display_name: Option<String>,
     |                                  ^^^^^^ unexpected type argument

error[E0107]: wrong number of type arguments: expected 0, found 1
    --> gen/serviceusage/v1beta1/lib/src/lib.rs:2563:30
     |
2563 |         pub duration: Option<String>,
     |                              ^^^^^^ unexpected type argument

error[E0107]: wrong number of type arguments: expected 0, found 1
    --> gen/serviceusage/v1beta1/lib/src/lib.rs:2567:31
     |
2567 |         pub free_tier: Option<i64>,
     |                               ^^^ unexpected type argument

error[E0107]: wrong number of type arguments: expected 0, found 1
    --> gen/serviceusage/v1beta1/lib/src/lib.rs:2571:31
     |
2571 |         pub max_limit: Option<i64>,
     |                               ^^^ unexpected type argument

error[E0107]: wrong number of type arguments: expected 0, found 1
    --> gen/serviceusage/v1beta1/lib/src/lib.rs:2574:28
     |
2574 |         pub metric: Option<String>,
     |                            ^^^^^^ unexpected type argument

error[E0107]: wrong number of type arguments: expected 0, found 1
    --> gen/serviceusage/v1beta1/lib/src/lib.rs:2577:26
     |
2577 |         pub name: Option<String>,
     |                          ^^^^^^ unexpected type argument

error[E0107]: wrong number of type arguments: expected 0, found 1
    --> gen/serviceusage/v1beta1/lib/src/lib.rs:2580:26
     |
2580 |         pub unit: Option<String>,
     |                          ^^^^^^ unexpected type argument

error[E0107]: wrong number of type arguments: expected 0, found 1
    --> gen/serviceusage/v1beta1/lib/src/lib.rs:2583:28
     |
2583 |         pub values: Option<::std::collections::BTreeMap<String, i64>>,
     |                            ^^^^^^^^^^^^^^^^^^^^^^^^^^^^^^^^^^^^^^^^^ unexpected type argument

error[E0107]: wrong number of type arguments: expected 0, found 1
    --> gen/serviceusage/v1beta1/lib/src/lib.rs:2610:32
     |
2610 |         pub dimensions: Option<::std::collections::BTreeMap<String, String>>,
     |                                ^^^^^^^^^^^^^^^^^^^^^^^^^^^^^^^^^^^^^^^^^^^^ unexpected type argument

error[E0107]: wrong number of type arguments: expected 0, found 1
    --> gen/serviceusage/v1beta1/lib/src/lib.rs:2613:26
     |
2613 |         pub name: Option<String>,
     |                          ^^^^^^ unexpected type argument

error[E0107]: wrong number of type arguments: expected 0, found 1
    --> gen/serviceusage/v1beta1/lib/src/lib.rs:2617:36
     |
2617 |         pub override_value: Option<i64>,
     |                                    ^^^ unexpected type argument

error[E0107]: wrong number of type arguments: expected 0, found 1
    --> gen/serviceusage/v1beta1/lib/src/lib.rs:2683:28
     |
2683 |         pub config: Option<crate::schemas::ServiceConfig>,
     |                            ^^^^^^^^^^^^^^^^^^^^^^^^^^^^^ unexpected type argument

error[E0107]: wrong number of type arguments: expected 0, found 1
    --> gen/serviceusage/v1beta1/lib/src/lib.rs:2686:26
     |
2686 |         pub name: Option<String>,
     |                          ^^^^^^ unexpected type argument

error[E0107]: wrong number of type arguments: expected 0, found 1
    --> gen/serviceusage/v1beta1/lib/src/lib.rs:2689:28
     |
2689 |         pub parent: Option<String>,
     |                            ^^^^^^ unexpected type argument

error[E0107]: wrong number of type arguments: expected 0, found 1
    --> gen/serviceusage/v1beta1/lib/src/lib.rs:2692:27
     |
2692 |         pub state: Option<crate::schemas::ServiceState>,
     |                           ^^^^^^^^^^^^^^^^^^^^^^^^^^^^ unexpected type argument

error[E0107]: wrong number of type arguments: expected 0, found 1
    --> gen/serviceusage/v1beta1/lib/src/lib.rs:2708:26
     |
2708 |         pub apis: Option<Vec<crate::schemas::Api>>,
     |                          ^^^^^^^^^^^^^^^^^^^^^^^^ unexpected type argument

error[E0107]: wrong number of type arguments: expected 0, found 1
    --> gen/serviceusage/v1beta1/lib/src/lib.rs:2711:36
     |
2711 |         pub authentication: Option<crate::schemas::Authentication>,
     |                                    ^^^^^^^^^^^^^^^^^^^^^^^^^^^^^^ unexpected type argument

error[E0107]: wrong number of type arguments: expected 0, found 1
    --> gen/serviceusage/v1beta1/lib/src/lib.rs:2714:35
     |
2714 |         pub documentation: Option<crate::schemas::Documentation>,
     |                                   ^^^^^^^^^^^^^^^^^^^^^^^^^^^^^ unexpected type argument

error[E0107]: wrong number of type arguments: expected 0, found 1
    --> gen/serviceusage/v1beta1/lib/src/lib.rs:2717:31
     |
2717 |         pub endpoints: Option<Vec<crate::schemas::Endpoint>>,
     |                               ^^^^^^^^^^^^^^^^^^^^^^^^^^^^^ unexpected type argument

error[E0107]: wrong number of type arguments: expected 0, found 1
    --> gen/serviceusage/v1beta1/lib/src/lib.rs:2720:26
     |
2720 |         pub name: Option<String>,
     |                          ^^^^^^ unexpected type argument

error[E0107]: wrong number of type arguments: expected 0, found 1
    --> gen/serviceusage/v1beta1/lib/src/lib.rs:2723:27
     |
2723 |         pub quota: Option<crate::schemas::Quota>,
     |                           ^^^^^^^^^^^^^^^^^^^^^ unexpected type argument

error[E0107]: wrong number of type arguments: expected 0, found 1
    --> gen/serviceusage/v1beta1/lib/src/lib.rs:2726:27
     |
2726 |         pub title: Option<String>,
     |                           ^^^^^^ unexpected type argument

error[E0107]: wrong number of type arguments: expected 0, found 1
    --> gen/serviceusage/v1beta1/lib/src/lib.rs:2729:27
     |
2729 |         pub usage: Option<crate::schemas::Usage>,
     |                           ^^^^^^^^^^^^^^^^^^^^^ unexpected type argument

error[E0107]: wrong number of type arguments: expected 0, found 1
    --> gen/serviceusage/v1beta1/lib/src/lib.rs:2756:31
     |
2756 |         pub file_name: Option<String>,
     |                               ^^^^^^ unexpected type argument

error[E0107]: wrong number of type arguments: expected 0, found 1
    --> gen/serviceusage/v1beta1/lib/src/lib.rs:2772:34
     |
2772 |         pub source_files: Option<Vec<::std::collections::BTreeMap<String, ::serde_json::Value>>>,
     |                                  ^^^^^^^^^^^^^^^^^^^^^^^^^^^^^^^^^^^^^^^^^^^^^^^^^^^^^^^^^^^^^^ unexpected type argument

error[E0107]: wrong number of type arguments: expected 0, found 1
    --> gen/serviceusage/v1beta1/lib/src/lib.rs:2788:26
     |
2788 |         pub code: Option<i32>,
     |                          ^^^ unexpected type argument

error[E0107]: wrong number of type arguments: expected 0, found 1
    --> gen/serviceusage/v1beta1/lib/src/lib.rs:2791:29
     |
2791 |         pub details: Option<Vec<::std::collections::BTreeMap<String, ::serde_json::Value>>>,
     |                             ^^^^^^^^^^^^^^^^^^^^^^^^^^^^^^^^^^^^^^^^^^^^^^^^^^^^^^^^^^^^^^ unexpected type argument

error[E0107]: wrong number of type arguments: expected 0, found 1
    --> gen/serviceusage/v1beta1/lib/src/lib.rs:2794:29
     |
2794 |         pub message: Option<String>,
     |                             ^^^^^^ unexpected type argument

error[E0107]: wrong number of type arguments: expected 0, found 1
    --> gen/serviceusage/v1beta1/lib/src/lib.rs:2821:33
     |
2821 |         pub http_header: Option<String>,
     |                                 ^^^^^^ unexpected type argument

error[E0107]: wrong number of type arguments: expected 0, found 1
    --> gen/serviceusage/v1beta1/lib/src/lib.rs:2824:26
     |
2824 |         pub name: Option<String>,
     |                          ^^^^^^ unexpected type argument

error[E0107]: wrong number of type arguments: expected 0, found 1
    --> gen/serviceusage/v1beta1/lib/src/lib.rs:2827:41
     |
2827 |         pub url_query_parameter: Option<String>,
     |                                         ^^^^^^ unexpected type argument

error[E0107]: wrong number of type arguments: expected 0, found 1
    --> gen/serviceusage/v1beta1/lib/src/lib.rs:2854:32
     |
2854 |         pub parameters: Option<Vec<crate::schemas::SystemParameter>>,
     |                                ^^^^^^^^^^^^^^^^^^^^^^^^^^^^^^^^^^^^ unexpected type argument

error[E0107]: wrong number of type arguments: expected 0, found 1
    --> gen/serviceusage/v1beta1/lib/src/lib.rs:2857:30
     |
2857 |         pub selector: Option<String>,
     |                              ^^^^^^ unexpected type argument

error[E0107]: wrong number of type arguments: expected 0, found 1
    --> gen/serviceusage/v1beta1/lib/src/lib.rs:2884:27
     |
2884 |         pub rules: Option<Vec<crate::schemas::SystemParameterRule>>,
     |                           ^^^^^^^^^^^^^^^^^^^^^^^^^^^^^^^^^^^^^^^^ unexpected type argument

error[E0107]: wrong number of type arguments: expected 0, found 1
    --> gen/serviceusage/v1beta1/lib/src/lib.rs:2946:28
     |
2946 |         pub fields: Option<Vec<crate::schemas::Field>>,
     |                            ^^^^^^^^^^^^^^^^^^^^^^^^^^ unexpected type argument

error[E0107]: wrong number of type arguments: expected 0, found 1
    --> gen/serviceusage/v1beta1/lib/src/lib.rs:2949:26
     |
2949 |         pub name: Option<String>,
     |                          ^^^^^^ unexpected type argument

error[E0107]: wrong number of type arguments: expected 0, found 1
    --> gen/serviceusage/v1beta1/lib/src/lib.rs:2952:28
     |
2952 |         pub oneofs: Option<Vec<String>>,
     |                            ^^^^^^^^^^^ unexpected type argument

error[E0107]: wrong number of type arguments: expected 0, found 1
    --> gen/serviceusage/v1beta1/lib/src/lib.rs:2955:29
     |
2955 |         pub options: Option<Vec<crate::schemas::Option>>,
     |                             ^^^^^^^^^^^^^^^^^^^^^^^^^^^ unexpected type argument

error[E0107]: wrong number of type arguments: expected 0, found 1
    --> gen/serviceusage/v1beta1/lib/src/lib.rs:2958:36
     |
2958 |         pub source_context: Option<crate::schemas::SourceContext>,
     |                                    ^^^^^^^^^^^^^^^^^^^^^^^^^^^^^ unexpected type argument

error[E0107]: wrong number of type arguments: expected 0, found 1
    --> gen/serviceusage/v1beta1/lib/src/lib.rs:2961:28
     |
2961 |         pub syntax: Option<crate::schemas::TypeSyntax>,
     |                            ^^^^^^^^^^^^^^^^^^^^^^^^^^ unexpected type argument

error[E0107]: wrong number of type arguments: expected 0, found 1
    --> gen/serviceusage/v1beta1/lib/src/lib.rs:2988:51
     |
2988 |         pub producer_notification_channel: Option<String>,
     |                                                   ^^^^^^ unexpected type argument

error[E0107]: wrong number of type arguments: expected 0, found 1
    --> gen/serviceusage/v1beta1/lib/src/lib.rs:2991:34
     |
2991 |         pub requirements: Option<Vec<String>>,
     |                                  ^^^^^^^^^^^ unexpected type argument

error[E0107]: wrong number of type arguments: expected 0, found 1
    --> gen/serviceusage/v1beta1/lib/src/lib.rs:2994:27
     |
2994 |         pub rules: Option<Vec<crate::schemas::UsageRule>>,
     |                           ^^^^^^^^^^^^^^^^^^^^^^^^^^^^^^ unexpected type argument

error[E0107]: wrong number of type arguments: expected 0, found 1
    --> gen/serviceusage/v1beta1/lib/src/lib.rs:3021:46
     |
3021 |         pub allow_unregistered_calls: Option<bool>,
     |                                              ^^^^ unexpected type argument

error[E0107]: wrong number of type arguments: expected 0, found 1
    --> gen/serviceusage/v1beta1/lib/src/lib.rs:3024:30
     |
3024 |         pub selector: Option<String>,
     |                              ^^^^^^ unexpected type argument

error[E0107]: wrong number of type arguments: expected 0, found 1
    --> gen/serviceusage/v1beta1/lib/src/lib.rs:3027:42
     |
3027 |         pub skip_service_control: Option<bool>,
     |                                          ^^^^ unexpected type argument

error: aborting due to 248 previous errors

For more information about this error, try `rustc --explain E0107`.
error: Could not compile `google-serviceusage1_beta1`.

To learn more, run the command again with --verbose.
