    Blocking waiting for file lock on build directory
    Checking google-appengine1_beta v0.1.0 (/Users/sthiel/dev/google-apis/generated/gen/appengine/v1beta/lib)
error[E0433]: failed to resolve: unresolved import
    --> gen/appengine/v1beta/lib/src/lib.rs:4650:33
     |
4650 |             view: Option<crate::authorized_certificates::params::GetView>,
     |                                 ^^^^^^^^^^^^^^^^^^^^^^^
     |                                 |
     |                                 unresolved import
     |                                 help: a similar path exists: `crate::apps::authorized_certificates`

error[E0433]: failed to resolve: unresolved import
    --> gen/appengine/v1beta/lib/src/lib.rs:4667:31
     |
4667 |                 value: crate::authorized_certificates::params::GetView,
     |                               ^^^^^^^^^^^^^^^^^^^^^^^
     |                               |
     |                               unresolved import
     |                               help: a similar path exists: `crate::apps::authorized_certificates`

error[E0433]: failed to resolve: unresolved import
    --> gen/appengine/v1beta/lib/src/lib.rs:4792:33
     |
4792 |             view: Option<crate::authorized_certificates::params::ListView>,
     |                                 ^^^^^^^^^^^^^^^^^^^^^^^
     |                                 |
     |                                 unresolved import
     |                                 help: a similar path exists: `crate::apps::authorized_certificates`

error[E0433]: failed to resolve: unresolved import
    --> gen/appengine/v1beta/lib/src/lib.rs:4819:31
     |
4819 |                 value: crate::authorized_certificates::params::ListView,
     |                               ^^^^^^^^^^^^^^^^^^^^^^^
     |                               |
     |                               unresolved import
     |                               help: a similar path exists: `crate::apps::authorized_certificates`

error[E0433]: failed to resolve: unresolved import
    --> gen/appengine/v1beta/lib/src/lib.rs:5589:46
     |
5589 |             override_strategy: Option<crate::domain_mappings::params::CreateOverrideStrategy>,
     |                                              ^^^^^^^^^^^^^^^
     |                                              |
     |                                              unresolved import
     |                                              help: a similar path exists: `crate::apps::domain_mappings`

error[E0433]: failed to resolve: unresolved import
    --> gen/appengine/v1beta/lib/src/lib.rs:5606:31
     |
5606 |                 value: crate::domain_mappings::params::CreateOverrideStrategy,
     |                               ^^^^^^^^^^^^^^^
     |                               |
     |                               unresolved import
     |                               help: a similar path exists: `crate::apps::domain_mappings`

error[E0433]: failed to resolve: unresolved import
    --> gen/appengine/v1beta/lib/src/lib.rs:9483:37
     |
9483 |                 view: Option<crate::versions::params::GetView>,
     |                                     ^^^^^^^^
     |                                     |
     |                                     unresolved import
     |                                     help: a similar path exists: `crate::apps::services::versions`

error[E0433]: failed to resolve: unresolved import
    --> gen/appengine/v1beta/lib/src/lib.rs:9498:54
     |
9498 |                 pub fn view(&mut self, value: crate::versions::params::GetView) -> &mut Self {
     |                                                      ^^^^^^^^
     |                                                      |
     |                                                      unresolved import
     |                                                      help: a similar path exists: `crate::apps::services::versions`

error[E0433]: failed to resolve: unresolved import
    --> gen/appengine/v1beta/lib/src/lib.rs:9624:37
     |
9624 |                 view: Option<crate::versions::params::ListView>,
     |                                     ^^^^^^^^
     |                                     |
     |                                     unresolved import
     |                                     help: a similar path exists: `crate::apps::services::versions`

error[E0433]: failed to resolve: unresolved import
    --> gen/appengine/v1beta/lib/src/lib.rs:9649:54
     |
9649 |                 pub fn view(&mut self, value: crate::versions::params::ListView) -> &mut Self {
     |                                                      ^^^^^^^^
     |                                                      |
     |                                                      unresolved import
     |                                                      help: a similar path exists: `crate::apps::services::versions`

error[E0423]: expected value, found struct `authorized_certificates::AuthorizedCertificatesActions`
    --> gen/appengine/v1beta/lib/src/lib.rs:3629:13
     |
3629 |             authorized_certificates::AuthorizedCertificatesActions
     |             ^^^^^^^^^^^^^^^^^^^^^^^^^^^^^^^^^^^^^^^^^^^^^^^^^^^^^^ did you mean `authorized_certificates::AuthorizedCertificatesActions { /* fields */ }`?

error[E0423]: expected value, found struct `authorized_domains::AuthorizedDomainsActions`
    --> gen/appengine/v1beta/lib/src/lib.rs:3633:13
     |
3633 |             authorized_domains::AuthorizedDomainsActions
     |             ^^^^^^^^^^^^^^^^^^^^^^^^^^^^^^^^^^^^^^^^^^^^ did you mean `authorized_domains::AuthorizedDomainsActions { /* fields */ }`?

error[E0423]: expected value, found struct `domain_mappings::DomainMappingsActions`
    --> gen/appengine/v1beta/lib/src/lib.rs:3637:13
     |
3637 |             domain_mappings::DomainMappingsActions
     |             ^^^^^^^^^^^^^^^^^^^^^^^^^^^^^^^^^^^^^^ did you mean `domain_mappings::DomainMappingsActions { /* fields */ }`?

error[E0423]: expected value, found struct `firewall::FirewallActions`
    --> gen/appengine/v1beta/lib/src/lib.rs:3641:13
     |
3641 |             firewall::FirewallActions
     |             ^^^^^^^^^^^^^^^^^^^^^^^^^ did you mean `firewall::FirewallActions { /* fields */ }`?

error[E0423]: expected value, found struct `locations::LocationsActions`
    --> gen/appengine/v1beta/lib/src/lib.rs:3645:13
     |
3645 |             locations::LocationsActions
     |             ^^^^^^^^^^^^^^^^^^^^^^^^^^^ did you mean `locations::LocationsActions { /* fields */ }`?

error[E0423]: expected value, found struct `operations::OperationsActions`
    --> gen/appengine/v1beta/lib/src/lib.rs:3649:13
     |
3649 |             operations::OperationsActions
     |             ^^^^^^^^^^^^^^^^^^^^^^^^^^^^^ did you mean `operations::OperationsActions { /* fields */ }`?

error[E0423]: expected value, found struct `services::ServicesActions`
    --> gen/appengine/v1beta/lib/src/lib.rs:3653:13
     |
3653 |             services::ServicesActions
     |             ^^^^^^^^^^^^^^^^^^^^^^^^^ did you mean `services::ServicesActions { /* fields */ }`?

error[E0423]: expected value, found struct `ingress_rules::IngressRulesActions`
    --> gen/appengine/v1beta/lib/src/lib.rs:6358:17
     |
6358 |                 ingress_rules::IngressRulesActions
     |                 ^^^^^^^^^^^^^^^^^^^^^^^^^^^^^^^^^^ did you mean `ingress_rules::IngressRulesActions { /* fields */ }`?

error[E0423]: expected value, found struct `versions::VersionsActions`
    --> gen/appengine/v1beta/lib/src/lib.rs:8353:17
     |
8353 |                 versions::VersionsActions
     |                 ^^^^^^^^^^^^^^^^^^^^^^^^^ did you mean `versions::VersionsActions { /* fields */ }`?

error[E0423]: expected value, found struct `instances::InstancesActions`
    --> gen/appengine/v1beta/lib/src/lib.rs:9204:21
     |
9204 |                     instances::InstancesActions
     |                     ^^^^^^^^^^^^^^^^^^^^^^^^^^^ did you mean `instances::InstancesActions { /* fields */ }`?

warning: unreachable expression
    --> gen/appengine/v1beta/lib/src/lib.rs:3145:13
     |
3145 | /             Ok(match value {
3146 | |                 _ => {
3147 | |                     return Err(::serde::de::Error::custom(format!(
3148 | |                         "invalid enum for #name: {}",
...    |
3151 | |                 }
3152 | |             })
     | |______________^
     |
     = note: #[warn(unreachable_code)] on by default

warning: unreachable expression
    --> gen/appengine/v1beta/lib/src/lib.rs:4207:21
     |
4207 | /                     Ok(match value {
4208 | |                         _ => {
4209 | |                             return Err(::serde::de::Error::custom(format!(
4210 | |                                 "invalid enum for #name: {}",
...    |
4213 | |                         }
4214 | |                     })
     | |______________________^

warning: unreachable expression
    --> gen/appengine/v1beta/lib/src/lib.rs:4243:21
     |
4243 | /                     Ok(match value {
4244 | |                         _ => {
4245 | |                             return Err(::serde::de::Error::custom(format!(
4246 | |                                 "invalid enum for #name: {}",
...    |
4249 | |                         }
4250 | |                     })
     | |______________________^

warning: unreachable expression
    --> gen/appengine/v1beta/lib/src/lib.rs:5445:21
     |
5445 | /                     Ok(match value {
5446 | |                         _ => {
5447 | |                             return Err(::serde::de::Error::custom(format!(
5448 | |                                 "invalid enum for #name: {}",
...    |
5451 | |                         }
5452 | |                     })
     | |______________________^

warning: unreachable expression
    --> gen/appengine/v1beta/lib/src/lib.rs:9015:25
     |
9015 | /                         Ok(match value {
9016 | |                             _ => {
9017 | |                                 return Err(::serde::de::Error::custom(format!(
9018 | |                                     "invalid enum for #name: {}",
...    |
9021 | |                             }
9022 | |                         })
     | |__________________________^

warning: unreachable expression
    --> gen/appengine/v1beta/lib/src/lib.rs:9051:25
     |
9051 | /                         Ok(match value {
9052 | |                             _ => {
9053 | |                                 return Err(::serde::de::Error::custom(format!(
9054 | |                                     "invalid enum for #name: {}",
...    |
9057 | |                             }
9058 | |                         })
     | |__________________________^

error: aborting due to 20 previous errors

Some errors have detailed explanations: E0423, E0433.
For more information about an error, try `rustc --explain E0423`.
error: Could not compile `google-appengine1_beta`.

To learn more, run the command again with --verbose.
