    Blocking waiting for file lock on build directory
    Checking google-analytics3 v0.1.0 (/Users/sthiel/dev/google-apis/generated/gen/analytics/v3/lib)
error[E0433]: failed to resolve: unresolved import
    --> gen/analytics/v3/lib/src/lib.rs:4760:35
     |
4760 |             output: Option<crate::ga::params::GetOutput>,
     |                                   ^^
     |                                   |
     |                                   unresolved import
     |                                   help: a similar path exists: `crate::data::ga`

error[E0433]: failed to resolve: unresolved import
    --> gen/analytics/v3/lib/src/lib.rs:4761:43
     |
4761 |             sampling_level: Option<crate::ga::params::GetSamplingLevel>,
     |                                           ^^
     |                                           |
     |                                           unresolved import
     |                                           help: a similar path exists: `crate::data::ga`

error[E0433]: failed to resolve: unresolved import
    --> gen/analytics/v3/lib/src/lib.rs:4795:52
     |
4795 |             pub fn output(&mut self, value: crate::ga::params::GetOutput) -> &mut Self {
     |                                                    ^^
     |                                                    |
     |                                                    unresolved import
     |                                                    help: a similar path exists: `crate::data::ga`

error[E0433]: failed to resolve: unresolved import
    --> gen/analytics/v3/lib/src/lib.rs:4802:31
     |
4802 |                 value: crate::ga::params::GetSamplingLevel,
     |                               ^^
     |                               |
     |                               unresolved import
     |                               help: a similar path exists: `crate::data::ga`

error[E0433]: failed to resolve: unresolved import
    --> gen/analytics/v3/lib/src/lib.rs:5020:43
     |
5020 |             sampling_level: Option<crate::mcf::params::GetSamplingLevel>,
     |                                           ^^^
     |                                           |
     |                                           unresolved import
     |                                           help: a similar path exists: `crate::data::mcf`

error[E0433]: failed to resolve: unresolved import
    --> gen/analytics/v3/lib/src/lib.rs:5050:31
     |
5050 |                 value: crate::mcf::params::GetSamplingLevel,
     |                               ^^^
     |                               |
     |                               unresolved import
     |                               help: a similar path exists: `crate::data::mcf`

error[E0423]: expected value, found struct `ga::GaActions`
    --> gen/analytics/v3/lib/src/lib.rs:4599:13
     |
4599 |             ga::GaActions
     |             ^^^^^^^^^^^^^ did you mean `ga::GaActions { /* fields */ }`?

error[E0423]: expected value, found struct `mcf::McfActions`
    --> gen/analytics/v3/lib/src/lib.rs:4603:13
     |
4603 |             mcf::McfActions
     |             ^^^^^^^^^^^^^^^ did you mean `mcf::McfActions { /* fields */ }`?

error[E0423]: expected value, found struct `realtime::RealtimeActions`
    --> gen/analytics/v3/lib/src/lib.rs:4607:13
     |
4607 |             realtime::RealtimeActions
     |             ^^^^^^^^^^^^^^^^^^^^^^^^^ did you mean `realtime::RealtimeActions { /* fields */ }`?

error[E0423]: expected value, found struct `account_summaries::AccountSummariesActions`
    --> gen/analytics/v3/lib/src/lib.rs:5332:13
     |
5332 |             account_summaries::AccountSummariesActions
     |             ^^^^^^^^^^^^^^^^^^^^^^^^^^^^^^^^^^^^^^^^^^ did you mean `account_summaries::AccountSummariesActions { /* fields */ }`?

error[E0423]: expected value, found struct `account_user_links::AccountUserLinksActions`
    --> gen/analytics/v3/lib/src/lib.rs:5336:13
     |
5336 |             account_user_links::AccountUserLinksActions
     |             ^^^^^^^^^^^^^^^^^^^^^^^^^^^^^^^^^^^^^^^^^^^ did you mean `account_user_links::AccountUserLinksActions { /* fields */ }`?

error[E0423]: expected value, found struct `accounts::AccountsActions`
    --> gen/analytics/v3/lib/src/lib.rs:5340:13
     |
5340 |             accounts::AccountsActions
     |             ^^^^^^^^^^^^^^^^^^^^^^^^^ did you mean `accounts::AccountsActions { /* fields */ }`?

error[E0423]: expected value, found struct `client_id::ClientIdActions`
    --> gen/analytics/v3/lib/src/lib.rs:5344:13
     |
5344 |             client_id::ClientIdActions
     |             ^^^^^^^^^^^^^^^^^^^^^^^^^^ did you mean `client_id::ClientIdActions { /* fields */ }`?

error[E0423]: expected value, found struct `custom_data_sources::CustomDataSourcesActions`
    --> gen/analytics/v3/lib/src/lib.rs:5348:13
     |
5348 |             custom_data_sources::CustomDataSourcesActions
     |             ^^^^^^^^^^^^^^^^^^^^^^^^^^^^^^^^^^^^^^^^^^^^^ did you mean `custom_data_sources::CustomDataSourcesActions { /* fields */ }`?

error[E0423]: expected value, found struct `custom_dimensions::CustomDimensionsActions`
    --> gen/analytics/v3/lib/src/lib.rs:5352:13
     |
5352 |             custom_dimensions::CustomDimensionsActions
     |             ^^^^^^^^^^^^^^^^^^^^^^^^^^^^^^^^^^^^^^^^^^ did you mean `custom_dimensions::CustomDimensionsActions { /* fields */ }`?

error[E0423]: expected value, found struct `custom_metrics::CustomMetricsActions`
    --> gen/analytics/v3/lib/src/lib.rs:5356:13
     |
5356 |             custom_metrics::CustomMetricsActions
     |             ^^^^^^^^^^^^^^^^^^^^^^^^^^^^^^^^^^^^ did you mean `custom_metrics::CustomMetricsActions { /* fields */ }`?

error[E0423]: expected value, found struct `experiments::ExperimentsActions`
    --> gen/analytics/v3/lib/src/lib.rs:5360:13
     |
5360 |             experiments::ExperimentsActions
     |             ^^^^^^^^^^^^^^^^^^^^^^^^^^^^^^^ did you mean `experiments::ExperimentsActions { /* fields */ }`?

error[E0423]: expected value, found struct `filters::FiltersActions`
    --> gen/analytics/v3/lib/src/lib.rs:5364:13
     |
5364 |             filters::FiltersActions
     |             ^^^^^^^^^^^^^^^^^^^^^^^ did you mean `filters::FiltersActions { /* fields */ }`?

error[E0423]: expected value, found struct `goals::GoalsActions`
    --> gen/analytics/v3/lib/src/lib.rs:5368:13
     |
5368 |             goals::GoalsActions
     |             ^^^^^^^^^^^^^^^^^^^ did you mean `goals::GoalsActions { /* fields */ }`?

error[E0423]: expected value, found struct `profile_filter_links::ProfileFilterLinksActions`
    --> gen/analytics/v3/lib/src/lib.rs:5372:13
     |
5372 |             profile_filter_links::ProfileFilterLinksActions
     |             ^^^^^^^^^^^^^^^^^^^^^^^^^^^^^^^^^^^^^^^^^^^^^^^ did you mean `profile_filter_links::ProfileFilterLinksActions { /* fields */ }`?

error[E0423]: expected value, found struct `profile_user_links::ProfileUserLinksActions`
    --> gen/analytics/v3/lib/src/lib.rs:5376:13
     |
5376 |             profile_user_links::ProfileUserLinksActions
     |             ^^^^^^^^^^^^^^^^^^^^^^^^^^^^^^^^^^^^^^^^^^^ did you mean `profile_user_links::ProfileUserLinksActions { /* fields */ }`?

error[E0423]: expected value, found struct `profiles::ProfilesActions`
    --> gen/analytics/v3/lib/src/lib.rs:5380:13
     |
5380 |             profiles::ProfilesActions
     |             ^^^^^^^^^^^^^^^^^^^^^^^^^ did you mean `profiles::ProfilesActions { /* fields */ }`?

error[E0423]: expected value, found struct `remarketing_audience::RemarketingAudienceActions`
    --> gen/analytics/v3/lib/src/lib.rs:5384:13
     |
5384 |             remarketing_audience::RemarketingAudienceActions
     |             ^^^^^^^^^^^^^^^^^^^^^^^^^^^^^^^^^^^^^^^^^^^^^^^^ did you mean `remarketing_audience::RemarketingAudienceActions { /* fields */ }`?

error[E0423]: expected value, found struct `segments::SegmentsActions`
    --> gen/analytics/v3/lib/src/lib.rs:5388:13
     |
5388 |             segments::SegmentsActions
     |             ^^^^^^^^^^^^^^^^^^^^^^^^^ did you mean `segments::SegmentsActions { /* fields */ }`?

error[E0423]: expected value, found struct `unsampled_reports::UnsampledReportsActions`
    --> gen/analytics/v3/lib/src/lib.rs:5392:13
     |
5392 |             unsampled_reports::UnsampledReportsActions
     |             ^^^^^^^^^^^^^^^^^^^^^^^^^^^^^^^^^^^^^^^^^^ did you mean `unsampled_reports::UnsampledReportsActions { /* fields */ }`?

error[E0423]: expected value, found struct `uploads::UploadsActions`
    --> gen/analytics/v3/lib/src/lib.rs:5396:13
     |
5396 |             uploads::UploadsActions
     |             ^^^^^^^^^^^^^^^^^^^^^^^ did you mean `uploads::UploadsActions { /* fields */ }`?

error[E0423]: expected value, found struct `web_property_ad_words_links::WebPropertyAdWordsLinksActions`
    --> gen/analytics/v3/lib/src/lib.rs:5402:13
     |
5402 |             web_property_ad_words_links::WebPropertyAdWordsLinksActions
     |             ^^^^^^^^^^^^^^^^^^^^^^^^^^^^^^^^^^^^^^^^^^^^^^^^^^^^^^^^^^^ did you mean `web_property_ad_words_links::WebPropertyAdWordsLinksActions { /* fields */ }`?

error[E0423]: expected value, found struct `webproperties::WebpropertiesActions`
    --> gen/analytics/v3/lib/src/lib.rs:5406:13
     |
5406 |             webproperties::WebpropertiesActions
     |             ^^^^^^^^^^^^^^^^^^^^^^^^^^^^^^^^^^^ did you mean `webproperties::WebpropertiesActions { /* fields */ }`?

error[E0423]: expected value, found struct `webproperty_user_links::WebpropertyUserLinksActions`
    --> gen/analytics/v3/lib/src/lib.rs:5412:13
     |
5412 |             webproperty_user_links::WebpropertyUserLinksActions
     |             ^^^^^^^^^^^^^^^^^^^^^^^^^^^^^^^^^^^^^^^^^^^^^^^^^^^ did you mean `webproperty_user_links::WebpropertyUserLinksActions { /* fields */ }`?

error[E0423]: expected value, found struct `columns::ColumnsActions`
     --> gen/analytics/v3/lib/src/lib.rs:16221:13
      |
16221 |             columns::ColumnsActions
      |             ^^^^^^^^^^^^^^^^^^^^^^^ did you mean `columns::ColumnsActions { /* fields */ }`?

error[E0423]: expected value, found struct `user_deletion_request::UserDeletionRequestActions`
     --> gen/analytics/v3/lib/src/lib.rs:16605:13
      |
16605 |             user_deletion_request::UserDeletionRequestActions
      |             ^^^^^^^^^^^^^^^^^^^^^^^^^^^^^^^^^^^^^^^^^^^^^^^^^ did you mean `user_deletion_request::UserDeletionRequestActions { /* fields */ }`?

error[E0609]: no field `request` on type `management::uploads::UploadDataRequestBuilder<'a, A>`
     --> gen/analytics/v3/lib/src/lib.rs:14169:63
      |
14169 |                 let request_json = ::serde_json::to_vec(&self.request)?;
      |                                                               ^^^^^^^ help: a field with a similar name exists: `reqwest`

error: aborting due to 32 previous errors

Some errors have detailed explanations: E0423, E0433, E0609.
For more information about an error, try `rustc --explain E0423`.
error: Could not compile `google-analytics3`.

To learn more, run the command again with --verbose.
