    Blocking waiting for file lock on build directory
    Checking google-serviceusage1 v0.1.0 (/Users/sthiel/dev/google-apis/generated/gen/serviceusage/v1/lib)
error[E0107]: wrong number of type arguments: expected 0, found 1
  --> gen/serviceusage/v1/lib/src/lib.rs:52:29
   |
52 |         pub methods: Option<Vec<crate::schemas::Method>>,
   |                             ^^^^^^^^^^^^^^^^^^^^^^^^^^^ unexpected type argument

error[E0107]: wrong number of type arguments: expected 0, found 1
  --> gen/serviceusage/v1/lib/src/lib.rs:55:28
   |
55 |         pub mixins: Option<Vec<crate::schemas::Mixin>>,
   |                            ^^^^^^^^^^^^^^^^^^^^^^^^^^ unexpected type argument

error[E0107]: wrong number of type arguments: expected 0, found 1
  --> gen/serviceusage/v1/lib/src/lib.rs:58:26
   |
58 |         pub name: Option<String>,
   |                          ^^^^^^ unexpected type argument

error[E0107]: wrong number of type arguments: expected 0, found 1
  --> gen/serviceusage/v1/lib/src/lib.rs:61:29
   |
61 |         pub options: Option<Vec<crate::schemas::Option>>,
   |                             ^^^^^^^^^^^^^^^^^^^^^^^^^^^ unexpected type argument

error[E0107]: wrong number of type arguments: expected 0, found 1
  --> gen/serviceusage/v1/lib/src/lib.rs:64:36
   |
64 |         pub source_context: Option<crate::schemas::SourceContext>,
   |                                    ^^^^^^^^^^^^^^^^^^^^^^^^^^^^^ unexpected type argument

error[E0107]: wrong number of type arguments: expected 0, found 1
  --> gen/serviceusage/v1/lib/src/lib.rs:67:28
   |
67 |         pub syntax: Option<crate::schemas::ApiSyntax>,
   |                            ^^^^^^^^^^^^^^^^^^^^^^^^^ unexpected type argument

error[E0107]: wrong number of type arguments: expected 0, found 1
  --> gen/serviceusage/v1/lib/src/lib.rs:70:29
   |
70 |         pub version: Option<String>,
   |                             ^^^^^^ unexpected type argument

error[E0107]: wrong number of type arguments: expected 0, found 1
  --> gen/serviceusage/v1/lib/src/lib.rs:97:31
   |
97 |         pub audiences: Option<String>,
   |                               ^^^^^^ unexpected type argument

error[E0107]: wrong number of type arguments: expected 0, found 1
   --> gen/serviceusage/v1/lib/src/lib.rs:100:39
    |
100 |         pub authorization_url: Option<String>,
    |                                       ^^^^^^ unexpected type argument

error[E0107]: wrong number of type arguments: expected 0, found 1
   --> gen/serviceusage/v1/lib/src/lib.rs:103:24
    |
103 |         pub id: Option<String>,
    |                        ^^^^^^ unexpected type argument

error[E0107]: wrong number of type arguments: expected 0, found 1
   --> gen/serviceusage/v1/lib/src/lib.rs:106:28
    |
106 |         pub issuer: Option<String>,
    |                            ^^^^^^ unexpected type argument

error[E0107]: wrong number of type arguments: expected 0, found 1
   --> gen/serviceusage/v1/lib/src/lib.rs:109:30
    |
109 |         pub jwks_uri: Option<String>,
    |                              ^^^^^^ unexpected type argument

error[E0107]: wrong number of type arguments: expected 0, found 1
   --> gen/serviceusage/v1/lib/src/lib.rs:136:31
    |
136 |         pub audiences: Option<String>,
    |                               ^^^^^^ unexpected type argument

error[E0107]: wrong number of type arguments: expected 0, found 1
   --> gen/serviceusage/v1/lib/src/lib.rs:139:33
    |
139 |         pub provider_id: Option<String>,
    |                                 ^^^^^^ unexpected type argument

error[E0107]: wrong number of type arguments: expected 0, found 1
   --> gen/serviceusage/v1/lib/src/lib.rs:166:31
    |
166 |         pub providers: Option<Vec<crate::schemas::AuthProvider>>,
    |                               ^^^^^^^^^^^^^^^^^^^^^^^^^^^^^^^^^ unexpected type argument

error[E0107]: wrong number of type arguments: expected 0, found 1
   --> gen/serviceusage/v1/lib/src/lib.rs:169:27
    |
169 |         pub rules: Option<Vec<crate::schemas::AuthenticationRule>>,
    |                           ^^^^^^^^^^^^^^^^^^^^^^^^^^^^^^^^^^^^^^^ unexpected type argument

error[E0107]: wrong number of type arguments: expected 0, found 1
   --> gen/serviceusage/v1/lib/src/lib.rs:196:46
    |
196 |         pub allow_without_credential: Option<bool>,
    |                                              ^^^^ unexpected type argument

error[E0107]: wrong number of type arguments: expected 0, found 1
   --> gen/serviceusage/v1/lib/src/lib.rs:199:27
    |
199 |         pub oauth: Option<crate::schemas::OauthRequirements>,
    |                           ^^^^^^^^^^^^^^^^^^^^^^^^^^^^^^^^^ unexpected type argument

error[E0107]: wrong number of type arguments: expected 0, found 1
   --> gen/serviceusage/v1/lib/src/lib.rs:202:34
    |
202 |         pub requirements: Option<Vec<crate::schemas::AuthRequirement>>,
    |                                  ^^^^^^^^^^^^^^^^^^^^^^^^^^^^^^^^^^^^ unexpected type argument

error[E0107]: wrong number of type arguments: expected 0, found 1
   --> gen/serviceusage/v1/lib/src/lib.rs:205:30
    |
205 |         pub selector: Option<String>,
    |                              ^^^^^^ unexpected type argument

error[E0107]: wrong number of type arguments: expected 0, found 1
   --> gen/serviceusage/v1/lib/src/lib.rs:223:27
    |
223 |         pub rules: Option<Vec<crate::schemas::BackendRule>>,
    |                           ^^^^^^^^^^^^^^^^^^^^^^^^^^^^^^^^ unexpected type argument

error[E0107]: wrong number of type arguments: expected 0, found 1
   --> gen/serviceusage/v1/lib/src/lib.rs:294:29
    |
294 |         pub address: Option<String>,
    |                             ^^^^^^ unexpected type argument

error[E0107]: wrong number of type arguments: expected 0, found 1
   --> gen/serviceusage/v1/lib/src/lib.rs:297:30
    |
297 |         pub deadline: Option<f64>,
    |                              ^^^ unexpected type argument

error[E0107]: wrong number of type arguments: expected 0, found 1
   --> gen/serviceusage/v1/lib/src/lib.rs:300:34
    |
300 |         pub jwt_audience: Option<String>,
    |                                  ^^^^^^ unexpected type argument

error[E0107]: wrong number of type arguments: expected 0, found 1
   --> gen/serviceusage/v1/lib/src/lib.rs:303:34
    |
303 |         pub min_deadline: Option<f64>,
    |                                  ^^^ unexpected type argument

error[E0107]: wrong number of type arguments: expected 0, found 1
   --> gen/serviceusage/v1/lib/src/lib.rs:306:40
    |
306 |         pub operation_deadline: Option<f64>,
    |                                        ^^^ unexpected type argument

error[E0107]: wrong number of type arguments: expected 0, found 1
   --> gen/serviceusage/v1/lib/src/lib.rs:308:38
    |
308 |         pub path_translation: Option<crate::schemas::BackendRulePathTranslation>,
    |                                      ^^^^^^^^^^^^^^^^^^^^^^^^^^^^^^^^^^^^^^^^^^ unexpected type argument

error[E0107]: wrong number of type arguments: expected 0, found 1
   --> gen/serviceusage/v1/lib/src/lib.rs:311:30
    |
311 |         pub selector: Option<String>,
    |                              ^^^^^^ unexpected type argument

error[E0107]: wrong number of type arguments: expected 0, found 1
   --> gen/serviceusage/v1/lib/src/lib.rs:338:31
    |
338 |         pub overrides: Option<Vec<crate::schemas::QuotaOverride>>,
    |                               ^^^^^^^^^^^^^^^^^^^^^^^^^^^^^^^^^^ unexpected type argument

error[E0107]: wrong number of type arguments: expected 0, found 1
   --> gen/serviceusage/v1/lib/src/lib.rs:365:31
    |
365 |         pub overrides: Option<Vec<crate::schemas::QuotaOverride>>,
    |                               ^^^^^^^^^^^^^^^^^^^^^^^^^^^^^^^^^^ unexpected type argument

error[E0107]: wrong number of type arguments: expected 0, found 1
   --> gen/serviceusage/v1/lib/src/lib.rs:392:33
    |
392 |         pub service_ids: Option<Vec<String>>,
    |                                 ^^^^^^^^^^^ unexpected type argument

error[E0107]: wrong number of type arguments: expected 0, found 1
   --> gen/serviceusage/v1/lib/src/lib.rs:408:30
    |
408 |         pub failures: Option<Vec<crate::schemas::EnableFailure>>,
    |                              ^^^^^^^^^^^^^^^^^^^^^^^^^^^^^^^^^^ unexpected type argument

error[E0107]: wrong number of type arguments: expected 0, found 1
   --> gen/serviceusage/v1/lib/src/lib.rs:411:30
    |
411 |         pub services: Option<Vec<crate::schemas::GoogleApiServiceusageV1Service>>,
    |                              ^^^^^^^^^^^^^^^^^^^^^^^^^^^^^^^^^^^^^^^^^^^^^^^^^^^ unexpected type argument

error[E0107]: wrong number of type arguments: expected 0, found 1
   --> gen/serviceusage/v1/lib/src/lib.rs:438:43
    |
438 |         pub consumer_destinations: Option<Vec<crate::schemas::BillingDestination>>,
    |                                           ^^^^^^^^^^^^^^^^^^^^^^^^^^^^^^^^^^^^^^^ unexpected type argument

error[E0107]: wrong number of type arguments: expected 0, found 1
   --> gen/serviceusage/v1/lib/src/lib.rs:465:29
    |
465 |         pub metrics: Option<Vec<String>>,
    |                             ^^^^^^^^^^^ unexpected type argument

error[E0107]: wrong number of type arguments: expected 0, found 1
   --> gen/serviceusage/v1/lib/src/lib.rs:468:40
    |
468 |         pub monitored_resource: Option<String>,
    |                                        ^^^^^^ unexpected type argument

error[E0107]: wrong number of type arguments: expected 0, found 1
   --> gen/serviceusage/v1/lib/src/lib.rs:512:27
    |
512 |         pub rules: Option<Vec<crate::schemas::ContextRule>>,
    |                           ^^^^^^^^^^^^^^^^^^^^^^^^^^^^^^^^ unexpected type argument

error[E0107]: wrong number of type arguments: expected 0, found 1
   --> gen/serviceusage/v1/lib/src/lib.rs:539:48
    |
539 |         pub allowed_request_extensions: Option<Vec<String>>,
    |                                                ^^^^^^^^^^^ unexpected type argument

error[E0107]: wrong number of type arguments: expected 0, found 1
   --> gen/serviceusage/v1/lib/src/lib.rs:542:49
    |
542 |         pub allowed_response_extensions: Option<Vec<String>>,
    |                                                 ^^^^^^^^^^^ unexpected type argument

error[E0107]: wrong number of type arguments: expected 0, found 1
   --> gen/serviceusage/v1/lib/src/lib.rs:545:30
    |
545 |         pub provided: Option<Vec<String>>,
    |                              ^^^^^^^^^^^ unexpected type argument

error[E0107]: wrong number of type arguments: expected 0, found 1
   --> gen/serviceusage/v1/lib/src/lib.rs:548:31
    |
548 |         pub requested: Option<Vec<String>>,
    |                               ^^^^^^^^^^^ unexpected type argument

error[E0107]: wrong number of type arguments: expected 0, found 1
   --> gen/serviceusage/v1/lib/src/lib.rs:551:30
    |
551 |         pub selector: Option<String>,
    |                              ^^^^^^ unexpected type argument

error[E0107]: wrong number of type arguments: expected 0, found 1
   --> gen/serviceusage/v1/lib/src/lib.rs:578:33
    |
578 |         pub environment: Option<String>,
    |                                 ^^^^^^ unexpected type argument

error[E0107]: wrong number of type arguments: expected 0, found 1
   --> gen/serviceusage/v1/lib/src/lib.rs:605:27
    |
605 |         pub rules: Option<Vec<crate::schemas::CustomErrorRule>>,
    |                           ^^^^^^^^^^^^^^^^^^^^^^^^^^^^^^^^^^^^ unexpected type argument

error[E0107]: wrong number of type arguments: expected 0, found 1
   --> gen/serviceusage/v1/lib/src/lib.rs:608:27
    |
608 |         pub types: Option<Vec<String>>,
    |                           ^^^^^^^^^^^ unexpected type argument

error[E0107]: wrong number of type arguments: expected 0, found 1
   --> gen/serviceusage/v1/lib/src/lib.rs:635:35
    |
635 |         pub is_error_type: Option<bool>,
    |                                   ^^^^ unexpected type argument

error[E0107]: wrong number of type arguments: expected 0, found 1
   --> gen/serviceusage/v1/lib/src/lib.rs:638:30
    |
638 |         pub selector: Option<String>,
    |                              ^^^^^^ unexpected type argument

error[E0107]: wrong number of type arguments: expected 0, found 1
   --> gen/serviceusage/v1/lib/src/lib.rs:665:26
    |
665 |         pub kind: Option<String>,
    |                          ^^^^^^ unexpected type argument

error[E0107]: wrong number of type arguments: expected 0, found 1
   --> gen/serviceusage/v1/lib/src/lib.rs:668:26
    |
668 |         pub path: Option<String>,
    |                          ^^^^^^ unexpected type argument

error[E0107]: wrong number of type arguments: expected 0, found 1
   --> gen/serviceusage/v1/lib/src/lib.rs:695:48
    |
695 |         pub disable_dependent_services: Option<bool>,
    |                                                ^^^^ unexpected type argument

error[E0107]: wrong number of type arguments: expected 0, found 1
   --> gen/serviceusage/v1/lib/src/lib.rs:711:29
    |
711 |         pub service: Option<crate::schemas::GoogleApiServiceusageV1Service>,
    |                             ^^^^^^^^^^^^^^^^^^^^^^^^^^^^^^^^^^^^^^^^^^^^^^ unexpected type argument

error[E0107]: wrong number of type arguments: expected 0, found 1
   --> gen/serviceusage/v1/lib/src/lib.rs:738:44
    |
738 |         pub documentation_root_url: Option<String>,
    |                                            ^^^^^^ unexpected type argument

error[E0107]: wrong number of type arguments: expected 0, found 1
   --> gen/serviceusage/v1/lib/src/lib.rs:741:30
    |
741 |         pub overview: Option<String>,
    |                              ^^^^^^ unexpected type argument

error[E0107]: wrong number of type arguments: expected 0, found 1
   --> gen/serviceusage/v1/lib/src/lib.rs:744:27
    |
744 |         pub pages: Option<Vec<crate::schemas::Page>>,
    |                           ^^^^^^^^^^^^^^^^^^^^^^^^^ unexpected type argument

error[E0107]: wrong number of type arguments: expected 0, found 1
   --> gen/serviceusage/v1/lib/src/lib.rs:747:27
    |
747 |         pub rules: Option<Vec<crate::schemas::DocumentationRule>>,
    |                           ^^^^^^^^^^^^^^^^^^^^^^^^^^^^^^^^^^^^^^ unexpected type argument

error[E0107]: wrong number of type arguments: expected 0, found 1
   --> gen/serviceusage/v1/lib/src/lib.rs:750:38
    |
750 |         pub service_root_url: Option<String>,
    |                                      ^^^^^^ unexpected type argument

error[E0107]: wrong number of type arguments: expected 0, found 1
   --> gen/serviceusage/v1/lib/src/lib.rs:753:29
    |
753 |         pub summary: Option<String>,
    |                             ^^^^^^ unexpected type argument

error[E0107]: wrong number of type arguments: expected 0, found 1
   --> gen/serviceusage/v1/lib/src/lib.rs:780:45
    |
780 |         pub deprecation_description: Option<String>,
    |                                             ^^^^^^ unexpected type argument

error[E0107]: wrong number of type arguments: expected 0, found 1
   --> gen/serviceusage/v1/lib/src/lib.rs:783:33
    |
783 |         pub description: Option<String>,
    |                                 ^^^^^^ unexpected type argument

error[E0107]: wrong number of type arguments: expected 0, found 1
   --> gen/serviceusage/v1/lib/src/lib.rs:786:30
    |
786 |         pub selector: Option<String>,
    |                              ^^^^^^ unexpected type argument

error[E0107]: wrong number of type arguments: expected 0, found 1
   --> gen/serviceusage/v1/lib/src/lib.rs:830:35
    |
830 |         pub error_message: Option<String>,
    |                                   ^^^^^^ unexpected type argument

error[E0107]: wrong number of type arguments: expected 0, found 1
   --> gen/serviceusage/v1/lib/src/lib.rs:833:32
    |
833 |         pub service_id: Option<String>,
    |                                ^^^^^^ unexpected type argument

error[E0107]: wrong number of type arguments: expected 0, found 1
   --> gen/serviceusage/v1/lib/src/lib.rs:866:29
    |
866 |         pub service: Option<crate::schemas::GoogleApiServiceusageV1Service>,
    |                             ^^^^^^^^^^^^^^^^^^^^^^^^^^^^^^^^^^^^^^^^^^^^^^ unexpected type argument

error[E0107]: wrong number of type arguments: expected 0, found 1
   --> gen/serviceusage/v1/lib/src/lib.rs:893:29
    |
893 |         pub aliases: Option<Vec<String>>,
    |                             ^^^^^^^^^^^ unexpected type argument

error[E0107]: wrong number of type arguments: expected 0, found 1
   --> gen/serviceusage/v1/lib/src/lib.rs:896:32
    |
896 |         pub allow_cors: Option<bool>,
    |                                ^^^^ unexpected type argument

error[E0107]: wrong number of type arguments: expected 0, found 1
   --> gen/serviceusage/v1/lib/src/lib.rs:899:30
    |
899 |         pub features: Option<Vec<String>>,
    |                              ^^^^^^^^^^^ unexpected type argument

error[E0107]: wrong number of type arguments: expected 0, found 1
   --> gen/serviceusage/v1/lib/src/lib.rs:902:26
    |
902 |         pub name: Option<String>,
    |                          ^^^^^^ unexpected type argument

error[E0107]: wrong number of type arguments: expected 0, found 1
   --> gen/serviceusage/v1/lib/src/lib.rs:905:28
    |
905 |         pub target: Option<String>,
    |                            ^^^^^^ unexpected type argument

error[E0107]: wrong number of type arguments: expected 0, found 1
   --> gen/serviceusage/v1/lib/src/lib.rs:967:31
    |
967 |         pub enumvalue: Option<Vec<crate::schemas::EnumValue>>,
    |                               ^^^^^^^^^^^^^^^^^^^^^^^^^^^^^^ unexpected type argument

error[E0107]: wrong number of type arguments: expected 0, found 1
   --> gen/serviceusage/v1/lib/src/lib.rs:970:26
    |
970 |         pub name: Option<String>,
    |                          ^^^^^^ unexpected type argument

error[E0107]: wrong number of type arguments: expected 0, found 1
   --> gen/serviceusage/v1/lib/src/lib.rs:973:29
    |
973 |         pub options: Option<Vec<crate::schemas::Option>>,
    |                             ^^^^^^^^^^^^^^^^^^^^^^^^^^^ unexpected type argument

error[E0107]: wrong number of type arguments: expected 0, found 1
   --> gen/serviceusage/v1/lib/src/lib.rs:976:36
    |
976 |         pub source_context: Option<crate::schemas::SourceContext>,
    |                                    ^^^^^^^^^^^^^^^^^^^^^^^^^^^^^ unexpected type argument

error[E0107]: wrong number of type arguments: expected 0, found 1
   --> gen/serviceusage/v1/lib/src/lib.rs:979:28
    |
979 |         pub syntax: Option<crate::schemas::EnumSyntax>,
    |                            ^^^^^^^^^^^^^^^^^^^^^^^^^^ unexpected type argument

error[E0107]: wrong number of type arguments: expected 0, found 1
   --> gen/serviceusage/v1/lib/src/lib.rs:995:26
    |
995 |         pub name: Option<String>,
    |                          ^^^^^^ unexpected type argument

error[E0107]: wrong number of type arguments: expected 0, found 1
   --> gen/serviceusage/v1/lib/src/lib.rs:998:28
    |
998 |         pub number: Option<i32>,
    |                            ^^^ unexpected type argument

error[E0107]: wrong number of type arguments: expected 0, found 1
    --> gen/serviceusage/v1/lib/src/lib.rs:1001:29
     |
1001 |         pub options: Option<Vec<crate::schemas::Option>>,
     |                             ^^^^^^^^^^^^^^^^^^^^^^^^^^^ unexpected type argument

error[E0107]: wrong number of type arguments: expected 0, found 1
    --> gen/serviceusage/v1/lib/src/lib.rs:1185:33
     |
1185 |         pub cardinality: Option<crate::schemas::FieldCardinality>,
     |                                 ^^^^^^^^^^^^^^^^^^^^^^^^^^^^^^^^ unexpected type argument

error[E0107]: wrong number of type arguments: expected 0, found 1
    --> gen/serviceusage/v1/lib/src/lib.rs:1188:35
     |
1188 |         pub default_value: Option<String>,
     |                                   ^^^^^^ unexpected type argument

error[E0107]: wrong number of type arguments: expected 0, found 1
    --> gen/serviceusage/v1/lib/src/lib.rs:1191:31
     |
1191 |         pub json_name: Option<String>,
     |                               ^^^^^^ unexpected type argument

error[E0107]: wrong number of type arguments: expected 0, found 1
    --> gen/serviceusage/v1/lib/src/lib.rs:1194:26
     |
1194 |         pub kind: Option<crate::schemas::FieldKind>,
     |                          ^^^^^^^^^^^^^^^^^^^^^^^^^ unexpected type argument

error[E0107]: wrong number of type arguments: expected 0, found 1
    --> gen/serviceusage/v1/lib/src/lib.rs:1197:26
     |
1197 |         pub name: Option<String>,
     |                          ^^^^^^ unexpected type argument

error[E0107]: wrong number of type arguments: expected 0, found 1
    --> gen/serviceusage/v1/lib/src/lib.rs:1200:28
     |
1200 |         pub number: Option<i32>,
     |                            ^^^ unexpected type argument

error[E0107]: wrong number of type arguments: expected 0, found 1
    --> gen/serviceusage/v1/lib/src/lib.rs:1203:33
     |
1203 |         pub oneof_index: Option<i32>,
     |                                 ^^^ unexpected type argument

error[E0107]: wrong number of type arguments: expected 0, found 1
    --> gen/serviceusage/v1/lib/src/lib.rs:1206:29
     |
1206 |         pub options: Option<Vec<crate::schemas::Option>>,
     |                             ^^^^^^^^^^^^^^^^^^^^^^^^^^^ unexpected type argument

error[E0107]: wrong number of type arguments: expected 0, found 1
    --> gen/serviceusage/v1/lib/src/lib.rs:1209:28
     |
1209 |         pub packed: Option<bool>,
     |                            ^^^^ unexpected type argument

error[E0107]: wrong number of type arguments: expected 0, found 1
    --> gen/serviceusage/v1/lib/src/lib.rs:1212:30
     |
1212 |         pub type_url: Option<String>,
     |                              ^^^^^^ unexpected type argument

error[E0107]: wrong number of type arguments: expected 0, found 1
    --> gen/serviceusage/v1/lib/src/lib.rs:1228:26
     |
1228 |         pub apis: Option<Vec<crate::schemas::Api>>,
     |                          ^^^^^^^^^^^^^^^^^^^^^^^^ unexpected type argument

error[E0107]: wrong number of type arguments: expected 0, found 1
    --> gen/serviceusage/v1/lib/src/lib.rs:1231:36
     |
1231 |         pub authentication: Option<crate::schemas::Authentication>,
     |                                    ^^^^^^^^^^^^^^^^^^^^^^^^^^^^^^ unexpected type argument

error[E0107]: wrong number of type arguments: expected 0, found 1
    --> gen/serviceusage/v1/lib/src/lib.rs:1234:29
     |
1234 |         pub backend: Option<crate::schemas::Backend>,
     |                             ^^^^^^^^^^^^^^^^^^^^^^^ unexpected type argument

error[E0107]: wrong number of type arguments: expected 0, found 1
    --> gen/serviceusage/v1/lib/src/lib.rs:1237:29
     |
1237 |         pub billing: Option<crate::schemas::Billing>,
     |                             ^^^^^^^^^^^^^^^^^^^^^^^ unexpected type argument

error[E0107]: wrong number of type arguments: expected 0, found 1
    --> gen/serviceusage/v1/lib/src/lib.rs:1240:36
     |
1240 |         pub config_version: Option<u32>,
     |                                    ^^^ unexpected type argument

error[E0107]: wrong number of type arguments: expected 0, found 1
    --> gen/serviceusage/v1/lib/src/lib.rs:1243:29
     |
1243 |         pub context: Option<crate::schemas::Context>,
     |                             ^^^^^^^^^^^^^^^^^^^^^^^ unexpected type argument

error[E0107]: wrong number of type arguments: expected 0, found 1
    --> gen/serviceusage/v1/lib/src/lib.rs:1246:29
     |
1246 |         pub control: Option<crate::schemas::Control>,
     |                             ^^^^^^^^^^^^^^^^^^^^^^^ unexpected type argument

error[E0107]: wrong number of type arguments: expected 0, found 1
    --> gen/serviceusage/v1/lib/src/lib.rs:1249:34
     |
1249 |         pub custom_error: Option<crate::schemas::CustomError>,
     |                                  ^^^^^^^^^^^^^^^^^^^^^^^^^^^ unexpected type argument

error[E0107]: wrong number of type arguments: expected 0, found 1
    --> gen/serviceusage/v1/lib/src/lib.rs:1252:35
     |
1252 |         pub documentation: Option<crate::schemas::Documentation>,
     |                                   ^^^^^^^^^^^^^^^^^^^^^^^^^^^^^ unexpected type argument

error[E0107]: wrong number of type arguments: expected 0, found 1
    --> gen/serviceusage/v1/lib/src/lib.rs:1255:31
     |
1255 |         pub endpoints: Option<Vec<crate::schemas::Endpoint>>,
     |                               ^^^^^^^^^^^^^^^^^^^^^^^^^^^^^ unexpected type argument

error[E0107]: wrong number of type arguments: expected 0, found 1
    --> gen/serviceusage/v1/lib/src/lib.rs:1258:27
     |
1258 |         pub enums: Option<Vec<crate::schemas::Enum>>,
     |                           ^^^^^^^^^^^^^^^^^^^^^^^^^ unexpected type argument

error[E0107]: wrong number of type arguments: expected 0, found 1
    --> gen/serviceusage/v1/lib/src/lib.rs:1261:26
     |
1261 |         pub http: Option<crate::schemas::Http>,
     |                          ^^^^^^^^^^^^^^^^^^^^ unexpected type argument

error[E0107]: wrong number of type arguments: expected 0, found 1
    --> gen/serviceusage/v1/lib/src/lib.rs:1264:24
     |
1264 |         pub id: Option<String>,
     |                        ^^^^^^ unexpected type argument

error[E0107]: wrong number of type arguments: expected 0, found 1
    --> gen/serviceusage/v1/lib/src/lib.rs:1267:29
     |
1267 |         pub logging: Option<crate::schemas::Logging>,
     |                             ^^^^^^^^^^^^^^^^^^^^^^^ unexpected type argument

error[E0107]: wrong number of type arguments: expected 0, found 1
    --> gen/serviceusage/v1/lib/src/lib.rs:1270:26
     |
1270 |         pub logs: Option<Vec<crate::schemas::LogDescriptor>>,
     |                          ^^^^^^^^^^^^^^^^^^^^^^^^^^^^^^^^^^ unexpected type argument

error[E0107]: wrong number of type arguments: expected 0, found 1
    --> gen/serviceusage/v1/lib/src/lib.rs:1273:29
     |
1273 |         pub metrics: Option<Vec<crate::schemas::MetricDescriptor>>,
     |                             ^^^^^^^^^^^^^^^^^^^^^^^^^^^^^^^^^^^^^ unexpected type argument

error[E0107]: wrong number of type arguments: expected 0, found 1
    --> gen/serviceusage/v1/lib/src/lib.rs:1276:41
     |
1276 |         pub monitored_resources: Option<Vec<crate::schemas::MonitoredResourceDescriptor>>,
     |                                         ^^^^^^^^^^^^^^^^^^^^^^^^^^^^^^^^^^^^^^^^^^^^^^^^ unexpected type argument

error[E0107]: wrong number of type arguments: expected 0, found 1
    --> gen/serviceusage/v1/lib/src/lib.rs:1279:32
     |
1279 |         pub monitoring: Option<crate::schemas::Monitoring>,
     |                                ^^^^^^^^^^^^^^^^^^^^^^^^^^ unexpected type argument

error[E0107]: wrong number of type arguments: expected 0, found 1
    --> gen/serviceusage/v1/lib/src/lib.rs:1282:26
     |
1282 |         pub name: Option<String>,
     |                          ^^^^^^ unexpected type argument

error[E0107]: wrong number of type arguments: expected 0, found 1
    --> gen/serviceusage/v1/lib/src/lib.rs:1285:41
     |
1285 |         pub producer_project_id: Option<String>,
     |                                         ^^^^^^ unexpected type argument

error[E0107]: wrong number of type arguments: expected 0, found 1
    --> gen/serviceusage/v1/lib/src/lib.rs:1288:27
     |
1288 |         pub quota: Option<crate::schemas::Quota>,
     |                           ^^^^^^^^^^^^^^^^^^^^^ unexpected type argument

error[E0107]: wrong number of type arguments: expected 0, found 1
    --> gen/serviceusage/v1/lib/src/lib.rs:1291:33
     |
1291 |         pub source_info: Option<crate::schemas::SourceInfo>,
     |                                 ^^^^^^^^^^^^^^^^^^^^^^^^^^ unexpected type argument

error[E0107]: wrong number of type arguments: expected 0, found 1
    --> gen/serviceusage/v1/lib/src/lib.rs:1294:39
     |
1294 |         pub system_parameters: Option<crate::schemas::SystemParameters>,
     |                                       ^^^^^^^^^^^^^^^^^^^^^^^^^^^^^^^^ unexpected type argument

error[E0107]: wrong number of type arguments: expected 0, found 1
    --> gen/serviceusage/v1/lib/src/lib.rs:1297:34
     |
1297 |         pub system_types: Option<Vec<crate::schemas::Type>>,
     |                                  ^^^^^^^^^^^^^^^^^^^^^^^^^ unexpected type argument

error[E0107]: wrong number of type arguments: expected 0, found 1
    --> gen/serviceusage/v1/lib/src/lib.rs:1300:27
     |
1300 |         pub title: Option<String>,
     |                           ^^^^^^ unexpected type argument

error[E0107]: wrong number of type arguments: expected 0, found 1
    --> gen/serviceusage/v1/lib/src/lib.rs:1303:27
     |
1303 |         pub types: Option<Vec<crate::schemas::Type>>,
     |                           ^^^^^^^^^^^^^^^^^^^^^^^^^ unexpected type argument

error[E0107]: wrong number of type arguments: expected 0, found 1
    --> gen/serviceusage/v1/lib/src/lib.rs:1306:27
     |
1306 |         pub usage: Option<crate::schemas::Usage>,
     |                           ^^^^^^^^^^^^^^^^^^^^^ unexpected type argument

error[E0107]: wrong number of type arguments: expected 0, found 1
    --> gen/serviceusage/v1/lib/src/lib.rs:1333:36
     |
1333 |         pub resource_names: Option<Vec<String>>,
     |                                    ^^^^^^^^^^^ unexpected type argument

error[E0107]: wrong number of type arguments: expected 0, found 1
    --> gen/serviceusage/v1/lib/src/lib.rs:1399:28
     |
1399 |         pub config: Option<crate::schemas::GoogleApiServiceusageV1ServiceConfig>,
     |                            ^^^^^^^^^^^^^^^^^^^^^^^^^^^^^^^^^^^^^^^^^^^^^^^^^^^^ unexpected type argument

error[E0107]: wrong number of type arguments: expected 0, found 1
    --> gen/serviceusage/v1/lib/src/lib.rs:1402:26
     |
1402 |         pub name: Option<String>,
     |                          ^^^^^^ unexpected type argument

error[E0107]: wrong number of type arguments: expected 0, found 1
    --> gen/serviceusage/v1/lib/src/lib.rs:1405:28
     |
1405 |         pub parent: Option<String>,
     |                            ^^^^^^ unexpected type argument

error[E0107]: wrong number of type arguments: expected 0, found 1
    --> gen/serviceusage/v1/lib/src/lib.rs:1408:27
     |
1408 |         pub state: Option<crate::schemas::GoogleApiServiceusageV1ServiceState>,
     |                           ^^^^^^^^^^^^^^^^^^^^^^^^^^^^^^^^^^^^^^^^^^^^^^^^^^^ unexpected type argument

error[E0107]: wrong number of type arguments: expected 0, found 1
    --> gen/serviceusage/v1/lib/src/lib.rs:1424:26
     |
1424 |         pub apis: Option<Vec<crate::schemas::Api>>,
     |                          ^^^^^^^^^^^^^^^^^^^^^^^^ unexpected type argument

error[E0107]: wrong number of type arguments: expected 0, found 1
    --> gen/serviceusage/v1/lib/src/lib.rs:1427:36
     |
1427 |         pub authentication: Option<crate::schemas::Authentication>,
     |                                    ^^^^^^^^^^^^^^^^^^^^^^^^^^^^^^ unexpected type argument

error[E0107]: wrong number of type arguments: expected 0, found 1
    --> gen/serviceusage/v1/lib/src/lib.rs:1430:35
     |
1430 |         pub documentation: Option<crate::schemas::Documentation>,
     |                                   ^^^^^^^^^^^^^^^^^^^^^^^^^^^^^ unexpected type argument

error[E0107]: wrong number of type arguments: expected 0, found 1
    --> gen/serviceusage/v1/lib/src/lib.rs:1433:31
     |
1433 |         pub endpoints: Option<Vec<crate::schemas::Endpoint>>,
     |                               ^^^^^^^^^^^^^^^^^^^^^^^^^^^^^ unexpected type argument

error[E0107]: wrong number of type arguments: expected 0, found 1
    --> gen/serviceusage/v1/lib/src/lib.rs:1436:26
     |
1436 |         pub name: Option<String>,
     |                          ^^^^^^ unexpected type argument

error[E0107]: wrong number of type arguments: expected 0, found 1
    --> gen/serviceusage/v1/lib/src/lib.rs:1439:27
     |
1439 |         pub quota: Option<crate::schemas::Quota>,
     |                           ^^^^^^^^^^^^^^^^^^^^^ unexpected type argument

error[E0107]: wrong number of type arguments: expected 0, found 1
    --> gen/serviceusage/v1/lib/src/lib.rs:1442:27
     |
1442 |         pub title: Option<String>,
     |                           ^^^^^^ unexpected type argument

error[E0107]: wrong number of type arguments: expected 0, found 1
    --> gen/serviceusage/v1/lib/src/lib.rs:1445:27
     |
1445 |         pub usage: Option<crate::schemas::Usage>,
     |                           ^^^^^^^^^^^^^^^^^^^^^ unexpected type argument

error[E0107]: wrong number of type arguments: expected 0, found 1
    --> gen/serviceusage/v1/lib/src/lib.rs:1472:53
     |
1472 |         pub fully_decode_reserved_expansion: Option<bool>,
     |                                                     ^^^^ unexpected type argument

error[E0107]: wrong number of type arguments: expected 0, found 1
    --> gen/serviceusage/v1/lib/src/lib.rs:1475:27
     |
1475 |         pub rules: Option<Vec<crate::schemas::HttpRule>>,
     |                           ^^^^^^^^^^^^^^^^^^^^^^^^^^^^^ unexpected type argument

error[E0107]: wrong number of type arguments: expected 0, found 1
    --> gen/serviceusage/v1/lib/src/lib.rs:1502:41
     |
1502 |         pub additional_bindings: Option<Vec<crate::schemas::HttpRule>>,
     |                                         ^^^^^^^^^^^^^^^^^^^^^^^^^^^^^ unexpected type argument

error[E0107]: wrong number of type arguments: expected 0, found 1
    --> gen/serviceusage/v1/lib/src/lib.rs:1505:26
     |
1505 |         pub body: Option<String>,
     |                          ^^^^^^ unexpected type argument

error[E0107]: wrong number of type arguments: expected 0, found 1
    --> gen/serviceusage/v1/lib/src/lib.rs:1508:28
     |
1508 |         pub custom: Option<crate::schemas::CustomHttpPattern>,
     |                            ^^^^^^^^^^^^^^^^^^^^^^^^^^^^^^^^^ unexpected type argument

error[E0107]: wrong number of type arguments: expected 0, found 1
    --> gen/serviceusage/v1/lib/src/lib.rs:1511:28
     |
1511 |         pub delete: Option<String>,
     |                            ^^^^^^ unexpected type argument

error[E0107]: wrong number of type arguments: expected 0, found 1
    --> gen/serviceusage/v1/lib/src/lib.rs:1514:25
     |
1514 |         pub get: Option<String>,
     |                         ^^^^^^ unexpected type argument

error[E0107]: wrong number of type arguments: expected 0, found 1
    --> gen/serviceusage/v1/lib/src/lib.rs:1517:27
     |
1517 |         pub patch: Option<String>,
     |                           ^^^^^^ unexpected type argument

error[E0107]: wrong number of type arguments: expected 0, found 1
    --> gen/serviceusage/v1/lib/src/lib.rs:1520:26
     |
1520 |         pub post: Option<String>,
     |                          ^^^^^^ unexpected type argument

error[E0107]: wrong number of type arguments: expected 0, found 1
    --> gen/serviceusage/v1/lib/src/lib.rs:1523:25
     |
1523 |         pub put: Option<String>,
     |                         ^^^^^^ unexpected type argument

error[E0107]: wrong number of type arguments: expected 0, found 1
    --> gen/serviceusage/v1/lib/src/lib.rs:1526:35
     |
1526 |         pub response_body: Option<String>,
     |                                   ^^^^^^ unexpected type argument

error[E0107]: wrong number of type arguments: expected 0, found 1
    --> gen/serviceusage/v1/lib/src/lib.rs:1529:30
     |
1529 |         pub selector: Option<String>,
     |                              ^^^^^^ unexpected type argument

error[E0107]: wrong number of type arguments: expected 0, found 1
    --> gen/serviceusage/v1/lib/src/lib.rs:1606:33
     |
1606 |         pub description: Option<String>,
     |                                 ^^^^^^ unexpected type argument

error[E0107]: wrong number of type arguments: expected 0, found 1
    --> gen/serviceusage/v1/lib/src/lib.rs:1609:25
     |
1609 |         pub key: Option<String>,
     |                         ^^^^^^ unexpected type argument

error[E0107]: wrong number of type arguments: expected 0, found 1
    --> gen/serviceusage/v1/lib/src/lib.rs:1612:32
     |
1612 |         pub value_type: Option<crate::schemas::LabelDescriptorValueType>,
     |                                ^^^^^^^^^^^^^^^^^^^^^^^^^^^^^^^^^^^^^^^^ unexpected type argument

error[E0107]: wrong number of type arguments: expected 0, found 1
    --> gen/serviceusage/v1/lib/src/lib.rs:1628:37
     |
1628 |         pub next_page_token: Option<String>,
     |                                     ^^^^^^ unexpected type argument

error[E0107]: wrong number of type arguments: expected 0, found 1
    --> gen/serviceusage/v1/lib/src/lib.rs:1631:32
     |
1631 |         pub operations: Option<Vec<crate::schemas::Operation>>,
     |                                ^^^^^^^^^^^^^^^^^^^^^^^^^^^^^^ unexpected type argument

error[E0107]: wrong number of type arguments: expected 0, found 1
    --> gen/serviceusage/v1/lib/src/lib.rs:1647:37
     |
1647 |         pub next_page_token: Option<String>,
     |                                     ^^^^^^ unexpected type argument

error[E0107]: wrong number of type arguments: expected 0, found 1
    --> gen/serviceusage/v1/lib/src/lib.rs:1650:30
     |
1650 |         pub services: Option<Vec<crate::schemas::GoogleApiServiceusageV1Service>>,
     |                              ^^^^^^^^^^^^^^^^^^^^^^^^^^^^^^^^^^^^^^^^^^^^^^^^^^^ unexpected type argument

error[E0107]: wrong number of type arguments: expected 0, found 1
    --> gen/serviceusage/v1/lib/src/lib.rs:1677:33
     |
1677 |         pub description: Option<String>,
     |                                 ^^^^^^ unexpected type argument

error[E0107]: wrong number of type arguments: expected 0, found 1
    --> gen/serviceusage/v1/lib/src/lib.rs:1680:34
     |
1680 |         pub display_name: Option<String>,
     |                                  ^^^^^^ unexpected type argument

error[E0107]: wrong number of type arguments: expected 0, found 1
    --> gen/serviceusage/v1/lib/src/lib.rs:1683:28
     |
1683 |         pub labels: Option<Vec<crate::schemas::LabelDescriptor>>,
     |                            ^^^^^^^^^^^^^^^^^^^^^^^^^^^^^^^^^^^^ unexpected type argument

error[E0107]: wrong number of type arguments: expected 0, found 1
    --> gen/serviceusage/v1/lib/src/lib.rs:1686:26
     |
1686 |         pub name: Option<String>,
     |                          ^^^^^^ unexpected type argument

error[E0107]: wrong number of type arguments: expected 0, found 1
    --> gen/serviceusage/v1/lib/src/lib.rs:1713:43
     |
1713 |         pub consumer_destinations: Option<Vec<crate::schemas::LoggingDestination>>,
     |                                           ^^^^^^^^^^^^^^^^^^^^^^^^^^^^^^^^^^^^^^^ unexpected type argument

error[E0107]: wrong number of type arguments: expected 0, found 1
    --> gen/serviceusage/v1/lib/src/lib.rs:1716:43
     |
1716 |         pub producer_destinations: Option<Vec<crate::schemas::LoggingDestination>>,
     |                                           ^^^^^^^^^^^^^^^^^^^^^^^^^^^^^^^^^^^^^^^ unexpected type argument

error[E0107]: wrong number of type arguments: expected 0, found 1
    --> gen/serviceusage/v1/lib/src/lib.rs:1743:26
     |
1743 |         pub logs: Option<Vec<String>>,
     |                          ^^^^^^^^^^^ unexpected type argument

error[E0107]: wrong number of type arguments: expected 0, found 1
    --> gen/serviceusage/v1/lib/src/lib.rs:1746:40
     |
1746 |         pub monitored_resource: Option<String>,
     |                                        ^^^^^^ unexpected type argument

error[E0107]: wrong number of type arguments: expected 0, found 1
    --> gen/serviceusage/v1/lib/src/lib.rs:1808:26
     |
1808 |         pub name: Option<String>,
     |                          ^^^^^^ unexpected type argument

error[E0107]: wrong number of type arguments: expected 0, found 1
    --> gen/serviceusage/v1/lib/src/lib.rs:1811:29
     |
1811 |         pub options: Option<Vec<crate::schemas::Option>>,
     |                             ^^^^^^^^^^^^^^^^^^^^^^^^^^^ unexpected type argument

error[E0107]: wrong number of type arguments: expected 0, found 1
    --> gen/serviceusage/v1/lib/src/lib.rs:1814:39
     |
1814 |         pub request_streaming: Option<bool>,
     |                                       ^^^^ unexpected type argument

error[E0107]: wrong number of type arguments: expected 0, found 1
    --> gen/serviceusage/v1/lib/src/lib.rs:1817:38
     |
1817 |         pub request_type_url: Option<String>,
     |                                      ^^^^^^ unexpected type argument

error[E0107]: wrong number of type arguments: expected 0, found 1
    --> gen/serviceusage/v1/lib/src/lib.rs:1820:40
     |
1820 |         pub response_streaming: Option<bool>,
     |                                        ^^^^ unexpected type argument

error[E0107]: wrong number of type arguments: expected 0, found 1
    --> gen/serviceusage/v1/lib/src/lib.rs:1823:39
     |
1823 |         pub response_type_url: Option<String>,
     |                                       ^^^^^^ unexpected type argument

error[E0107]: wrong number of type arguments: expected 0, found 1
    --> gen/serviceusage/v1/lib/src/lib.rs:1826:28
     |
1826 |         pub syntax: Option<crate::schemas::MethodSyntax>,
     |                            ^^^^^^^^^^^^^^^^^^^^^^^^^^^^ unexpected type argument

error[E0107]: wrong number of type arguments: expected 0, found 1
    --> gen/serviceusage/v1/lib/src/lib.rs:2035:33
     |
2035 |         pub description: Option<String>,
     |                                 ^^^^^^ unexpected type argument

error[E0107]: wrong number of type arguments: expected 0, found 1
    --> gen/serviceusage/v1/lib/src/lib.rs:2038:34
     |
2038 |         pub display_name: Option<String>,
     |                                  ^^^^^^ unexpected type argument

error[E0107]: wrong number of type arguments: expected 0, found 1
    --> gen/serviceusage/v1/lib/src/lib.rs:2041:28
     |
2041 |         pub labels: Option<Vec<crate::schemas::LabelDescriptor>>,
     |                            ^^^^^^^^^^^^^^^^^^^^^^^^^^^^^^^^^^^^ unexpected type argument

error[E0107]: wrong number of type arguments: expected 0, found 1
    --> gen/serviceusage/v1/lib/src/lib.rs:2044:34
     |
2044 |         pub launch_stage: Option<crate::schemas::MetricDescriptorLaunchStage>,
     |                                  ^^^^^^^^^^^^^^^^^^^^^^^^^^^^^^^^^^^^^^^^^^^ unexpected type argument

error[E0107]: wrong number of type arguments: expected 0, found 1
    --> gen/serviceusage/v1/lib/src/lib.rs:2047:30
     |
2047 |         pub metadata: Option<crate::schemas::MetricDescriptorMetadata>,
     |                              ^^^^^^^^^^^^^^^^^^^^^^^^^^^^^^^^^^^^^^^^ unexpected type argument

error[E0107]: wrong number of type arguments: expected 0, found 1
    --> gen/serviceusage/v1/lib/src/lib.rs:2050:33
     |
2050 |         pub metric_kind: Option<crate::schemas::MetricDescriptorMetricKind>,
     |                                 ^^^^^^^^^^^^^^^^^^^^^^^^^^^^^^^^^^^^^^^^^^ unexpected type argument

error[E0107]: wrong number of type arguments: expected 0, found 1
    --> gen/serviceusage/v1/lib/src/lib.rs:2053:26
     |
2053 |         pub name: Option<String>,
     |                          ^^^^^^ unexpected type argument

error[E0107]: wrong number of type arguments: expected 0, found 1
    --> gen/serviceusage/v1/lib/src/lib.rs:2056:28
     |
2056 |         pub r#type: Option<String>,
     |                            ^^^^^^ unexpected type argument

error[E0107]: wrong number of type arguments: expected 0, found 1
    --> gen/serviceusage/v1/lib/src/lib.rs:2059:26
     |
2059 |         pub unit: Option<String>,
     |                          ^^^^^^ unexpected type argument

error[E0107]: wrong number of type arguments: expected 0, found 1
    --> gen/serviceusage/v1/lib/src/lib.rs:2062:32
     |
2062 |         pub value_type: Option<crate::schemas::MetricDescriptorValueType>,
     |                                ^^^^^^^^^^^^^^^^^^^^^^^^^^^^^^^^^^^^^^^^^ unexpected type argument

error[E0107]: wrong number of type arguments: expected 0, found 1
    --> gen/serviceusage/v1/lib/src/lib.rs:2155:34
     |
2155 |         pub ingest_delay: Option<String>,
     |                                  ^^^^^^ unexpected type argument

error[E0107]: wrong number of type arguments: expected 0, found 1
    --> gen/serviceusage/v1/lib/src/lib.rs:2158:34
     |
2158 |         pub launch_stage: Option<crate::schemas::MetricDescriptorMetadataLaunchStage>,
     |                                  ^^^^^^^^^^^^^^^^^^^^^^^^^^^^^^^^^^^^^^^^^^^^^^^^^^^ unexpected type argument

error[E0107]: wrong number of type arguments: expected 0, found 1
    --> gen/serviceusage/v1/lib/src/lib.rs:2161:35
     |
2161 |         pub sample_period: Option<String>,
     |                                   ^^^^^^ unexpected type argument

error[E0107]: wrong number of type arguments: expected 0, found 1
    --> gen/serviceusage/v1/lib/src/lib.rs:2188:34
     |
2188 |         pub metric_costs: Option<::std::collections::BTreeMap<String, i64>>,
     |                                  ^^^^^^^^^^^^^^^^^^^^^^^^^^^^^^^^^^^^^^^^^ unexpected type argument

error[E0107]: wrong number of type arguments: expected 0, found 1
    --> gen/serviceusage/v1/lib/src/lib.rs:2191:30
     |
2191 |         pub selector: Option<String>,
     |                              ^^^^^^ unexpected type argument

error[E0107]: wrong number of type arguments: expected 0, found 1
    --> gen/serviceusage/v1/lib/src/lib.rs:2218:26
     |
2218 |         pub name: Option<String>,
     |                          ^^^^^^ unexpected type argument

error[E0107]: wrong number of type arguments: expected 0, found 1
    --> gen/serviceusage/v1/lib/src/lib.rs:2221:26
     |
2221 |         pub root: Option<String>,
     |                          ^^^^^^ unexpected type argument

error[E0107]: wrong number of type arguments: expected 0, found 1
    --> gen/serviceusage/v1/lib/src/lib.rs:2314:33
     |
2314 |         pub description: Option<String>,
     |                                 ^^^^^^ unexpected type argument

error[E0107]: wrong number of type arguments: expected 0, found 1
    --> gen/serviceusage/v1/lib/src/lib.rs:2317:34
     |
2317 |         pub display_name: Option<String>,
     |                                  ^^^^^^ unexpected type argument

error[E0107]: wrong number of type arguments: expected 0, found 1
    --> gen/serviceusage/v1/lib/src/lib.rs:2320:28
     |
2320 |         pub labels: Option<Vec<crate::schemas::LabelDescriptor>>,
     |                            ^^^^^^^^^^^^^^^^^^^^^^^^^^^^^^^^^^^^ unexpected type argument

error[E0107]: wrong number of type arguments: expected 0, found 1
    --> gen/serviceusage/v1/lib/src/lib.rs:2323:34
     |
2323 |         pub launch_stage: Option<crate::schemas::MonitoredResourceDescriptorLaunchStage>,
     |                                  ^^^^^^^^^^^^^^^^^^^^^^^^^^^^^^^^^^^^^^^^^^^^^^^^^^^^^^ unexpected type argument

error[E0107]: wrong number of type arguments: expected 0, found 1
    --> gen/serviceusage/v1/lib/src/lib.rs:2326:26
     |
2326 |         pub name: Option<String>,
     |                          ^^^^^^ unexpected type argument

error[E0107]: wrong number of type arguments: expected 0, found 1
    --> gen/serviceusage/v1/lib/src/lib.rs:2329:28
     |
2329 |         pub r#type: Option<String>,
     |                            ^^^^^^ unexpected type argument

error[E0107]: wrong number of type arguments: expected 0, found 1
    --> gen/serviceusage/v1/lib/src/lib.rs:2356:43
     |
2356 |         pub consumer_destinations: Option<Vec<crate::schemas::MonitoringDestination>>,
     |                                           ^^^^^^^^^^^^^^^^^^^^^^^^^^^^^^^^^^^^^^^^^^ unexpected type argument

error[E0107]: wrong number of type arguments: expected 0, found 1
    --> gen/serviceusage/v1/lib/src/lib.rs:2359:43
     |
2359 |         pub producer_destinations: Option<Vec<crate::schemas::MonitoringDestination>>,
     |                                           ^^^^^^^^^^^^^^^^^^^^^^^^^^^^^^^^^^^^^^^^^^ unexpected type argument

error[E0107]: wrong number of type arguments: expected 0, found 1
    --> gen/serviceusage/v1/lib/src/lib.rs:2386:29
     |
2386 |         pub metrics: Option<Vec<String>>,
     |                             ^^^^^^^^^^^ unexpected type argument

error[E0107]: wrong number of type arguments: expected 0, found 1
    --> gen/serviceusage/v1/lib/src/lib.rs:2389:40
     |
2389 |         pub monitored_resource: Option<String>,
     |                                        ^^^^^^ unexpected type argument

error[E0107]: wrong number of type arguments: expected 0, found 1
    --> gen/serviceusage/v1/lib/src/lib.rs:2416:38
     |
2416 |         pub canonical_scopes: Option<String>,
     |                                      ^^^^^^ unexpected type argument

error[E0107]: wrong number of type arguments: expected 0, found 1
    --> gen/serviceusage/v1/lib/src/lib.rs:2432:26
     |
2432 |         pub done: Option<bool>,
     |                          ^^^^ unexpected type argument

error[E0107]: wrong number of type arguments: expected 0, found 1
    --> gen/serviceusage/v1/lib/src/lib.rs:2435:27
     |
2435 |         pub error: Option<crate::schemas::Status>,
     |                           ^^^^^^^^^^^^^^^^^^^^^^ unexpected type argument

error[E0107]: wrong number of type arguments: expected 0, found 1
    --> gen/serviceusage/v1/lib/src/lib.rs:2438:30
     |
2438 |         pub metadata: Option<::std::collections::BTreeMap<String, ::serde_json::Value>>,
     |                              ^^^^^^^^^^^^^^^^^^^^^^^^^^^^^^^^^^^^^^^^^^^^^^^^^^^^^^^^^ unexpected type argument

error[E0107]: wrong number of type arguments: expected 0, found 1
    --> gen/serviceusage/v1/lib/src/lib.rs:2441:26
     |
2441 |         pub name: Option<String>,
     |                          ^^^^^^ unexpected type argument

error[E0107]: wrong number of type arguments: expected 0, found 1
    --> gen/serviceusage/v1/lib/src/lib.rs:2444:30
     |
2444 |         pub response: Option<::std::collections::BTreeMap<String, ::serde_json::Value>>,
     |                              ^^^^^^^^^^^^^^^^^^^^^^^^^^^^^^^^^^^^^^^^^^^^^^^^^^^^^^^^^ unexpected type argument

error[E0107]: wrong number of type arguments: expected 0, found 1
    --> gen/serviceusage/v1/lib/src/lib.rs:2471:36
     |
2471 |         pub resource_names: Option<Vec<String>>,
     |                                    ^^^^^^^^^^^ unexpected type argument

error[E0107]: wrong number of type arguments: expected 0, found 1
    --> gen/serviceusage/v1/lib/src/lib.rs:2487:26
     |
2487 |         pub name: Option<String>,
     |                          ^^^^^^ unexpected type argument

error[E0107]: wrong number of type arguments: expected 0, found 1
    --> gen/serviceusage/v1/lib/src/lib.rs:2490:27
     |
2490 |         pub value: Option<::std::collections::BTreeMap<String, ::serde_json::Value>>,
     |                           ^^^^^^^^^^^^^^^^^^^^^^^^^^^^^^^^^^^^^^^^^^^^^^^^^^^^^^^^^ unexpected type argument

error[E0107]: wrong number of type arguments: expected 0, found 1
    --> gen/serviceusage/v1/lib/src/lib.rs:2517:29
     |
2517 |         pub content: Option<String>,
     |                             ^^^^^^ unexpected type argument

error[E0107]: wrong number of type arguments: expected 0, found 1
    --> gen/serviceusage/v1/lib/src/lib.rs:2520:26
     |
2520 |         pub name: Option<String>,
     |                          ^^^^^^ unexpected type argument

error[E0107]: wrong number of type arguments: expected 0, found 1
    --> gen/serviceusage/v1/lib/src/lib.rs:2523:30
     |
2523 |         pub subpages: Option<Vec<crate::schemas::Page>>,
     |                              ^^^^^^^^^^^^^^^^^^^^^^^^^ unexpected type argument

error[E0107]: wrong number of type arguments: expected 0, found 1
    --> gen/serviceusage/v1/lib/src/lib.rs:2550:28
     |
2550 |         pub limits: Option<Vec<crate::schemas::QuotaLimit>>,
     |                            ^^^^^^^^^^^^^^^^^^^^^^^^^^^^^^^ unexpected type argument

error[E0107]: wrong number of type arguments: expected 0, found 1
    --> gen/serviceusage/v1/lib/src/lib.rs:2553:34
     |
2553 |         pub metric_rules: Option<Vec<crate::schemas::MetricRule>>,
     |                                  ^^^^^^^^^^^^^^^^^^^^^^^^^^^^^^^ unexpected type argument

error[E0107]: wrong number of type arguments: expected 0, found 1
    --> gen/serviceusage/v1/lib/src/lib.rs:2581:35
     |
2581 |         pub default_limit: Option<i64>,
     |                                   ^^^ unexpected type argument

error[E0107]: wrong number of type arguments: expected 0, found 1
    --> gen/serviceusage/v1/lib/src/lib.rs:2584:33
     |
2584 |         pub description: Option<String>,
     |                                 ^^^^^^ unexpected type argument

error[E0107]: wrong number of type arguments: expected 0, found 1
    --> gen/serviceusage/v1/lib/src/lib.rs:2587:34
     |
2587 |         pub display_name: Option<String>,
     |                                  ^^^^^^ unexpected type argument

error[E0107]: wrong number of type arguments: expected 0, found 1
    --> gen/serviceusage/v1/lib/src/lib.rs:2590:30
     |
2590 |         pub duration: Option<String>,
     |                              ^^^^^^ unexpected type argument

error[E0107]: wrong number of type arguments: expected 0, found 1
    --> gen/serviceusage/v1/lib/src/lib.rs:2594:31
     |
2594 |         pub free_tier: Option<i64>,
     |                               ^^^ unexpected type argument

error[E0107]: wrong number of type arguments: expected 0, found 1
    --> gen/serviceusage/v1/lib/src/lib.rs:2598:31
     |
2598 |         pub max_limit: Option<i64>,
     |                               ^^^ unexpected type argument

error[E0107]: wrong number of type arguments: expected 0, found 1
    --> gen/serviceusage/v1/lib/src/lib.rs:2601:28
     |
2601 |         pub metric: Option<String>,
     |                            ^^^^^^ unexpected type argument

error[E0107]: wrong number of type arguments: expected 0, found 1
    --> gen/serviceusage/v1/lib/src/lib.rs:2604:26
     |
2604 |         pub name: Option<String>,
     |                          ^^^^^^ unexpected type argument

error[E0107]: wrong number of type arguments: expected 0, found 1
    --> gen/serviceusage/v1/lib/src/lib.rs:2607:26
     |
2607 |         pub unit: Option<String>,
     |                          ^^^^^^ unexpected type argument

error[E0107]: wrong number of type arguments: expected 0, found 1
    --> gen/serviceusage/v1/lib/src/lib.rs:2610:28
     |
2610 |         pub values: Option<::std::collections::BTreeMap<String, i64>>,
     |                            ^^^^^^^^^^^^^^^^^^^^^^^^^^^^^^^^^^^^^^^^^ unexpected type argument

error[E0107]: wrong number of type arguments: expected 0, found 1
    --> gen/serviceusage/v1/lib/src/lib.rs:2637:32
     |
2637 |         pub dimensions: Option<::std::collections::BTreeMap<String, String>>,
     |                                ^^^^^^^^^^^^^^^^^^^^^^^^^^^^^^^^^^^^^^^^^^^^ unexpected type argument

error[E0107]: wrong number of type arguments: expected 0, found 1
    --> gen/serviceusage/v1/lib/src/lib.rs:2640:26
     |
2640 |         pub name: Option<String>,
     |                          ^^^^^^ unexpected type argument

error[E0107]: wrong number of type arguments: expected 0, found 1
    --> gen/serviceusage/v1/lib/src/lib.rs:2644:36
     |
2644 |         pub override_value: Option<i64>,
     |                                    ^^^ unexpected type argument

error[E0107]: wrong number of type arguments: expected 0, found 1
    --> gen/serviceusage/v1/lib/src/lib.rs:2671:31
     |
2671 |         pub file_name: Option<String>,
     |                               ^^^^^^ unexpected type argument

error[E0107]: wrong number of type arguments: expected 0, found 1
    --> gen/serviceusage/v1/lib/src/lib.rs:2687:34
     |
2687 |         pub source_files: Option<Vec<::std::collections::BTreeMap<String, ::serde_json::Value>>>,
     |                                  ^^^^^^^^^^^^^^^^^^^^^^^^^^^^^^^^^^^^^^^^^^^^^^^^^^^^^^^^^^^^^^ unexpected type argument

error[E0107]: wrong number of type arguments: expected 0, found 1
    --> gen/serviceusage/v1/lib/src/lib.rs:2703:26
     |
2703 |         pub code: Option<i32>,
     |                          ^^^ unexpected type argument

error[E0107]: wrong number of type arguments: expected 0, found 1
    --> gen/serviceusage/v1/lib/src/lib.rs:2706:29
     |
2706 |         pub details: Option<Vec<::std::collections::BTreeMap<String, ::serde_json::Value>>>,
     |                             ^^^^^^^^^^^^^^^^^^^^^^^^^^^^^^^^^^^^^^^^^^^^^^^^^^^^^^^^^^^^^^ unexpected type argument

error[E0107]: wrong number of type arguments: expected 0, found 1
    --> gen/serviceusage/v1/lib/src/lib.rs:2709:29
     |
2709 |         pub message: Option<String>,
     |                             ^^^^^^ unexpected type argument

error[E0107]: wrong number of type arguments: expected 0, found 1
    --> gen/serviceusage/v1/lib/src/lib.rs:2736:33
     |
2736 |         pub http_header: Option<String>,
     |                                 ^^^^^^ unexpected type argument

error[E0107]: wrong number of type arguments: expected 0, found 1
    --> gen/serviceusage/v1/lib/src/lib.rs:2739:26
     |
2739 |         pub name: Option<String>,
     |                          ^^^^^^ unexpected type argument

error[E0107]: wrong number of type arguments: expected 0, found 1
    --> gen/serviceusage/v1/lib/src/lib.rs:2742:41
     |
2742 |         pub url_query_parameter: Option<String>,
     |                                         ^^^^^^ unexpected type argument

error[E0107]: wrong number of type arguments: expected 0, found 1
    --> gen/serviceusage/v1/lib/src/lib.rs:2769:32
     |
2769 |         pub parameters: Option<Vec<crate::schemas::SystemParameter>>,
     |                                ^^^^^^^^^^^^^^^^^^^^^^^^^^^^^^^^^^^^ unexpected type argument

error[E0107]: wrong number of type arguments: expected 0, found 1
    --> gen/serviceusage/v1/lib/src/lib.rs:2772:30
     |
2772 |         pub selector: Option<String>,
     |                              ^^^^^^ unexpected type argument

error[E0107]: wrong number of type arguments: expected 0, found 1
    --> gen/serviceusage/v1/lib/src/lib.rs:2799:27
     |
2799 |         pub rules: Option<Vec<crate::schemas::SystemParameterRule>>,
     |                           ^^^^^^^^^^^^^^^^^^^^^^^^^^^^^^^^^^^^^^^^ unexpected type argument

error[E0107]: wrong number of type arguments: expected 0, found 1
    --> gen/serviceusage/v1/lib/src/lib.rs:2861:28
     |
2861 |         pub fields: Option<Vec<crate::schemas::Field>>,
     |                            ^^^^^^^^^^^^^^^^^^^^^^^^^^ unexpected type argument

error[E0107]: wrong number of type arguments: expected 0, found 1
    --> gen/serviceusage/v1/lib/src/lib.rs:2864:26
     |
2864 |         pub name: Option<String>,
     |                          ^^^^^^ unexpected type argument

error[E0107]: wrong number of type arguments: expected 0, found 1
    --> gen/serviceusage/v1/lib/src/lib.rs:2867:28
     |
2867 |         pub oneofs: Option<Vec<String>>,
     |                            ^^^^^^^^^^^ unexpected type argument

error[E0107]: wrong number of type arguments: expected 0, found 1
    --> gen/serviceusage/v1/lib/src/lib.rs:2870:29
     |
2870 |         pub options: Option<Vec<crate::schemas::Option>>,
     |                             ^^^^^^^^^^^^^^^^^^^^^^^^^^^ unexpected type argument

error[E0107]: wrong number of type arguments: expected 0, found 1
    --> gen/serviceusage/v1/lib/src/lib.rs:2873:36
     |
2873 |         pub source_context: Option<crate::schemas::SourceContext>,
     |                                    ^^^^^^^^^^^^^^^^^^^^^^^^^^^^^ unexpected type argument

error[E0107]: wrong number of type arguments: expected 0, found 1
    --> gen/serviceusage/v1/lib/src/lib.rs:2876:28
     |
2876 |         pub syntax: Option<crate::schemas::TypeSyntax>,
     |                            ^^^^^^^^^^^^^^^^^^^^^^^^^^ unexpected type argument

error[E0107]: wrong number of type arguments: expected 0, found 1
    --> gen/serviceusage/v1/lib/src/lib.rs:2903:51
     |
2903 |         pub producer_notification_channel: Option<String>,
     |                                                   ^^^^^^ unexpected type argument

error[E0107]: wrong number of type arguments: expected 0, found 1
    --> gen/serviceusage/v1/lib/src/lib.rs:2906:34
     |
2906 |         pub requirements: Option<Vec<String>>,
     |                                  ^^^^^^^^^^^ unexpected type argument

error[E0107]: wrong number of type arguments: expected 0, found 1
    --> gen/serviceusage/v1/lib/src/lib.rs:2909:27
     |
2909 |         pub rules: Option<Vec<crate::schemas::UsageRule>>,
     |                           ^^^^^^^^^^^^^^^^^^^^^^^^^^^^^^ unexpected type argument

error[E0107]: wrong number of type arguments: expected 0, found 1
    --> gen/serviceusage/v1/lib/src/lib.rs:2936:46
     |
2936 |         pub allow_unregistered_calls: Option<bool>,
     |                                              ^^^^ unexpected type argument

error[E0107]: wrong number of type arguments: expected 0, found 1
    --> gen/serviceusage/v1/lib/src/lib.rs:2939:30
     |
2939 |         pub selector: Option<String>,
     |                              ^^^^^^ unexpected type argument

error[E0107]: wrong number of type arguments: expected 0, found 1
    --> gen/serviceusage/v1/lib/src/lib.rs:2942:42
     |
2942 |         pub skip_service_control: Option<bool>,
     |                                          ^^^^ unexpected type argument

error: aborting due to 237 previous errors

For more information about this error, try `rustc --explain E0107`.
error: Could not compile `google-serviceusage1`.

To learn more, run the command again with --verbose.
