    Checking google-monitoring3 v0.1.0 (/Users/sthiel/dev/google-apis/generated/gen/monitoring/v3/lib)
error[E0107]: wrong number of type arguments: expected 0, found 1
   --> monitoring/v3/lib/src/lib.rs:225:38
    |
225 |         pub alignment_period: Option<String>,
    |                                      ^^^^^^ unexpected type argument

error[E0107]: wrong number of type arguments: expected 0, found 1
   --> monitoring/v3/lib/src/lib.rs:228:42
    |
228 |         pub cross_series_reducer: Option<crate::schemas::AggregationCrossSeriesReducer>,
    |                                          ^^^^^^^^^^^^^^^^^^^^^^^^^^^^^^^^^^^^^^^^^^^^^ unexpected type argument

error[E0107]: wrong number of type arguments: expected 0, found 1
   --> monitoring/v3/lib/src/lib.rs:231:37
    |
231 |         pub group_by_fields: Option<Vec<String>>,
    |                                     ^^^^^^^^^^^ unexpected type argument

error[E0107]: wrong number of type arguments: expected 0, found 1
   --> monitoring/v3/lib/src/lib.rs:234:40
    |
234 |         pub per_series_aligner: Option<crate::schemas::AggregationPerSeriesAligner>,
    |                                        ^^^^^^^^^^^^^^^^^^^^^^^^^^^^^^^^^^^^^^^^^^^ unexpected type argument

error[E0107]: wrong number of type arguments: expected 0, found 1
   --> monitoring/v3/lib/src/lib.rs:304:30
    |
304 |         pub combiner: Option<crate::schemas::AlertPolicyCombiner>,
    |                              ^^^^^^^^^^^^^^^^^^^^^^^^^^^^^^^^^^^ unexpected type argument

error[E0107]: wrong number of type arguments: expected 0, found 1
   --> monitoring/v3/lib/src/lib.rs:307:32
    |
307 |         pub conditions: Option<Vec<crate::schemas::Condition>>,
    |                                ^^^^^^^^^^^^^^^^^^^^^^^^^^^^^^ unexpected type argument

error[E0107]: wrong number of type arguments: expected 0, found 1
   --> monitoring/v3/lib/src/lib.rs:310:37
    |
310 |         pub creation_record: Option<crate::schemas::MutationRecord>,
    |                                     ^^^^^^^^^^^^^^^^^^^^^^^^^^^^^^ unexpected type argument

error[E0107]: wrong number of type arguments: expected 0, found 1
   --> monitoring/v3/lib/src/lib.rs:313:34
    |
313 |         pub display_name: Option<String>,
    |                                  ^^^^^^ unexpected type argument

error[E0107]: wrong number of type arguments: expected 0, found 1
   --> monitoring/v3/lib/src/lib.rs:316:35
    |
316 |         pub documentation: Option<crate::schemas::Documentation>,
    |                                   ^^^^^^^^^^^^^^^^^^^^^^^^^^^^^ unexpected type argument

error[E0107]: wrong number of type arguments: expected 0, found 1
   --> monitoring/v3/lib/src/lib.rs:319:29
    |
319 |         pub enabled: Option<bool>,
    |                             ^^^^ unexpected type argument

error[E0107]: wrong number of type arguments: expected 0, found 1
   --> monitoring/v3/lib/src/lib.rs:322:37
    |
322 |         pub mutation_record: Option<crate::schemas::MutationRecord>,
    |                                     ^^^^^^^^^^^^^^^^^^^^^^^^^^^^^^ unexpected type argument

error[E0107]: wrong number of type arguments: expected 0, found 1
   --> monitoring/v3/lib/src/lib.rs:325:26
    |
325 |         pub name: Option<String>,
    |                          ^^^^^^ unexpected type argument

error[E0107]: wrong number of type arguments: expected 0, found 1
   --> monitoring/v3/lib/src/lib.rs:328:43
    |
328 |         pub notification_channels: Option<Vec<String>>,
    |                                           ^^^^^^^^^^^ unexpected type argument

error[E0107]: wrong number of type arguments: expected 0, found 1
   --> monitoring/v3/lib/src/lib.rs:331:33
    |
331 |         pub user_labels: Option<::std::collections::BTreeMap<String, String>>,
    |                                 ^^^^^^^^^^^^^^^^^^^^^^^^^^^^^^^^^^^^^^^^^^^^ unexpected type argument

error[E0107]: wrong number of type arguments: expected 0, found 1
   --> monitoring/v3/lib/src/lib.rs:334:30
    |
334 |         pub validity: Option<crate::schemas::Status>,
    |                              ^^^^^^^^^^^^^^^^^^^^^^ unexpected type argument

error[E0107]: wrong number of type arguments: expected 0, found 1
   --> monitoring/v3/lib/src/lib.rs:361:30
    |
361 |         pub password: Option<String>,
    |                              ^^^^^^ unexpected type argument

error[E0107]: wrong number of type arguments: expected 0, found 1
   --> monitoring/v3/lib/src/lib.rs:364:30
    |
364 |         pub username: Option<String>,
    |                              ^^^^^^ unexpected type argument

error[E0107]: wrong number of type arguments: expected 0, found 1
   --> monitoring/v3/lib/src/lib.rs:382:38
    |
382 |         pub explicit_buckets: Option<crate::schemas::Explicit>,
    |                                      ^^^^^^^^^^^^^^^^^^^^^^^^ unexpected type argument

error[E0107]: wrong number of type arguments: expected 0, found 1
   --> monitoring/v3/lib/src/lib.rs:385:41
    |
385 |         pub exponential_buckets: Option<crate::schemas::Exponential>,
    |                                         ^^^^^^^^^^^^^^^^^^^^^^^^^^^ unexpected type argument

error[E0107]: wrong number of type arguments: expected 0, found 1
   --> monitoring/v3/lib/src/lib.rs:388:36
    |
388 |         pub linear_buckets: Option<crate::schemas::Linear>,
    |                                    ^^^^^^^^^^^^^^^^^^^^^^ unexpected type argument

error[E0107]: wrong number of type arguments: expected 0, found 1
   --> monitoring/v3/lib/src/lib.rs:404:30
    |
404 |         pub end_time: Option<String>,
    |                              ^^^^^^ unexpected type argument

error[E0107]: wrong number of type arguments: expected 0, found 1
   --> monitoring/v3/lib/src/lib.rs:407:30
    |
407 |         pub metadata: Option<::std::collections::BTreeMap<String, crate::schemas::TypedValue>>,
    |                              ^^^^^^^^^^^^^^^^^^^^^^^^^^^^^^^^^^^^^^^^^^^^^^^^^^^^^^^^^^^^^^^^ unexpected type argument

error[E0107]: wrong number of type arguments: expected 0, found 1
   --> monitoring/v3/lib/src/lib.rs:410:28
    |
410 |         pub plugin: Option<String>,
    |                            ^^^^^^ unexpected type argument

error[E0107]: wrong number of type arguments: expected 0, found 1
   --> monitoring/v3/lib/src/lib.rs:413:37
    |
413 |         pub plugin_instance: Option<String>,
    |                                     ^^^^^^ unexpected type argument

error[E0107]: wrong number of type arguments: expected 0, found 1
   --> monitoring/v3/lib/src/lib.rs:416:28
    |
416 |         pub r#type: Option<String>,
    |                            ^^^^^^ unexpected type argument

error[E0107]: wrong number of type arguments: expected 0, found 1
   --> monitoring/v3/lib/src/lib.rs:419:32
    |
419 |         pub start_time: Option<String>,
    |                                ^^^^^^ unexpected type argument

error[E0107]: wrong number of type arguments: expected 0, found 1
   --> monitoring/v3/lib/src/lib.rs:422:35
    |
422 |         pub type_instance: Option<String>,
    |                                   ^^^^^^ unexpected type argument

error[E0107]: wrong number of type arguments: expected 0, found 1
   --> monitoring/v3/lib/src/lib.rs:425:28
    |
425 |         pub values: Option<Vec<crate::schemas::CollectdValue>>,
    |                            ^^^^^^^^^^^^^^^^^^^^^^^^^^^^^^^^^^ unexpected type argument

error[E0107]: wrong number of type arguments: expected 0, found 1
   --> monitoring/v3/lib/src/lib.rs:441:27
    |
441 |         pub error: Option<crate::schemas::Status>,
    |                           ^^^^^^^^^^^^^^^^^^^^^^ unexpected type argument

error[E0107]: wrong number of type arguments: expected 0, found 1
   --> monitoring/v3/lib/src/lib.rs:444:27
    |
444 |         pub index: Option<i32>,
    |                           ^^^ unexpected type argument

error[E0107]: wrong number of type arguments: expected 0, found 1
   --> monitoring/v3/lib/src/lib.rs:447:34
    |
447 |         pub value_errors: Option<Vec<crate::schemas::CollectdValueError>>,
    |                                  ^^^^^^^^^^^^^^^^^^^^^^^^^^^^^^^^^^^^^^^ unexpected type argument

error[E0107]: wrong number of type arguments: expected 0, found 1
   --> monitoring/v3/lib/src/lib.rs:525:38
    |
525 |         pub data_source_name: Option<String>,
    |                                      ^^^^^^ unexpected type argument

error[E0107]: wrong number of type arguments: expected 0, found 1
   --> monitoring/v3/lib/src/lib.rs:528:38
    |
528 |         pub data_source_type: Option<crate::schemas::CollectdValueDataSourceType>,
    |                                      ^^^^^^^^^^^^^^^^^^^^^^^^^^^^^^^^^^^^^^^^^^^ unexpected type argument

error[E0107]: wrong number of type arguments: expected 0, found 1
   --> monitoring/v3/lib/src/lib.rs:531:27
    |
531 |         pub value: Option<crate::schemas::TypedValue>,
    |                           ^^^^^^^^^^^^^^^^^^^^^^^^^^ unexpected type argument

error[E0107]: wrong number of type arguments: expected 0, found 1
   --> monitoring/v3/lib/src/lib.rs:547:27
    |
547 |         pub error: Option<crate::schemas::Status>,
    |                           ^^^^^^^^^^^^^^^^^^^^^^ unexpected type argument

error[E0107]: wrong number of type arguments: expected 0, found 1
   --> monitoring/v3/lib/src/lib.rs:550:27
    |
550 |         pub index: Option<i32>,
    |                           ^^^ unexpected type argument

error[E0107]: wrong number of type arguments: expected 0, found 1
   --> monitoring/v3/lib/src/lib.rs:568:38
    |
568 |         pub condition_absent: Option<crate::schemas::MetricAbsence>,
    |                                      ^^^^^^^^^^^^^^^^^^^^^^^^^^^^^ unexpected type argument

error[E0107]: wrong number of type arguments: expected 0, found 1
   --> monitoring/v3/lib/src/lib.rs:571:41
    |
571 |         pub condition_threshold: Option<crate::schemas::MetricThreshold>,
    |                                         ^^^^^^^^^^^^^^^^^^^^^^^^^^^^^^^ unexpected type argument

error[E0107]: wrong number of type arguments: expected 0, found 1
   --> monitoring/v3/lib/src/lib.rs:574:34
    |
574 |         pub display_name: Option<String>,
    |                                  ^^^^^^ unexpected type argument

error[E0107]: wrong number of type arguments: expected 0, found 1
   --> monitoring/v3/lib/src/lib.rs:577:26
    |
577 |         pub name: Option<String>,
    |                          ^^^^^^ unexpected type argument

error[E0107]: wrong number of type arguments: expected 0, found 1
   --> monitoring/v3/lib/src/lib.rs:666:29
    |
666 |         pub content: Option<String>,
    |                             ^^^^^^ unexpected type argument

error[E0107]: wrong number of type arguments: expected 0, found 1
   --> monitoring/v3/lib/src/lib.rs:669:29
    |
669 |         pub matcher: Option<crate::schemas::ContentMatcherMatcher>,
    |                             ^^^^^^^^^^^^^^^^^^^^^^^^^^^^^^^^^^^^^ unexpected type argument

error[E0107]: wrong number of type arguments: expected 0, found 1
   --> monitoring/v3/lib/src/lib.rs:685:39
    |
685 |         pub collectd_payloads: Option<Vec<crate::schemas::CollectdPayload>>,
    |                                       ^^^^^^^^^^^^^^^^^^^^^^^^^^^^^^^^^^^^ unexpected type argument

error[E0107]: wrong number of type arguments: expected 0, found 1
   --> monitoring/v3/lib/src/lib.rs:688:38
    |
688 |         pub collectd_version: Option<String>,
    |                                      ^^^^^^ unexpected type argument

error[E0107]: wrong number of type arguments: expected 0, found 1
   --> monitoring/v3/lib/src/lib.rs:691:30
    |
691 |         pub resource: Option<crate::schemas::MonitoredResource>,
    |                              ^^^^^^^^^^^^^^^^^^^^^^^^^^^^^^^^^ unexpected type argument

error[E0107]: wrong number of type arguments: expected 0, found 1
   --> monitoring/v3/lib/src/lib.rs:707:36
    |
707 |         pub payload_errors: Option<Vec<crate::schemas::CollectdPayloadError>>,
    |                                    ^^^^^^^^^^^^^^^^^^^^^^^^^^^^^^^^^^^^^^^^^ unexpected type argument

error[E0107]: wrong number of type arguments: expected 0, found 1
   --> monitoring/v3/lib/src/lib.rs:723:33
    |
723 |         pub time_series: Option<Vec<crate::schemas::TimeSeries>>,
    |                                 ^^^^^^^^^^^^^^^^^^^^^^^^^^^^^^^ unexpected type argument

error[E0107]: wrong number of type arguments: expected 0, found 1
   --> monitoring/v3/lib/src/lib.rs:739:35
    |
739 |         pub bucket_counts: Option<Vec<i64>>,
    |                                   ^^^^^^^^ unexpected type argument

error[E0107]: wrong number of type arguments: expected 0, found 1
   --> monitoring/v3/lib/src/lib.rs:742:36
    |
742 |         pub bucket_options: Option<crate::schemas::BucketOptions>,
    |                                    ^^^^^^^^^^^^^^^^^^^^^^^^^^^^^ unexpected type argument

error[E0107]: wrong number of type arguments: expected 0, found 1
   --> monitoring/v3/lib/src/lib.rs:746:27
    |
746 |         pub count: Option<i64>,
    |                           ^^^ unexpected type argument

error[E0107]: wrong number of type arguments: expected 0, found 1
   --> monitoring/v3/lib/src/lib.rs:749:31
    |
749 |         pub exemplars: Option<Vec<crate::schemas::Exemplar>>,
    |                               ^^^^^^^^^^^^^^^^^^^^^^^^^^^^^ unexpected type argument

error[E0107]: wrong number of type arguments: expected 0, found 1
   --> monitoring/v3/lib/src/lib.rs:752:26
    |
752 |         pub mean: Option<f64>,
    |                          ^^^ unexpected type argument

error[E0107]: wrong number of type arguments: expected 0, found 1
   --> monitoring/v3/lib/src/lib.rs:755:27
    |
755 |         pub range: Option<crate::schemas::Range>,
    |                           ^^^^^^^^^^^^^^^^^^^^^ unexpected type argument

error[E0107]: wrong number of type arguments: expected 0, found 1
   --> monitoring/v3/lib/src/lib.rs:758:46
    |
758 |         pub sum_of_squared_deviation: Option<f64>,
    |                                              ^^^ unexpected type argument

error[E0107]: wrong number of type arguments: expected 0, found 1
   --> monitoring/v3/lib/src/lib.rs:785:29
    |
785 |         pub content: Option<String>,
    |                             ^^^^^^ unexpected type argument

error[E0107]: wrong number of type arguments: expected 0, found 1
   --> monitoring/v3/lib/src/lib.rs:788:31
    |
788 |         pub mime_type: Option<String>,
    |                               ^^^^^^ unexpected type argument

error[E0107]: wrong number of type arguments: expected 0, found 1
   --> monitoring/v3/lib/src/lib.rs:815:27
    |
815 |         pub label: Option<::std::collections::BTreeMap<String, String>>,
    |                           ^^^^^^^^^^^^^^^^^^^^^^^^^^^^^^^^^^^^^^^^^^^^ unexpected type argument

error[E0107]: wrong number of type arguments: expected 0, found 1
   --> monitoring/v3/lib/src/lib.rs:848:33
    |
848 |         pub attachments: Option<Vec<::std::collections::BTreeMap<String, ::serde_json::Value>>>,
    |                                 ^^^^^^^^^^^^^^^^^^^^^^^^^^^^^^^^^^^^^^^^^^^^^^^^^^^^^^^^^^^^^^ unexpected type argument

error[E0107]: wrong number of type arguments: expected 0, found 1
   --> monitoring/v3/lib/src/lib.rs:851:31
    |
851 |         pub timestamp: Option<String>,
    |                               ^^^^^^ unexpected type argument

error[E0107]: wrong number of type arguments: expected 0, found 1
   --> monitoring/v3/lib/src/lib.rs:854:27
    |
854 |         pub value: Option<f64>,
    |                           ^^^ unexpected type argument

error[E0107]: wrong number of type arguments: expected 0, found 1
   --> monitoring/v3/lib/src/lib.rs:872:28
    |
872 |         pub bounds: Option<Vec<f64>>,
    |                            ^^^^^^^^ unexpected type argument

error[E0107]: wrong number of type arguments: expected 0, found 1
   --> monitoring/v3/lib/src/lib.rs:890:35
    |
890 |         pub growth_factor: Option<f64>,
    |                                   ^^^ unexpected type argument

error[E0107]: wrong number of type arguments: expected 0, found 1
   --> monitoring/v3/lib/src/lib.rs:893:40
    |
893 |         pub num_finite_buckets: Option<i32>,
    |                                        ^^^ unexpected type argument

error[E0107]: wrong number of type arguments: expected 0, found 1
   --> monitoring/v3/lib/src/lib.rs:896:27
    |
896 |         pub scale: Option<f64>,
    |                           ^^^ unexpected type argument

error[E0107]: wrong number of type arguments: expected 0, found 1
    --> monitoring/v3/lib/src/lib.rs:1080:33
     |
1080 |         pub cardinality: Option<crate::schemas::FieldCardinality>,
     |                                 ^^^^^^^^^^^^^^^^^^^^^^^^^^^^^^^^ unexpected type argument

error[E0107]: wrong number of type arguments: expected 0, found 1
    --> monitoring/v3/lib/src/lib.rs:1083:35
     |
1083 |         pub default_value: Option<String>,
     |                                   ^^^^^^ unexpected type argument

error[E0107]: wrong number of type arguments: expected 0, found 1
    --> monitoring/v3/lib/src/lib.rs:1086:31
     |
1086 |         pub json_name: Option<String>,
     |                               ^^^^^^ unexpected type argument

error[E0107]: wrong number of type arguments: expected 0, found 1
    --> monitoring/v3/lib/src/lib.rs:1089:26
     |
1089 |         pub kind: Option<crate::schemas::FieldKind>,
     |                          ^^^^^^^^^^^^^^^^^^^^^^^^^ unexpected type argument

error[E0107]: wrong number of type arguments: expected 0, found 1
    --> monitoring/v3/lib/src/lib.rs:1092:26
     |
1092 |         pub name: Option<String>,
     |                          ^^^^^^ unexpected type argument

error[E0107]: wrong number of type arguments: expected 0, found 1
    --> monitoring/v3/lib/src/lib.rs:1095:28
     |
1095 |         pub number: Option<i32>,
     |                            ^^^ unexpected type argument

error[E0107]: wrong number of type arguments: expected 0, found 1
    --> monitoring/v3/lib/src/lib.rs:1098:33
     |
1098 |         pub oneof_index: Option<i32>,
     |                                 ^^^ unexpected type argument

error[E0107]: wrong number of type arguments: expected 0, found 1
    --> monitoring/v3/lib/src/lib.rs:1101:29
     |
1101 |         pub options: Option<Vec<crate::schemas::Option>>,
     |                             ^^^^^^^^^^^^^^^^^^^^^^^^^^^ unexpected type argument

error[E0107]: wrong number of type arguments: expected 0, found 1
    --> monitoring/v3/lib/src/lib.rs:1104:28
     |
1104 |         pub packed: Option<bool>,
     |                            ^^^^ unexpected type argument

error[E0107]: wrong number of type arguments: expected 0, found 1
    --> monitoring/v3/lib/src/lib.rs:1107:30
     |
1107 |         pub type_url: Option<String>,
     |                              ^^^^^^ unexpected type argument

error[E0107]: wrong number of type arguments: expected 0, found 1
    --> monitoring/v3/lib/src/lib.rs:1134:33
     |
1134 |         pub expire_time: Option<String>,
     |                                 ^^^^^^ unexpected type argument

error[E0107]: wrong number of type arguments: expected 0, found 1
    --> monitoring/v3/lib/src/lib.rs:1161:26
     |
1161 |         pub code: Option<String>,
     |                          ^^^^^^ unexpected type argument

error[E0107]: wrong number of type arguments: expected 0, found 1
    --> monitoring/v3/lib/src/lib.rs:1164:33
     |
1164 |         pub expire_time: Option<String>,
     |                                 ^^^^^^ unexpected type argument

error[E0107]: wrong number of type arguments: expected 0, found 1
    --> monitoring/v3/lib/src/lib.rs:1191:34
     |
1191 |         pub display_name: Option<String>,
     |                                  ^^^^^^ unexpected type argument

error[E0107]: wrong number of type arguments: expected 0, found 1
    --> monitoring/v3/lib/src/lib.rs:1194:28
     |
1194 |         pub filter: Option<String>,
     |                            ^^^^^^ unexpected type argument

error[E0107]: wrong number of type arguments: expected 0, found 1
    --> monitoring/v3/lib/src/lib.rs:1197:32
     |
1197 |         pub is_cluster: Option<bool>,
     |                                ^^^^ unexpected type argument

error[E0107]: wrong number of type arguments: expected 0, found 1
    --> monitoring/v3/lib/src/lib.rs:1200:26
     |
1200 |         pub name: Option<String>,
     |                          ^^^^^^ unexpected type argument

error[E0107]: wrong number of type arguments: expected 0, found 1
    --> monitoring/v3/lib/src/lib.rs:1203:33
     |
1203 |         pub parent_name: Option<String>,
     |                                 ^^^^^^ unexpected type argument

error[E0107]: wrong number of type arguments: expected 0, found 1
    --> monitoring/v3/lib/src/lib.rs:1230:31
     |
1230 |         pub auth_info: Option<crate::schemas::BasicAuthentication>,
     |                               ^^^^^^^^^^^^^^^^^^^^^^^^^^^^^^^^^^^ unexpected type argument

error[E0107]: wrong number of type arguments: expected 0, found 1
    --> monitoring/v3/lib/src/lib.rs:1233:29
     |
1233 |         pub headers: Option<::std::collections::BTreeMap<String, String>>,
     |                             ^^^^^^^^^^^^^^^^^^^^^^^^^^^^^^^^^^^^^^^^^^^^ unexpected type argument

error[E0107]: wrong number of type arguments: expected 0, found 1
    --> monitoring/v3/lib/src/lib.rs:1236:34
     |
1236 |         pub mask_headers: Option<bool>,
     |                                  ^^^^ unexpected type argument

error[E0107]: wrong number of type arguments: expected 0, found 1
    --> monitoring/v3/lib/src/lib.rs:1239:26
     |
1239 |         pub path: Option<String>,
     |                          ^^^^^^ unexpected type argument

error[E0107]: wrong number of type arguments: expected 0, found 1
    --> monitoring/v3/lib/src/lib.rs:1242:26
     |
1242 |         pub port: Option<i32>,
     |                          ^^^ unexpected type argument

error[E0107]: wrong number of type arguments: expected 0, found 1
    --> monitoring/v3/lib/src/lib.rs:1245:29
     |
1245 |         pub use_ssl: Option<bool>,
     |                             ^^^^ unexpected type argument

error[E0107]: wrong number of type arguments: expected 0, found 1
    --> monitoring/v3/lib/src/lib.rs:1248:34
     |
1248 |         pub validate_ssl: Option<bool>,
     |                                  ^^^^ unexpected type argument

error[E0107]: wrong number of type arguments: expected 0, found 1
    --> monitoring/v3/lib/src/lib.rs:1325:34
     |
1325 |         pub display_name: Option<String>,
     |                                  ^^^^^^ unexpected type argument

error[E0107]: wrong number of type arguments: expected 0, found 1
    --> monitoring/v3/lib/src/lib.rs:1328:30
     |
1328 |         pub gcp_zone: Option<String>,
     |                              ^^^^^^ unexpected type argument

error[E0107]: wrong number of type arguments: expected 0, found 1
    --> monitoring/v3/lib/src/lib.rs:1331:26
     |
1331 |         pub name: Option<String>,
     |                          ^^^^^^ unexpected type argument

error[E0107]: wrong number of type arguments: expected 0, found 1
    --> monitoring/v3/lib/src/lib.rs:1334:29
     |
1334 |         pub network: Option<String>,
     |                             ^^^^^^ unexpected type argument

error[E0107]: wrong number of type arguments: expected 0, found 1
    --> monitoring/v3/lib/src/lib.rs:1337:37
     |
1337 |         pub peer_project_id: Option<String>,
     |                                     ^^^^^^ unexpected type argument

error[E0107]: wrong number of type arguments: expected 0, found 1
    --> monitoring/v3/lib/src/lib.rs:1340:27
     |
1340 |         pub state: Option<crate::schemas::InternalCheckerState>,
     |                           ^^^^^^^^^^^^^^^^^^^^^^^^^^^^^^^^^^^^ unexpected type argument

error[E0107]: wrong number of type arguments: expected 0, found 1
    --> monitoring/v3/lib/src/lib.rs:1417:33
     |
1417 |         pub description: Option<String>,
     |                                 ^^^^^^ unexpected type argument

error[E0107]: wrong number of type arguments: expected 0, found 1
    --> monitoring/v3/lib/src/lib.rs:1420:25
     |
1420 |         pub key: Option<String>,
     |                         ^^^^^^ unexpected type argument

error[E0107]: wrong number of type arguments: expected 0, found 1
    --> monitoring/v3/lib/src/lib.rs:1423:32
     |
1423 |         pub value_type: Option<crate::schemas::LabelDescriptorValueType>,
     |                                ^^^^^^^^^^^^^^^^^^^^^^^^^^^^^^^^^^^^^^^^ unexpected type argument

error[E0107]: wrong number of type arguments: expected 0, found 1
    --> monitoring/v3/lib/src/lib.rs:1441:40
     |
1441 |         pub num_finite_buckets: Option<i32>,
     |                                        ^^^ unexpected type argument

error[E0107]: wrong number of type arguments: expected 0, found 1
    --> monitoring/v3/lib/src/lib.rs:1444:28
     |
1444 |         pub offset: Option<f64>,
     |                            ^^^ unexpected type argument

error[E0107]: wrong number of type arguments: expected 0, found 1
    --> monitoring/v3/lib/src/lib.rs:1447:27
     |
1447 |         pub width: Option<f64>,
     |                           ^^^ unexpected type argument

error[E0107]: wrong number of type arguments: expected 0, found 1
    --> monitoring/v3/lib/src/lib.rs:1463:36
     |
1463 |         pub alert_policies: Option<Vec<crate::schemas::AlertPolicy>>,
     |                                    ^^^^^^^^^^^^^^^^^^^^^^^^^^^^^^^^ unexpected type argument

error[E0107]: wrong number of type arguments: expected 0, found 1
    --> monitoring/v3/lib/src/lib.rs:1466:37
     |
1466 |         pub next_page_token: Option<String>,
     |                                     ^^^^^^ unexpected type argument

error[E0107]: wrong number of type arguments: expected 0, found 1
    --> monitoring/v3/lib/src/lib.rs:1493:29
     |
1493 |         pub members: Option<Vec<crate::schemas::MonitoredResource>>,
     |                             ^^^^^^^^^^^^^^^^^^^^^^^^^^^^^^^^^^^^^^ unexpected type argument

error[E0107]: wrong number of type arguments: expected 0, found 1
    --> monitoring/v3/lib/src/lib.rs:1496:37
     |
1496 |         pub next_page_token: Option<String>,
     |                                     ^^^^^^ unexpected type argument

error[E0107]: wrong number of type arguments: expected 0, found 1
    --> monitoring/v3/lib/src/lib.rs:1499:32
     |
1499 |         pub total_size: Option<i32>,
     |                                ^^^ unexpected type argument

error[E0107]: wrong number of type arguments: expected 0, found 1
    --> monitoring/v3/lib/src/lib.rs:1526:27
     |
1526 |         pub group: Option<Vec<crate::schemas::Group>>,
     |                           ^^^^^^^^^^^^^^^^^^^^^^^^^^ unexpected type argument

error[E0107]: wrong number of type arguments: expected 0, found 1
    --> monitoring/v3/lib/src/lib.rs:1529:37
     |
1529 |         pub next_page_token: Option<String>,
     |                                     ^^^^^^ unexpected type argument

error[E0107]: wrong number of type arguments: expected 0, found 1
    --> monitoring/v3/lib/src/lib.rs:1556:40
     |
1556 |         pub metric_descriptors: Option<Vec<crate::schemas::MetricDescriptor>>,
     |                                        ^^^^^^^^^^^^^^^^^^^^^^^^^^^^^^^^^^^^^ unexpected type argument

error[E0107]: wrong number of type arguments: expected 0, found 1
    --> monitoring/v3/lib/src/lib.rs:1559:37
     |
1559 |         pub next_page_token: Option<String>,
     |                                     ^^^^^^ unexpected type argument

error[E0107]: wrong number of type arguments: expected 0, found 1
    --> monitoring/v3/lib/src/lib.rs:1586:37
     |
1586 |         pub next_page_token: Option<String>,
     |                                     ^^^^^^ unexpected type argument

error[E0107]: wrong number of type arguments: expected 0, found 1
    --> monitoring/v3/lib/src/lib.rs:1589:42
     |
1589 |         pub resource_descriptors: Option<Vec<crate::schemas::MonitoredResourceDescriptor>>,
     |                                          ^^^^^^^^^^^^^^^^^^^^^^^^^^^^^^^^^^^^^^^^^^^^^^^^ unexpected type argument

error[E0107]: wrong number of type arguments: expected 0, found 1
    --> monitoring/v3/lib/src/lib.rs:1616:41
     |
1616 |         pub channel_descriptors: Option<Vec<crate::schemas::NotificationChannelDescriptor>>,
     |                                         ^^^^^^^^^^^^^^^^^^^^^^^^^^^^^^^^^^^^^^^^^^^^^^^^^^ unexpected type argument

error[E0107]: wrong number of type arguments: expected 0, found 1
    --> monitoring/v3/lib/src/lib.rs:1619:37
     |
1619 |         pub next_page_token: Option<String>,
     |                                     ^^^^^^ unexpected type argument

error[E0107]: wrong number of type arguments: expected 0, found 1
    --> monitoring/v3/lib/src/lib.rs:1646:37
     |
1646 |         pub next_page_token: Option<String>,
     |                                     ^^^^^^ unexpected type argument

error[E0107]: wrong number of type arguments: expected 0, found 1
    --> monitoring/v3/lib/src/lib.rs:1649:43
     |
1649 |         pub notification_channels: Option<Vec<crate::schemas::NotificationChannel>>,
     |                                           ^^^^^^^^^^^^^^^^^^^^^^^^^^^^^^^^^^^^^^^^ unexpected type argument

error[E0107]: wrong number of type arguments: expected 0, found 1
    --> monitoring/v3/lib/src/lib.rs:1665:38
     |
1665 |         pub execution_errors: Option<Vec<crate::schemas::Status>>,
     |                                      ^^^^^^^^^^^^^^^^^^^^^^^^^^^ unexpected type argument

error[E0107]: wrong number of type arguments: expected 0, found 1
    --> monitoring/v3/lib/src/lib.rs:1668:37
     |
1668 |         pub next_page_token: Option<String>,
     |                                     ^^^^^^ unexpected type argument

error[E0107]: wrong number of type arguments: expected 0, found 1
    --> monitoring/v3/lib/src/lib.rs:1671:33
     |
1671 |         pub time_series: Option<Vec<crate::schemas::TimeSeries>>,
     |                                 ^^^^^^^^^^^^^^^^^^^^^^^^^^^^^^^ unexpected type argument

error[E0107]: wrong number of type arguments: expected 0, found 1
    --> monitoring/v3/lib/src/lib.rs:1698:37
     |
1698 |         pub next_page_token: Option<String>,
     |                                     ^^^^^^ unexpected type argument

error[E0107]: wrong number of type arguments: expected 0, found 1
    --> monitoring/v3/lib/src/lib.rs:1701:32
     |
1701 |         pub total_size: Option<i32>,
     |                                ^^^ unexpected type argument

error[E0107]: wrong number of type arguments: expected 0, found 1
    --> monitoring/v3/lib/src/lib.rs:1704:42
     |
1704 |         pub uptime_check_configs: Option<Vec<crate::schemas::UptimeCheckConfig>>,
     |                                          ^^^^^^^^^^^^^^^^^^^^^^^^^^^^^^^^^^^^^^ unexpected type argument

error[E0107]: wrong number of type arguments: expected 0, found 1
    --> monitoring/v3/lib/src/lib.rs:1731:37
     |
1731 |         pub next_page_token: Option<String>,
     |                                     ^^^^^^ unexpected type argument

error[E0107]: wrong number of type arguments: expected 0, found 1
    --> monitoring/v3/lib/src/lib.rs:1734:38
     |
1734 |         pub uptime_check_ips: Option<Vec<crate::schemas::UptimeCheckIp>>,
     |                                      ^^^^^^^^^^^^^^^^^^^^^^^^^^^^^^^^^^ unexpected type argument

error[E0107]: wrong number of type arguments: expected 0, found 1
    --> monitoring/v3/lib/src/lib.rs:1761:28
     |
1761 |         pub labels: Option<::std::collections::BTreeMap<String, String>>,
     |                            ^^^^^^^^^^^^^^^^^^^^^^^^^^^^^^^^^^^^^^^^^^^^ unexpected type argument

error[E0107]: wrong number of type arguments: expected 0, found 1
    --> monitoring/v3/lib/src/lib.rs:1764:28
     |
1764 |         pub r#type: Option<String>,
     |                            ^^^^^^ unexpected type argument

error[E0107]: wrong number of type arguments: expected 0, found 1
    --> monitoring/v3/lib/src/lib.rs:1782:34
     |
1782 |         pub aggregations: Option<Vec<crate::schemas::Aggregation>>,
     |                                  ^^^^^^^^^^^^^^^^^^^^^^^^^^^^^^^^ unexpected type argument

error[E0107]: wrong number of type arguments: expected 0, found 1
    --> monitoring/v3/lib/src/lib.rs:1785:30
     |
1785 |         pub duration: Option<String>,
     |                              ^^^^^^ unexpected type argument

error[E0107]: wrong number of type arguments: expected 0, found 1
    --> monitoring/v3/lib/src/lib.rs:1788:28
     |
1788 |         pub filter: Option<String>,
     |                            ^^^^^^ unexpected type argument

error[E0107]: wrong number of type arguments: expected 0, found 1
    --> monitoring/v3/lib/src/lib.rs:1791:29
     |
1791 |         pub trigger: Option<crate::schemas::Trigger>,
     |                             ^^^^^^^^^^^^^^^^^^^^^^^ unexpected type argument

error[E0107]: wrong number of type arguments: expected 0, found 1
    --> monitoring/v3/lib/src/lib.rs:2000:33
     |
2000 |         pub description: Option<String>,
     |                                 ^^^^^^ unexpected type argument

error[E0107]: wrong number of type arguments: expected 0, found 1
    --> monitoring/v3/lib/src/lib.rs:2003:34
     |
2003 |         pub display_name: Option<String>,
     |                                  ^^^^^^ unexpected type argument

error[E0107]: wrong number of type arguments: expected 0, found 1
    --> monitoring/v3/lib/src/lib.rs:2006:28
     |
2006 |         pub labels: Option<Vec<crate::schemas::LabelDescriptor>>,
     |                            ^^^^^^^^^^^^^^^^^^^^^^^^^^^^^^^^^^^^ unexpected type argument

error[E0107]: wrong number of type arguments: expected 0, found 1
    --> monitoring/v3/lib/src/lib.rs:2009:34
     |
2009 |         pub launch_stage: Option<crate::schemas::MetricDescriptorLaunchStage>,
     |                                  ^^^^^^^^^^^^^^^^^^^^^^^^^^^^^^^^^^^^^^^^^^^ unexpected type argument

error[E0107]: wrong number of type arguments: expected 0, found 1
    --> monitoring/v3/lib/src/lib.rs:2012:30
     |
2012 |         pub metadata: Option<crate::schemas::MetricDescriptorMetadata>,
     |                              ^^^^^^^^^^^^^^^^^^^^^^^^^^^^^^^^^^^^^^^^ unexpected type argument

error[E0107]: wrong number of type arguments: expected 0, found 1
    --> monitoring/v3/lib/src/lib.rs:2015:33
     |
2015 |         pub metric_kind: Option<crate::schemas::MetricDescriptorMetricKind>,
     |                                 ^^^^^^^^^^^^^^^^^^^^^^^^^^^^^^^^^^^^^^^^^^ unexpected type argument

error[E0107]: wrong number of type arguments: expected 0, found 1
    --> monitoring/v3/lib/src/lib.rs:2018:26
     |
2018 |         pub name: Option<String>,
     |                          ^^^^^^ unexpected type argument

error[E0107]: wrong number of type arguments: expected 0, found 1
    --> monitoring/v3/lib/src/lib.rs:2021:28
     |
2021 |         pub r#type: Option<String>,
     |                            ^^^^^^ unexpected type argument

error[E0107]: wrong number of type arguments: expected 0, found 1
    --> monitoring/v3/lib/src/lib.rs:2024:26
     |
2024 |         pub unit: Option<String>,
     |                          ^^^^^^ unexpected type argument

error[E0107]: wrong number of type arguments: expected 0, found 1
    --> monitoring/v3/lib/src/lib.rs:2027:32
     |
2027 |         pub value_type: Option<crate::schemas::MetricDescriptorValueType>,
     |                                ^^^^^^^^^^^^^^^^^^^^^^^^^^^^^^^^^^^^^^^^^ unexpected type argument

error[E0107]: wrong number of type arguments: expected 0, found 1
    --> monitoring/v3/lib/src/lib.rs:2120:34
     |
2120 |         pub ingest_delay: Option<String>,
     |                                  ^^^^^^ unexpected type argument

error[E0107]: wrong number of type arguments: expected 0, found 1
    --> monitoring/v3/lib/src/lib.rs:2123:34
     |
2123 |         pub launch_stage: Option<crate::schemas::MetricDescriptorMetadataLaunchStage>,
     |                                  ^^^^^^^^^^^^^^^^^^^^^^^^^^^^^^^^^^^^^^^^^^^^^^^^^^^ unexpected type argument

error[E0107]: wrong number of type arguments: expected 0, found 1
    --> monitoring/v3/lib/src/lib.rs:2126:35
     |
2126 |         pub sample_period: Option<String>,
     |                                   ^^^^^^ unexpected type argument

error[E0107]: wrong number of type arguments: expected 0, found 1
    --> monitoring/v3/lib/src/lib.rs:2210:34
     |
2210 |         pub aggregations: Option<Vec<crate::schemas::Aggregation>>,
     |                                  ^^^^^^^^^^^^^^^^^^^^^^^^^^^^^^^^ unexpected type argument

error[E0107]: wrong number of type arguments: expected 0, found 1
    --> monitoring/v3/lib/src/lib.rs:2213:32
     |
2213 |         pub comparison: Option<crate::schemas::MetricThresholdComparison>,
     |                                ^^^^^^^^^^^^^^^^^^^^^^^^^^^^^^^^^^^^^^^^^ unexpected type argument

error[E0107]: wrong number of type arguments: expected 0, found 1
    --> monitoring/v3/lib/src/lib.rs:2216:46
     |
2216 |         pub denominator_aggregations: Option<Vec<crate::schemas::Aggregation>>,
     |                                              ^^^^^^^^^^^^^^^^^^^^^^^^^^^^^^^^ unexpected type argument

error[E0107]: wrong number of type arguments: expected 0, found 1
    --> monitoring/v3/lib/src/lib.rs:2219:40
     |
2219 |         pub denominator_filter: Option<String>,
     |                                        ^^^^^^ unexpected type argument

error[E0107]: wrong number of type arguments: expected 0, found 1
    --> monitoring/v3/lib/src/lib.rs:2222:30
     |
2222 |         pub duration: Option<String>,
     |                              ^^^^^^ unexpected type argument

error[E0107]: wrong number of type arguments: expected 0, found 1
    --> monitoring/v3/lib/src/lib.rs:2225:28
     |
2225 |         pub filter: Option<String>,
     |                            ^^^^^^ unexpected type argument

error[E0107]: wrong number of type arguments: expected 0, found 1
    --> monitoring/v3/lib/src/lib.rs:2228:37
     |
2228 |         pub threshold_value: Option<f64>,
     |                                     ^^^ unexpected type argument

error[E0107]: wrong number of type arguments: expected 0, found 1
    --> monitoring/v3/lib/src/lib.rs:2231:29
     |
2231 |         pub trigger: Option<crate::schemas::Trigger>,
     |                             ^^^^^^^^^^^^^^^^^^^^^^^ unexpected type argument

error[E0107]: wrong number of type arguments: expected 0, found 1
    --> monitoring/v3/lib/src/lib.rs:2258:28
     |
2258 |         pub labels: Option<::std::collections::BTreeMap<String, String>>,
     |                            ^^^^^^^^^^^^^^^^^^^^^^^^^^^^^^^^^^^^^^^^^^^^ unexpected type argument

error[E0107]: wrong number of type arguments: expected 0, found 1
    --> monitoring/v3/lib/src/lib.rs:2261:28
     |
2261 |         pub r#type: Option<String>,
     |                            ^^^^^^ unexpected type argument

error[E0107]: wrong number of type arguments: expected 0, found 1
    --> monitoring/v3/lib/src/lib.rs:2354:33
     |
2354 |         pub description: Option<String>,
     |                                 ^^^^^^ unexpected type argument

error[E0107]: wrong number of type arguments: expected 0, found 1
    --> monitoring/v3/lib/src/lib.rs:2357:34
     |
2357 |         pub display_name: Option<String>,
     |                                  ^^^^^^ unexpected type argument

error[E0107]: wrong number of type arguments: expected 0, found 1
    --> monitoring/v3/lib/src/lib.rs:2360:28
     |
2360 |         pub labels: Option<Vec<crate::schemas::LabelDescriptor>>,
     |                            ^^^^^^^^^^^^^^^^^^^^^^^^^^^^^^^^^^^^ unexpected type argument

error[E0107]: wrong number of type arguments: expected 0, found 1
    --> monitoring/v3/lib/src/lib.rs:2363:34
     |
2363 |         pub launch_stage: Option<crate::schemas::MonitoredResourceDescriptorLaunchStage>,
     |                                  ^^^^^^^^^^^^^^^^^^^^^^^^^^^^^^^^^^^^^^^^^^^^^^^^^^^^^^ unexpected type argument

error[E0107]: wrong number of type arguments: expected 0, found 1
    --> monitoring/v3/lib/src/lib.rs:2366:26
     |
2366 |         pub name: Option<String>,
     |                          ^^^^^^ unexpected type argument

error[E0107]: wrong number of type arguments: expected 0, found 1
    --> monitoring/v3/lib/src/lib.rs:2369:28
     |
2369 |         pub r#type: Option<String>,
     |                            ^^^^^^ unexpected type argument

error[E0107]: wrong number of type arguments: expected 0, found 1
    --> monitoring/v3/lib/src/lib.rs:2385:35
     |
2385 |         pub system_labels: Option<::std::collections::BTreeMap<String, ::serde_json::Value>>,
     |                                   ^^^^^^^^^^^^^^^^^^^^^^^^^^^^^^^^^^^^^^^^^^^^^^^^^^^^^^^^^ unexpected type argument

error[E0107]: wrong number of type arguments: expected 0, found 1
    --> monitoring/v3/lib/src/lib.rs:2388:33
     |
2388 |         pub user_labels: Option<::std::collections::BTreeMap<String, String>>,
     |                                 ^^^^^^^^^^^^^^^^^^^^^^^^^^^^^^^^^^^^^^^^^^^^ unexpected type argument

error[E0107]: wrong number of type arguments: expected 0, found 1
    --> monitoring/v3/lib/src/lib.rs:2415:33
     |
2415 |         pub mutate_time: Option<String>,
     |                                 ^^^^^^ unexpected type argument

error[E0107]: wrong number of type arguments: expected 0, found 1
    --> monitoring/v3/lib/src/lib.rs:2418:32
     |
2418 |         pub mutated_by: Option<String>,
     |                                ^^^^^^ unexpected type argument

error[E0107]: wrong number of type arguments: expected 0, found 1
    --> monitoring/v3/lib/src/lib.rs:2499:33
     |
2499 |         pub description: Option<String>,
     |                                 ^^^^^^ unexpected type argument

error[E0107]: wrong number of type arguments: expected 0, found 1
    --> monitoring/v3/lib/src/lib.rs:2502:34
     |
2502 |         pub display_name: Option<String>,
     |                                  ^^^^^^ unexpected type argument

error[E0107]: wrong number of type arguments: expected 0, found 1
    --> monitoring/v3/lib/src/lib.rs:2505:29
     |
2505 |         pub enabled: Option<bool>,
     |                             ^^^^ unexpected type argument

error[E0107]: wrong number of type arguments: expected 0, found 1
    --> monitoring/v3/lib/src/lib.rs:2508:28
     |
2508 |         pub labels: Option<::std::collections::BTreeMap<String, String>>,
     |                            ^^^^^^^^^^^^^^^^^^^^^^^^^^^^^^^^^^^^^^^^^^^^ unexpected type argument

error[E0107]: wrong number of type arguments: expected 0, found 1
    --> monitoring/v3/lib/src/lib.rs:2511:26
     |
2511 |         pub name: Option<String>,
     |                          ^^^^^^ unexpected type argument

error[E0107]: wrong number of type arguments: expected 0, found 1
    --> monitoring/v3/lib/src/lib.rs:2514:28
     |
2514 |         pub r#type: Option<String>,
     |                            ^^^^^^ unexpected type argument

error[E0107]: wrong number of type arguments: expected 0, found 1
    --> monitoring/v3/lib/src/lib.rs:2517:33
     |
2517 |         pub user_labels: Option<::std::collections::BTreeMap<String, String>>,
     |                                 ^^^^^^^^^^^^^^^^^^^^^^^^^^^^^^^^^^^^^^^^^^^^ unexpected type argument

error[E0107]: wrong number of type arguments: expected 0, found 1
    --> monitoring/v3/lib/src/lib.rs:2520:41
     |
2520 |         pub verification_status: Option<crate::schemas::NotificationChannelVerificationStatus>,
     |                                         ^^^^^^^^^^^^^^^^^^^^^^^^^^^^^^^^^^^^^^^^^^^^^^^^^^^^^ unexpected type argument

error[E0107]: wrong number of type arguments: expected 0, found 1
    --> monitoring/v3/lib/src/lib.rs:2606:33
     |
2606 |         pub description: Option<String>,
     |                                 ^^^^^^ unexpected type argument

error[E0107]: wrong number of type arguments: expected 0, found 1
    --> monitoring/v3/lib/src/lib.rs:2609:34
     |
2609 |         pub display_name: Option<String>,
     |                                  ^^^^^^ unexpected type argument

error[E0107]: wrong number of type arguments: expected 0, found 1
    --> monitoring/v3/lib/src/lib.rs:2612:28
     |
2612 |         pub labels: Option<Vec<crate::schemas::LabelDescriptor>>,
     |                            ^^^^^^^^^^^^^^^^^^^^^^^^^^^^^^^^^^^^ unexpected type argument

error[E0107]: wrong number of type arguments: expected 0, found 1
    --> monitoring/v3/lib/src/lib.rs:2615:26
     |
2615 |         pub name: Option<String>,
     |                          ^^^^^^ unexpected type argument

error[E0107]: wrong number of type arguments: expected 0, found 1
    --> monitoring/v3/lib/src/lib.rs:2618:28
     |
2618 |         pub r#type: Option<String>,
     |                            ^^^^^^ unexpected type argument

error[E0107]: wrong number of type arguments: expected 0, found 1
    --> monitoring/v3/lib/src/lib.rs:2622:20
     |
2622 |             Option<Vec<crate::schemas::NotificationChannelDescriptorSupportedTiersItems>>,
     |                    ^^^^^^^^^^^^^^^^^^^^^^^^^^^^^^^^^^^^^^^^^^^^^^^^^^^^^^^^^^^^^^^^^^^^^ unexpected type argument

error[E0107]: wrong number of type arguments: expected 0, found 1
    --> monitoring/v3/lib/src/lib.rs:2638:26
     |
2638 |         pub name: Option<String>,
     |                          ^^^^^^ unexpected type argument

error[E0107]: wrong number of type arguments: expected 0, found 1
    --> monitoring/v3/lib/src/lib.rs:2641:27
     |
2641 |         pub value: Option<::std::collections::BTreeMap<String, ::serde_json::Value>>,
     |                           ^^^^^^^^^^^^^^^^^^^^^^^^^^^^^^^^^^^^^^^^^^^^^^^^^^^^^^^^^ unexpected type argument

error[E0107]: wrong number of type arguments: expected 0, found 1
    --> monitoring/v3/lib/src/lib.rs:2657:30
     |
2657 |         pub interval: Option<crate::schemas::TimeInterval>,
     |                              ^^^^^^^^^^^^^^^^^^^^^^^^^^^^ unexpected type argument

error[E0107]: wrong number of type arguments: expected 0, found 1
    --> monitoring/v3/lib/src/lib.rs:2660:27
     |
2660 |         pub value: Option<crate::schemas::TypedValue>,
     |                           ^^^^^^^^^^^^^^^^^^^^^^^^^^ unexpected type argument

error[E0107]: wrong number of type arguments: expected 0, found 1
    --> monitoring/v3/lib/src/lib.rs:2678:25
     |
2678 |         pub max: Option<f64>,
     |                         ^^^ unexpected type argument

error[E0107]: wrong number of type arguments: expected 0, found 1
    --> monitoring/v3/lib/src/lib.rs:2681:25
     |
2681 |         pub min: Option<f64>,
     |                         ^^^ unexpected type argument

error[E0107]: wrong number of type arguments: expected 0, found 1
    --> monitoring/v3/lib/src/lib.rs:2758:30
     |
2758 |         pub group_id: Option<String>,
     |                              ^^^^^^ unexpected type argument

error[E0107]: wrong number of type arguments: expected 0, found 1
    --> monitoring/v3/lib/src/lib.rs:2761:35
     |
2761 |         pub resource_type: Option<crate::schemas::ResourceGroupResourceType>,
     |                                   ^^^^^^^^^^^^^^^^^^^^^^^^^^^^^^^^^^^^^^^^^ unexpected type argument

error[E0107]: wrong number of type arguments: expected 0, found 1
    --> monitoring/v3/lib/src/lib.rs:2805:31
     |
2805 |         pub file_name: Option<String>,
     |                               ^^^^^^ unexpected type argument

error[E0107]: wrong number of type arguments: expected 0, found 1
    --> monitoring/v3/lib/src/lib.rs:2832:31
     |
2832 |         pub span_name: Option<String>,
     |                               ^^^^^^ unexpected type argument

error[E0107]: wrong number of type arguments: expected 0, found 1
    --> monitoring/v3/lib/src/lib.rs:2848:26
     |
2848 |         pub code: Option<i32>,
     |                          ^^^ unexpected type argument

error[E0107]: wrong number of type arguments: expected 0, found 1
    --> monitoring/v3/lib/src/lib.rs:2851:29
     |
2851 |         pub details: Option<Vec<::std::collections::BTreeMap<String, ::serde_json::Value>>>,
     |                             ^^^^^^^^^^^^^^^^^^^^^^^^^^^^^^^^^^^^^^^^^^^^^^^^^^^^^^^^^^^^^^ unexpected type argument

error[E0107]: wrong number of type arguments: expected 0, found 1
    --> monitoring/v3/lib/src/lib.rs:2854:29
     |
2854 |         pub message: Option<String>,
     |                             ^^^^^^ unexpected type argument

error[E0107]: wrong number of type arguments: expected 0, found 1
    --> monitoring/v3/lib/src/lib.rs:2881:26
     |
2881 |         pub port: Option<i32>,
     |                          ^^^ unexpected type argument

error[E0107]: wrong number of type arguments: expected 0, found 1
    --> monitoring/v3/lib/src/lib.rs:2908:30
     |
2908 |         pub end_time: Option<String>,
     |                              ^^^^^^ unexpected type argument

error[E0107]: wrong number of type arguments: expected 0, found 1
    --> monitoring/v3/lib/src/lib.rs:2911:32
     |
2911 |         pub start_time: Option<String>,
     |                                ^^^^^^ unexpected type argument

error[E0107]: wrong number of type arguments: expected 0, found 1
    --> monitoring/v3/lib/src/lib.rs:3047:30
     |
3047 |         pub metadata: Option<crate::schemas::MonitoredResourceMetadata>,
     |                              ^^^^^^^^^^^^^^^^^^^^^^^^^^^^^^^^^^^^^^^^^ unexpected type argument

error[E0107]: wrong number of type arguments: expected 0, found 1
    --> monitoring/v3/lib/src/lib.rs:3050:28
     |
3050 |         pub metric: Option<crate::schemas::Metric>,
     |                            ^^^^^^^^^^^^^^^^^^^^^^ unexpected type argument

error[E0107]: wrong number of type arguments: expected 0, found 1
    --> monitoring/v3/lib/src/lib.rs:3053:33
     |
3053 |         pub metric_kind: Option<crate::schemas::TimeSeriesMetricKind>,
     |                                 ^^^^^^^^^^^^^^^^^^^^^^^^^^^^^^^^^^^^ unexpected type argument

error[E0107]: wrong number of type arguments: expected 0, found 1
    --> monitoring/v3/lib/src/lib.rs:3056:28
     |
3056 |         pub points: Option<Vec<crate::schemas::Point>>,
     |                            ^^^^^^^^^^^^^^^^^^^^^^^^^^ unexpected type argument

error[E0107]: wrong number of type arguments: expected 0, found 1
    --> monitoring/v3/lib/src/lib.rs:3059:30
     |
3059 |         pub resource: Option<crate::schemas::MonitoredResource>,
     |                              ^^^^^^^^^^^^^^^^^^^^^^^^^^^^^^^^^ unexpected type argument

error[E0107]: wrong number of type arguments: expected 0, found 1
    --> monitoring/v3/lib/src/lib.rs:3062:32
     |
3062 |         pub value_type: Option<crate::schemas::TimeSeriesValueType>,
     |                                ^^^^^^^^^^^^^^^^^^^^^^^^^^^^^^^^^^^ unexpected type argument

error[E0107]: wrong number of type arguments: expected 0, found 1
    --> monitoring/v3/lib/src/lib.rs:3080:27
     |
3080 |         pub count: Option<i32>,
     |                           ^^^ unexpected type argument

error[E0107]: wrong number of type arguments: expected 0, found 1
    --> monitoring/v3/lib/src/lib.rs:3083:29
     |
3083 |         pub percent: Option<f64>,
     |                             ^^^ unexpected type argument

error[E0107]: wrong number of type arguments: expected 0, found 1
    --> monitoring/v3/lib/src/lib.rs:3145:28
     |
3145 |         pub fields: Option<Vec<crate::schemas::Field>>,
     |                            ^^^^^^^^^^^^^^^^^^^^^^^^^^ unexpected type argument

error[E0107]: wrong number of type arguments: expected 0, found 1
    --> monitoring/v3/lib/src/lib.rs:3148:26
     |
3148 |         pub name: Option<String>,
     |                          ^^^^^^ unexpected type argument

error[E0107]: wrong number of type arguments: expected 0, found 1
    --> monitoring/v3/lib/src/lib.rs:3151:28
     |
3151 |         pub oneofs: Option<Vec<String>>,
     |                            ^^^^^^^^^^^ unexpected type argument

error[E0107]: wrong number of type arguments: expected 0, found 1
    --> monitoring/v3/lib/src/lib.rs:3154:29
     |
3154 |         pub options: Option<Vec<crate::schemas::Option>>,
     |                             ^^^^^^^^^^^^^^^^^^^^^^^^^^^ unexpected type argument

error[E0107]: wrong number of type arguments: expected 0, found 1
    --> monitoring/v3/lib/src/lib.rs:3157:36
     |
3157 |         pub source_context: Option<crate::schemas::SourceContext>,
     |                                    ^^^^^^^^^^^^^^^^^^^^^^^^^^^^^ unexpected type argument

error[E0107]: wrong number of type arguments: expected 0, found 1
    --> monitoring/v3/lib/src/lib.rs:3160:28
     |
3160 |         pub syntax: Option<crate::schemas::TypeSyntax>,
     |                            ^^^^^^^^^^^^^^^^^^^^^^^^^^ unexpected type argument

error[E0107]: wrong number of type arguments: expected 0, found 1
    --> monitoring/v3/lib/src/lib.rs:3176:32
     |
3176 |         pub bool_value: Option<bool>,
     |                                ^^^^ unexpected type argument

error[E0107]: wrong number of type arguments: expected 0, found 1
    --> monitoring/v3/lib/src/lib.rs:3179:40
     |
3179 |         pub distribution_value: Option<crate::schemas::Distribution>,
     |                                        ^^^^^^^^^^^^^^^^^^^^^^^^^^^^ unexpected type argument

error[E0107]: wrong number of type arguments: expected 0, found 1
    --> monitoring/v3/lib/src/lib.rs:3182:34
     |
3182 |         pub double_value: Option<f64>,
     |                                  ^^^ unexpected type argument

error[E0107]: wrong number of type arguments: expected 0, found 1
    --> monitoring/v3/lib/src/lib.rs:3186:34
     |
3186 |         pub int_64_value: Option<i64>,
     |                                  ^^^ unexpected type argument

error[E0107]: wrong number of type arguments: expected 0, found 1
    --> monitoring/v3/lib/src/lib.rs:3189:34
     |
3189 |         pub string_value: Option<String>,
     |                                  ^^^^^^ unexpected type argument

error[E0107]: wrong number of type arguments: expected 0, found 1
    --> monitoring/v3/lib/src/lib.rs:3269:38
     |
3269 |         pub content_matchers: Option<Vec<crate::schemas::ContentMatcher>>,
     |                                      ^^^^^^^^^^^^^^^^^^^^^^^^^^^^^^^^^^^ unexpected type argument

error[E0107]: wrong number of type arguments: expected 0, found 1
    --> monitoring/v3/lib/src/lib.rs:3272:34
     |
3272 |         pub display_name: Option<String>,
     |                                  ^^^^^^ unexpected type argument

error[E0107]: wrong number of type arguments: expected 0, found 1
    --> monitoring/v3/lib/src/lib.rs:3275:32
     |
3275 |         pub http_check: Option<crate::schemas::HttpCheck>,
     |                                ^^^^^^^^^^^^^^^^^^^^^^^^^ unexpected type argument

error[E0107]: wrong number of type arguments: expected 0, found 1
    --> monitoring/v3/lib/src/lib.rs:3278:39
     |
3278 |         pub internal_checkers: Option<Vec<crate::schemas::InternalChecker>>,
     |                                       ^^^^^^^^^^^^^^^^^^^^^^^^^^^^^^^^^^^^ unexpected type argument

error[E0107]: wrong number of type arguments: expected 0, found 1
    --> monitoring/v3/lib/src/lib.rs:3281:40
     |
3281 |         pub monitored_resource: Option<crate::schemas::MonitoredResource>,
     |                                        ^^^^^^^^^^^^^^^^^^^^^^^^^^^^^^^^^ unexpected type argument

error[E0107]: wrong number of type arguments: expected 0, found 1
    --> monitoring/v3/lib/src/lib.rs:3284:26
     |
3284 |         pub name: Option<String>,
     |                          ^^^^^^ unexpected type argument

error[E0107]: wrong number of type arguments: expected 0, found 1
    --> monitoring/v3/lib/src/lib.rs:3287:28
     |
3287 |         pub period: Option<String>,
     |                            ^^^^^^ unexpected type argument

error[E0107]: wrong number of type arguments: expected 0, found 1
    --> monitoring/v3/lib/src/lib.rs:3290:36
     |
3290 |         pub resource_group: Option<crate::schemas::ResourceGroup>,
     |                                    ^^^^^^^^^^^^^^^^^^^^^^^^^^^^^ unexpected type argument

error[E0107]: wrong number of type arguments: expected 0, found 1
    --> monitoring/v3/lib/src/lib.rs:3293:38
     |
3293 |         pub selected_regions: Option<Vec<crate::schemas::UptimeCheckConfigSelectedRegionsItems>>,
     |                                      ^^^^^^^^^^^^^^^^^^^^^^^^^^^^^^^^^^^^^^^^^^^^^^^^^^^^^^^^^^ unexpected type argument

error[E0107]: wrong number of type arguments: expected 0, found 1
    --> monitoring/v3/lib/src/lib.rs:3296:31
     |
3296 |         pub tcp_check: Option<crate::schemas::TcpCheck>,
     |                               ^^^^^^^^^^^^^^^^^^^^^^^^ unexpected type argument

error[E0107]: wrong number of type arguments: expected 0, found 1
    --> monitoring/v3/lib/src/lib.rs:3299:29
     |
3299 |         pub timeout: Option<String>,
     |                             ^^^^^^ unexpected type argument

error[E0107]: wrong number of type arguments: expected 0, found 1
    --> monitoring/v3/lib/src/lib.rs:3384:32
     |
3384 |         pub ip_address: Option<String>,
     |                                ^^^^^^ unexpected type argument

error[E0107]: wrong number of type arguments: expected 0, found 1
    --> monitoring/v3/lib/src/lib.rs:3387:30
     |
3387 |         pub location: Option<String>,
     |                              ^^^^^^ unexpected type argument

error[E0107]: wrong number of type arguments: expected 0, found 1
    --> monitoring/v3/lib/src/lib.rs:3390:28
     |
3390 |         pub region: Option<crate::schemas::UptimeCheckIpRegion>,
     |                            ^^^^^^^^^^^^^^^^^^^^^^^^^^^^^^^^^^^ unexpected type argument

error[E0107]: wrong number of type arguments: expected 0, found 1
    --> monitoring/v3/lib/src/lib.rs:3417:26
     |
3417 |         pub code: Option<String>,
     |                          ^^^^^^ unexpected type argument

error: aborting due to 227 previous errors

For more information about this error, try `rustc --explain E0107`.
error: Could not compile `google-monitoring3`.

To learn more, run the command again with --verbose.
