    Blocking waiting for file lock on build directory
    Checking google-monitoring3 v0.1.0 (/Users/sthiel/dev/google-apis/generated/gen/monitoring/v3/lib)
error[E0433]: failed to resolve: unresolved import
    --> gen/monitoring/v3/lib/src/lib.rs:8990:31
     |
8990 |                 Option<crate::time_series::params::ListAggregationCrossSeriesReducer>,
     |                               ^^^^^^^^^^^
     |                               |
     |                               unresolved import
     |                               help: a similar path exists: `crate::projects::time_series`

error[E0433]: failed to resolve: unresolved import
    --> gen/monitoring/v3/lib/src/lib.rs:8993:31
     |
8993 |                 Option<crate::time_series::params::ListAggregationPerSeriesAligner>,
     |                               ^^^^^^^^^^^
     |                               |
     |                               unresolved import
     |                               help: a similar path exists: `crate::projects::time_series`

error[E0433]: failed to resolve: unresolved import
    --> gen/monitoring/v3/lib/src/lib.rs:9000:33
     |
9000 |             view: Option<crate::time_series::params::ListView>,
     |                                 ^^^^^^^^^^^
     |                                 |
     |                                 unresolved import
     |                                 help: a similar path exists: `crate::projects::time_series`

error[E0433]: failed to resolve: unresolved import
    --> gen/monitoring/v3/lib/src/lib.rs:9022:31
     |
9022 |                 value: crate::time_series::params::ListAggregationCrossSeriesReducer,
     |                               ^^^^^^^^^^^
     |                               |
     |                               unresolved import
     |                               help: a similar path exists: `crate::projects::time_series`

error[E0433]: failed to resolve: unresolved import
    --> gen/monitoring/v3/lib/src/lib.rs:9035:31
     |
9035 |                 value: crate::time_series::params::ListAggregationPerSeriesAligner,
     |                               ^^^^^^^^^^^
     |                               |
     |                               unresolved import
     |                               help: a similar path exists: `crate::projects::time_series`

error[E0433]: failed to resolve: unresolved import
    --> gen/monitoring/v3/lib/src/lib.rs:9071:50
     |
9071 |             pub fn view(&mut self, value: crate::time_series::params::ListView) -> &mut Self {
     |                                                  ^^^^^^^^^^^
     |                                                  |
     |                                                  unresolved import
     |                                                  help: a similar path exists: `crate::projects::time_series`

error[E0423]: expected value, found struct `alert_policies::AlertPoliciesActions`
    --> gen/monitoring/v3/lib/src/lib.rs:3523:13
     |
3523 |             alert_policies::AlertPoliciesActions
     |             ^^^^^^^^^^^^^^^^^^^^^^^^^^^^^^^^^^^^ did you mean `alert_policies::AlertPoliciesActions { /* fields */ }`?

error[E0423]: expected value, found struct `collectd_time_series::CollectdTimeSeriesActions`
    --> gen/monitoring/v3/lib/src/lib.rs:3527:13
     |
3527 |             collectd_time_series::CollectdTimeSeriesActions
     |             ^^^^^^^^^^^^^^^^^^^^^^^^^^^^^^^^^^^^^^^^^^^^^^^ did you mean `collectd_time_series::CollectdTimeSeriesActions { /* fields */ }`?

error[E0423]: expected value, found struct `groups::GroupsActions`
    --> gen/monitoring/v3/lib/src/lib.rs:3531:13
     |
3531 |             groups::GroupsActions
     |             ^^^^^^^^^^^^^^^^^^^^^ did you mean `groups::GroupsActions { /* fields */ }`?

error[E0423]: expected value, found struct `metric_descriptors::MetricDescriptorsActions`
    --> gen/monitoring/v3/lib/src/lib.rs:3535:13
     |
3535 |             metric_descriptors::MetricDescriptorsActions
     |             ^^^^^^^^^^^^^^^^^^^^^^^^^^^^^^^^^^^^^^^^^^^^ did you mean `metric_descriptors::MetricDescriptorsActions { /* fields */ }`?

error[E0423]: expected value, found struct `monitored_resource_descriptors::MonitoredResourceDescriptorsActions`
    --> gen/monitoring/v3/lib/src/lib.rs:3541:13
     |
3541 |             monitored_resource_descriptors::MonitoredResourceDescriptorsActions
     |             ^^^^^^^^^^^^^^^^^^^^^^^^^^^^^^^^^^^^^^^^^^^^^^^^^^^^^^^^^^^^^^^^^^^ did you mean `monitored_resource_descriptors::MonitoredResourceDescriptorsActions { /* fields */ }`?

error[E0423]: expected value, found struct `notification_channel_descriptors::NotificationChannelDescriptorsActions`
    --> gen/monitoring/v3/lib/src/lib.rs:3547:13
     |
3547 |             notification_channel_descriptors::NotificationChannelDescriptorsActions
     |             ^^^^^^^^^^^^^^^^^^^^^^^^^^^^^^^^^^^^^^^^^^^^^^^^^^^^^^^^^^^^^^^^^^^^^^^ did you mean `notification_channel_descriptors::NotificationChannelDescriptorsActions { /* fields */ }`?

error[E0423]: expected value, found struct `notification_channels::NotificationChannelsActions`
    --> gen/monitoring/v3/lib/src/lib.rs:3553:13
     |
3553 |             notification_channels::NotificationChannelsActions
     |             ^^^^^^^^^^^^^^^^^^^^^^^^^^^^^^^^^^^^^^^^^^^^^^^^^^ did you mean `notification_channels::NotificationChannelsActions { /* fields */ }`?

error[E0423]: expected value, found struct `time_series::TimeSeriesActions`
    --> gen/monitoring/v3/lib/src/lib.rs:3557:13
     |
3557 |             time_series::TimeSeriesActions
     |             ^^^^^^^^^^^^^^^^^^^^^^^^^^^^^^ did you mean `time_series::TimeSeriesActions { /* fields */ }`?

error[E0423]: expected value, found struct `uptime_check_configs::UptimeCheckConfigsActions`
    --> gen/monitoring/v3/lib/src/lib.rs:3561:13
     |
3561 |             uptime_check_configs::UptimeCheckConfigsActions
     |             ^^^^^^^^^^^^^^^^^^^^^^^^^^^^^^^^^^^^^^^^^^^^^^^ did you mean `uptime_check_configs::UptimeCheckConfigsActions { /* fields */ }`?

error[E0423]: expected value, found struct `members::MembersActions`
    --> gen/monitoring/v3/lib/src/lib.rs:4732:17
     |
4732 |                 members::MembersActions
     |                 ^^^^^^^^^^^^^^^^^^^^^^^ did you mean `members::MembersActions { /* fields */ }`?

error[E0107]: wrong number of type arguments: expected 0, found 1
   --> gen/monitoring/v3/lib/src/lib.rs:225:38
    |
225 |         pub alignment_period: Option<String>,
    |                                      ^^^^^^ unexpected type argument

error[E0107]: wrong number of type arguments: expected 0, found 1
   --> gen/monitoring/v3/lib/src/lib.rs:228:42
    |
228 |         pub cross_series_reducer: Option<crate::schemas::AggregationCrossSeriesReducer>,
    |                                          ^^^^^^^^^^^^^^^^^^^^^^^^^^^^^^^^^^^^^^^^^^^^^ unexpected type argument

error[E0107]: wrong number of type arguments: expected 0, found 1
   --> gen/monitoring/v3/lib/src/lib.rs:231:37
    |
231 |         pub group_by_fields: Option<Vec<String>>,
    |                                     ^^^^^^^^^^^ unexpected type argument

error[E0107]: wrong number of type arguments: expected 0, found 1
   --> gen/monitoring/v3/lib/src/lib.rs:234:40
    |
234 |         pub per_series_aligner: Option<crate::schemas::AggregationPerSeriesAligner>,
    |                                        ^^^^^^^^^^^^^^^^^^^^^^^^^^^^^^^^^^^^^^^^^^^ unexpected type argument

error[E0107]: wrong number of type arguments: expected 0, found 1
   --> gen/monitoring/v3/lib/src/lib.rs:304:30
    |
304 |         pub combiner: Option<crate::schemas::AlertPolicyCombiner>,
    |                              ^^^^^^^^^^^^^^^^^^^^^^^^^^^^^^^^^^^ unexpected type argument

error[E0107]: wrong number of type arguments: expected 0, found 1
   --> gen/monitoring/v3/lib/src/lib.rs:307:32
    |
307 |         pub conditions: Option<Vec<crate::schemas::Condition>>,
    |                                ^^^^^^^^^^^^^^^^^^^^^^^^^^^^^^ unexpected type argument

error[E0107]: wrong number of type arguments: expected 0, found 1
   --> gen/monitoring/v3/lib/src/lib.rs:310:37
    |
310 |         pub creation_record: Option<crate::schemas::MutationRecord>,
    |                                     ^^^^^^^^^^^^^^^^^^^^^^^^^^^^^^ unexpected type argument

error[E0107]: wrong number of type arguments: expected 0, found 1
   --> gen/monitoring/v3/lib/src/lib.rs:313:34
    |
313 |         pub display_name: Option<String>,
    |                                  ^^^^^^ unexpected type argument

error[E0107]: wrong number of type arguments: expected 0, found 1
   --> gen/monitoring/v3/lib/src/lib.rs:316:35
    |
316 |         pub documentation: Option<crate::schemas::Documentation>,
    |                                   ^^^^^^^^^^^^^^^^^^^^^^^^^^^^^ unexpected type argument

error[E0107]: wrong number of type arguments: expected 0, found 1
   --> gen/monitoring/v3/lib/src/lib.rs:319:29
    |
319 |         pub enabled: Option<bool>,
    |                             ^^^^ unexpected type argument

error[E0107]: wrong number of type arguments: expected 0, found 1
   --> gen/monitoring/v3/lib/src/lib.rs:322:37
    |
322 |         pub mutation_record: Option<crate::schemas::MutationRecord>,
    |                                     ^^^^^^^^^^^^^^^^^^^^^^^^^^^^^^ unexpected type argument

error[E0107]: wrong number of type arguments: expected 0, found 1
   --> gen/monitoring/v3/lib/src/lib.rs:325:26
    |
325 |         pub name: Option<String>,
    |                          ^^^^^^ unexpected type argument

error[E0107]: wrong number of type arguments: expected 0, found 1
   --> gen/monitoring/v3/lib/src/lib.rs:328:43
    |
328 |         pub notification_channels: Option<Vec<String>>,
    |                                           ^^^^^^^^^^^ unexpected type argument

error[E0107]: wrong number of type arguments: expected 0, found 1
   --> gen/monitoring/v3/lib/src/lib.rs:331:33
    |
331 |         pub user_labels: Option<::std::collections::BTreeMap<String, String>>,
    |                                 ^^^^^^^^^^^^^^^^^^^^^^^^^^^^^^^^^^^^^^^^^^^^ unexpected type argument

error[E0107]: wrong number of type arguments: expected 0, found 1
   --> gen/monitoring/v3/lib/src/lib.rs:334:30
    |
334 |         pub validity: Option<crate::schemas::Status>,
    |                              ^^^^^^^^^^^^^^^^^^^^^^ unexpected type argument

error[E0107]: wrong number of type arguments: expected 0, found 1
   --> gen/monitoring/v3/lib/src/lib.rs:361:30
    |
361 |         pub password: Option<String>,
    |                              ^^^^^^ unexpected type argument

error[E0107]: wrong number of type arguments: expected 0, found 1
   --> gen/monitoring/v3/lib/src/lib.rs:364:30
    |
364 |         pub username: Option<String>,
    |                              ^^^^^^ unexpected type argument

error[E0107]: wrong number of type arguments: expected 0, found 1
   --> gen/monitoring/v3/lib/src/lib.rs:382:38
    |
382 |         pub explicit_buckets: Option<crate::schemas::Explicit>,
    |                                      ^^^^^^^^^^^^^^^^^^^^^^^^ unexpected type argument

error[E0107]: wrong number of type arguments: expected 0, found 1
   --> gen/monitoring/v3/lib/src/lib.rs:385:41
    |
385 |         pub exponential_buckets: Option<crate::schemas::Exponential>,
    |                                         ^^^^^^^^^^^^^^^^^^^^^^^^^^^ unexpected type argument

error[E0107]: wrong number of type arguments: expected 0, found 1
   --> gen/monitoring/v3/lib/src/lib.rs:388:36
    |
388 |         pub linear_buckets: Option<crate::schemas::Linear>,
    |                                    ^^^^^^^^^^^^^^^^^^^^^^ unexpected type argument

error[E0107]: wrong number of type arguments: expected 0, found 1
   --> gen/monitoring/v3/lib/src/lib.rs:404:30
    |
404 |         pub end_time: Option<String>,
    |                              ^^^^^^ unexpected type argument

error[E0107]: wrong number of type arguments: expected 0, found 1
   --> gen/monitoring/v3/lib/src/lib.rs:407:30
    |
407 |         pub metadata: Option<::std::collections::BTreeMap<String, crate::schemas::TypedValue>>,
    |                              ^^^^^^^^^^^^^^^^^^^^^^^^^^^^^^^^^^^^^^^^^^^^^^^^^^^^^^^^^^^^^^^^ unexpected type argument

error[E0107]: wrong number of type arguments: expected 0, found 1
   --> gen/monitoring/v3/lib/src/lib.rs:410:28
    |
410 |         pub plugin: Option<String>,
    |                            ^^^^^^ unexpected type argument

error[E0107]: wrong number of type arguments: expected 0, found 1
   --> gen/monitoring/v3/lib/src/lib.rs:413:37
    |
413 |         pub plugin_instance: Option<String>,
    |                                     ^^^^^^ unexpected type argument

error[E0107]: wrong number of type arguments: expected 0, found 1
   --> gen/monitoring/v3/lib/src/lib.rs:416:28
    |
416 |         pub r#type: Option<String>,
    |                            ^^^^^^ unexpected type argument

error[E0107]: wrong number of type arguments: expected 0, found 1
   --> gen/monitoring/v3/lib/src/lib.rs:419:32
    |
419 |         pub start_time: Option<String>,
    |                                ^^^^^^ unexpected type argument

error[E0107]: wrong number of type arguments: expected 0, found 1
   --> gen/monitoring/v3/lib/src/lib.rs:422:35
    |
422 |         pub type_instance: Option<String>,
    |                                   ^^^^^^ unexpected type argument

error[E0107]: wrong number of type arguments: expected 0, found 1
   --> gen/monitoring/v3/lib/src/lib.rs:425:28
    |
425 |         pub values: Option<Vec<crate::schemas::CollectdValue>>,
    |                            ^^^^^^^^^^^^^^^^^^^^^^^^^^^^^^^^^^ unexpected type argument

error[E0107]: wrong number of type arguments: expected 0, found 1
   --> gen/monitoring/v3/lib/src/lib.rs:441:27
    |
441 |         pub error: Option<crate::schemas::Status>,
    |                           ^^^^^^^^^^^^^^^^^^^^^^ unexpected type argument

error[E0107]: wrong number of type arguments: expected 0, found 1
   --> gen/monitoring/v3/lib/src/lib.rs:444:27
    |
444 |         pub index: Option<i32>,
    |                           ^^^ unexpected type argument

error[E0107]: wrong number of type arguments: expected 0, found 1
   --> gen/monitoring/v3/lib/src/lib.rs:447:34
    |
447 |         pub value_errors: Option<Vec<crate::schemas::CollectdValueError>>,
    |                                  ^^^^^^^^^^^^^^^^^^^^^^^^^^^^^^^^^^^^^^^ unexpected type argument

error[E0107]: wrong number of type arguments: expected 0, found 1
   --> gen/monitoring/v3/lib/src/lib.rs:525:38
    |
525 |         pub data_source_name: Option<String>,
    |                                      ^^^^^^ unexpected type argument

error[E0107]: wrong number of type arguments: expected 0, found 1
   --> gen/monitoring/v3/lib/src/lib.rs:528:38
    |
528 |         pub data_source_type: Option<crate::schemas::CollectdValueDataSourceType>,
    |                                      ^^^^^^^^^^^^^^^^^^^^^^^^^^^^^^^^^^^^^^^^^^^ unexpected type argument

error[E0107]: wrong number of type arguments: expected 0, found 1
   --> gen/monitoring/v3/lib/src/lib.rs:531:27
    |
531 |         pub value: Option<crate::schemas::TypedValue>,
    |                           ^^^^^^^^^^^^^^^^^^^^^^^^^^ unexpected type argument

error[E0107]: wrong number of type arguments: expected 0, found 1
   --> gen/monitoring/v3/lib/src/lib.rs:547:27
    |
547 |         pub error: Option<crate::schemas::Status>,
    |                           ^^^^^^^^^^^^^^^^^^^^^^ unexpected type argument

error[E0107]: wrong number of type arguments: expected 0, found 1
   --> gen/monitoring/v3/lib/src/lib.rs:550:27
    |
550 |         pub index: Option<i32>,
    |                           ^^^ unexpected type argument

error[E0107]: wrong number of type arguments: expected 0, found 1
   --> gen/monitoring/v3/lib/src/lib.rs:568:38
    |
568 |         pub condition_absent: Option<crate::schemas::MetricAbsence>,
    |                                      ^^^^^^^^^^^^^^^^^^^^^^^^^^^^^ unexpected type argument

error[E0107]: wrong number of type arguments: expected 0, found 1
   --> gen/monitoring/v3/lib/src/lib.rs:571:41
    |
571 |         pub condition_threshold: Option<crate::schemas::MetricThreshold>,
    |                                         ^^^^^^^^^^^^^^^^^^^^^^^^^^^^^^^ unexpected type argument

error[E0107]: wrong number of type arguments: expected 0, found 1
   --> gen/monitoring/v3/lib/src/lib.rs:574:34
    |
574 |         pub display_name: Option<String>,
    |                                  ^^^^^^ unexpected type argument

error[E0107]: wrong number of type arguments: expected 0, found 1
   --> gen/monitoring/v3/lib/src/lib.rs:577:26
    |
577 |         pub name: Option<String>,
    |                          ^^^^^^ unexpected type argument

error[E0107]: wrong number of type arguments: expected 0, found 1
   --> gen/monitoring/v3/lib/src/lib.rs:666:29
    |
666 |         pub content: Option<String>,
    |                             ^^^^^^ unexpected type argument

error[E0107]: wrong number of type arguments: expected 0, found 1
   --> gen/monitoring/v3/lib/src/lib.rs:669:29
    |
669 |         pub matcher: Option<crate::schemas::ContentMatcherMatcher>,
    |                             ^^^^^^^^^^^^^^^^^^^^^^^^^^^^^^^^^^^^^ unexpected type argument

error[E0107]: wrong number of type arguments: expected 0, found 1
   --> gen/monitoring/v3/lib/src/lib.rs:685:39
    |
685 |         pub collectd_payloads: Option<Vec<crate::schemas::CollectdPayload>>,
    |                                       ^^^^^^^^^^^^^^^^^^^^^^^^^^^^^^^^^^^^ unexpected type argument

error[E0107]: wrong number of type arguments: expected 0, found 1
   --> gen/monitoring/v3/lib/src/lib.rs:688:38
    |
688 |         pub collectd_version: Option<String>,
    |                                      ^^^^^^ unexpected type argument

error[E0107]: wrong number of type arguments: expected 0, found 1
   --> gen/monitoring/v3/lib/src/lib.rs:691:30
    |
691 |         pub resource: Option<crate::schemas::MonitoredResource>,
    |                              ^^^^^^^^^^^^^^^^^^^^^^^^^^^^^^^^^ unexpected type argument

error[E0107]: wrong number of type arguments: expected 0, found 1
   --> gen/monitoring/v3/lib/src/lib.rs:707:36
    |
707 |         pub payload_errors: Option<Vec<crate::schemas::CollectdPayloadError>>,
    |                                    ^^^^^^^^^^^^^^^^^^^^^^^^^^^^^^^^^^^^^^^^^ unexpected type argument

error[E0107]: wrong number of type arguments: expected 0, found 1
   --> gen/monitoring/v3/lib/src/lib.rs:723:33
    |
723 |         pub time_series: Option<Vec<crate::schemas::TimeSeries>>,
    |                                 ^^^^^^^^^^^^^^^^^^^^^^^^^^^^^^^ unexpected type argument

error[E0107]: wrong number of type arguments: expected 0, found 1
   --> gen/monitoring/v3/lib/src/lib.rs:739:35
    |
739 |         pub bucket_counts: Option<Vec<i64>>,
    |                                   ^^^^^^^^ unexpected type argument

error[E0107]: wrong number of type arguments: expected 0, found 1
   --> gen/monitoring/v3/lib/src/lib.rs:742:36
    |
742 |         pub bucket_options: Option<crate::schemas::BucketOptions>,
    |                                    ^^^^^^^^^^^^^^^^^^^^^^^^^^^^^ unexpected type argument

error[E0107]: wrong number of type arguments: expected 0, found 1
   --> gen/monitoring/v3/lib/src/lib.rs:746:27
    |
746 |         pub count: Option<i64>,
    |                           ^^^ unexpected type argument

error[E0107]: wrong number of type arguments: expected 0, found 1
   --> gen/monitoring/v3/lib/src/lib.rs:749:31
    |
749 |         pub exemplars: Option<Vec<crate::schemas::Exemplar>>,
    |                               ^^^^^^^^^^^^^^^^^^^^^^^^^^^^^ unexpected type argument

error[E0107]: wrong number of type arguments: expected 0, found 1
   --> gen/monitoring/v3/lib/src/lib.rs:752:26
    |
752 |         pub mean: Option<f64>,
    |                          ^^^ unexpected type argument

error[E0107]: wrong number of type arguments: expected 0, found 1
   --> gen/monitoring/v3/lib/src/lib.rs:755:27
    |
755 |         pub range: Option<crate::schemas::Range>,
    |                           ^^^^^^^^^^^^^^^^^^^^^ unexpected type argument

error[E0107]: wrong number of type arguments: expected 0, found 1
   --> gen/monitoring/v3/lib/src/lib.rs:758:46
    |
758 |         pub sum_of_squared_deviation: Option<f64>,
    |                                              ^^^ unexpected type argument

error[E0107]: wrong number of type arguments: expected 0, found 1
   --> gen/monitoring/v3/lib/src/lib.rs:785:29
    |
785 |         pub content: Option<String>,
    |                             ^^^^^^ unexpected type argument

error[E0107]: wrong number of type arguments: expected 0, found 1
   --> gen/monitoring/v3/lib/src/lib.rs:788:31
    |
788 |         pub mime_type: Option<String>,
    |                               ^^^^^^ unexpected type argument

error[E0107]: wrong number of type arguments: expected 0, found 1
   --> gen/monitoring/v3/lib/src/lib.rs:815:27
    |
815 |         pub label: Option<::std::collections::BTreeMap<String, String>>,
    |                           ^^^^^^^^^^^^^^^^^^^^^^^^^^^^^^^^^^^^^^^^^^^^ unexpected type argument

error[E0107]: wrong number of type arguments: expected 0, found 1
   --> gen/monitoring/v3/lib/src/lib.rs:848:33
    |
848 |         pub attachments: Option<Vec<::std::collections::BTreeMap<String, ::serde_json::Value>>>,
    |                                 ^^^^^^^^^^^^^^^^^^^^^^^^^^^^^^^^^^^^^^^^^^^^^^^^^^^^^^^^^^^^^^ unexpected type argument

error[E0107]: wrong number of type arguments: expected 0, found 1
   --> gen/monitoring/v3/lib/src/lib.rs:851:31
    |
851 |         pub timestamp: Option<String>,
    |                               ^^^^^^ unexpected type argument

error[E0107]: wrong number of type arguments: expected 0, found 1
   --> gen/monitoring/v3/lib/src/lib.rs:854:27
    |
854 |         pub value: Option<f64>,
    |                           ^^^ unexpected type argument

error[E0107]: wrong number of type arguments: expected 0, found 1
   --> gen/monitoring/v3/lib/src/lib.rs:872:28
    |
872 |         pub bounds: Option<Vec<f64>>,
    |                            ^^^^^^^^ unexpected type argument

error[E0107]: wrong number of type arguments: expected 0, found 1
   --> gen/monitoring/v3/lib/src/lib.rs:890:35
    |
890 |         pub growth_factor: Option<f64>,
    |                                   ^^^ unexpected type argument

error[E0107]: wrong number of type arguments: expected 0, found 1
   --> gen/monitoring/v3/lib/src/lib.rs:893:40
    |
893 |         pub num_finite_buckets: Option<i32>,
    |                                        ^^^ unexpected type argument

error[E0107]: wrong number of type arguments: expected 0, found 1
   --> gen/monitoring/v3/lib/src/lib.rs:896:27
    |
896 |         pub scale: Option<f64>,
    |                           ^^^ unexpected type argument

error[E0107]: wrong number of type arguments: expected 0, found 1
    --> gen/monitoring/v3/lib/src/lib.rs:1080:33
     |
1080 |         pub cardinality: Option<crate::schemas::FieldCardinality>,
     |                                 ^^^^^^^^^^^^^^^^^^^^^^^^^^^^^^^^ unexpected type argument

error[E0107]: wrong number of type arguments: expected 0, found 1
    --> gen/monitoring/v3/lib/src/lib.rs:1083:35
     |
1083 |         pub default_value: Option<String>,
     |                                   ^^^^^^ unexpected type argument

error[E0107]: wrong number of type arguments: expected 0, found 1
    --> gen/monitoring/v3/lib/src/lib.rs:1086:31
     |
1086 |         pub json_name: Option<String>,
     |                               ^^^^^^ unexpected type argument

error[E0107]: wrong number of type arguments: expected 0, found 1
    --> gen/monitoring/v3/lib/src/lib.rs:1089:26
     |
1089 |         pub kind: Option<crate::schemas::FieldKind>,
     |                          ^^^^^^^^^^^^^^^^^^^^^^^^^ unexpected type argument

error[E0107]: wrong number of type arguments: expected 0, found 1
    --> gen/monitoring/v3/lib/src/lib.rs:1092:26
     |
1092 |         pub name: Option<String>,
     |                          ^^^^^^ unexpected type argument

error[E0107]: wrong number of type arguments: expected 0, found 1
    --> gen/monitoring/v3/lib/src/lib.rs:1095:28
     |
1095 |         pub number: Option<i32>,
     |                            ^^^ unexpected type argument

error[E0107]: wrong number of type arguments: expected 0, found 1
    --> gen/monitoring/v3/lib/src/lib.rs:1098:33
     |
1098 |         pub oneof_index: Option<i32>,
     |                                 ^^^ unexpected type argument

error[E0107]: wrong number of type arguments: expected 0, found 1
    --> gen/monitoring/v3/lib/src/lib.rs:1101:29
     |
1101 |         pub options: Option<Vec<crate::schemas::Option>>,
     |                             ^^^^^^^^^^^^^^^^^^^^^^^^^^^ unexpected type argument

error[E0107]: wrong number of type arguments: expected 0, found 1
    --> gen/monitoring/v3/lib/src/lib.rs:1104:28
     |
1104 |         pub packed: Option<bool>,
     |                            ^^^^ unexpected type argument

error[E0107]: wrong number of type arguments: expected 0, found 1
    --> gen/monitoring/v3/lib/src/lib.rs:1107:30
     |
1107 |         pub type_url: Option<String>,
     |                              ^^^^^^ unexpected type argument

error[E0107]: wrong number of type arguments: expected 0, found 1
    --> gen/monitoring/v3/lib/src/lib.rs:1134:33
     |
1134 |         pub expire_time: Option<String>,
     |                                 ^^^^^^ unexpected type argument

error[E0107]: wrong number of type arguments: expected 0, found 1
    --> gen/monitoring/v3/lib/src/lib.rs:1161:26
     |
1161 |         pub code: Option<String>,
     |                          ^^^^^^ unexpected type argument

error[E0107]: wrong number of type arguments: expected 0, found 1
    --> gen/monitoring/v3/lib/src/lib.rs:1164:33
     |
1164 |         pub expire_time: Option<String>,
     |                                 ^^^^^^ unexpected type argument

error[E0107]: wrong number of type arguments: expected 0, found 1
    --> gen/monitoring/v3/lib/src/lib.rs:1191:34
     |
1191 |         pub display_name: Option<String>,
     |                                  ^^^^^^ unexpected type argument

error[E0107]: wrong number of type arguments: expected 0, found 1
    --> gen/monitoring/v3/lib/src/lib.rs:1194:28
     |
1194 |         pub filter: Option<String>,
     |                            ^^^^^^ unexpected type argument

error[E0107]: wrong number of type arguments: expected 0, found 1
    --> gen/monitoring/v3/lib/src/lib.rs:1197:32
     |
1197 |         pub is_cluster: Option<bool>,
     |                                ^^^^ unexpected type argument

error[E0107]: wrong number of type arguments: expected 0, found 1
    --> gen/monitoring/v3/lib/src/lib.rs:1200:26
     |
1200 |         pub name: Option<String>,
     |                          ^^^^^^ unexpected type argument

error[E0107]: wrong number of type arguments: expected 0, found 1
    --> gen/monitoring/v3/lib/src/lib.rs:1203:33
     |
1203 |         pub parent_name: Option<String>,
     |                                 ^^^^^^ unexpected type argument

error[E0107]: wrong number of type arguments: expected 0, found 1
    --> gen/monitoring/v3/lib/src/lib.rs:1230:31
     |
1230 |         pub auth_info: Option<crate::schemas::BasicAuthentication>,
     |                               ^^^^^^^^^^^^^^^^^^^^^^^^^^^^^^^^^^^ unexpected type argument

error[E0107]: wrong number of type arguments: expected 0, found 1
    --> gen/monitoring/v3/lib/src/lib.rs:1233:29
     |
1233 |         pub headers: Option<::std::collections::BTreeMap<String, String>>,
     |                             ^^^^^^^^^^^^^^^^^^^^^^^^^^^^^^^^^^^^^^^^^^^^ unexpected type argument

error[E0107]: wrong number of type arguments: expected 0, found 1
    --> gen/monitoring/v3/lib/src/lib.rs:1236:34
     |
1236 |         pub mask_headers: Option<bool>,
     |                                  ^^^^ unexpected type argument

error[E0107]: wrong number of type arguments: expected 0, found 1
    --> gen/monitoring/v3/lib/src/lib.rs:1239:26
     |
1239 |         pub path: Option<String>,
     |                          ^^^^^^ unexpected type argument

error[E0107]: wrong number of type arguments: expected 0, found 1
    --> gen/monitoring/v3/lib/src/lib.rs:1242:26
     |
1242 |         pub port: Option<i32>,
     |                          ^^^ unexpected type argument

error[E0107]: wrong number of type arguments: expected 0, found 1
    --> gen/monitoring/v3/lib/src/lib.rs:1245:29
     |
1245 |         pub use_ssl: Option<bool>,
     |                             ^^^^ unexpected type argument

error[E0107]: wrong number of type arguments: expected 0, found 1
    --> gen/monitoring/v3/lib/src/lib.rs:1248:34
     |
1248 |         pub validate_ssl: Option<bool>,
     |                                  ^^^^ unexpected type argument

error[E0107]: wrong number of type arguments: expected 0, found 1
    --> gen/monitoring/v3/lib/src/lib.rs:1325:34
     |
1325 |         pub display_name: Option<String>,
     |                                  ^^^^^^ unexpected type argument

error[E0107]: wrong number of type arguments: expected 0, found 1
    --> gen/monitoring/v3/lib/src/lib.rs:1328:30
     |
1328 |         pub gcp_zone: Option<String>,
     |                              ^^^^^^ unexpected type argument

error[E0107]: wrong number of type arguments: expected 0, found 1
    --> gen/monitoring/v3/lib/src/lib.rs:1331:26
     |
1331 |         pub name: Option<String>,
     |                          ^^^^^^ unexpected type argument

error[E0107]: wrong number of type arguments: expected 0, found 1
    --> gen/monitoring/v3/lib/src/lib.rs:1334:29
     |
1334 |         pub network: Option<String>,
     |                             ^^^^^^ unexpected type argument

error[E0107]: wrong number of type arguments: expected 0, found 1
    --> gen/monitoring/v3/lib/src/lib.rs:1337:37
     |
1337 |         pub peer_project_id: Option<String>,
     |                                     ^^^^^^ unexpected type argument

error[E0107]: wrong number of type arguments: expected 0, found 1
    --> gen/monitoring/v3/lib/src/lib.rs:1340:27
     |
1340 |         pub state: Option<crate::schemas::InternalCheckerState>,
     |                           ^^^^^^^^^^^^^^^^^^^^^^^^^^^^^^^^^^^^ unexpected type argument

error[E0107]: wrong number of type arguments: expected 0, found 1
    --> gen/monitoring/v3/lib/src/lib.rs:1417:33
     |
1417 |         pub description: Option<String>,
     |                                 ^^^^^^ unexpected type argument

error[E0107]: wrong number of type arguments: expected 0, found 1
    --> gen/monitoring/v3/lib/src/lib.rs:1420:25
     |
1420 |         pub key: Option<String>,
     |                         ^^^^^^ unexpected type argument

error[E0107]: wrong number of type arguments: expected 0, found 1
    --> gen/monitoring/v3/lib/src/lib.rs:1423:32
     |
1423 |         pub value_type: Option<crate::schemas::LabelDescriptorValueType>,
     |                                ^^^^^^^^^^^^^^^^^^^^^^^^^^^^^^^^^^^^^^^^ unexpected type argument

error[E0107]: wrong number of type arguments: expected 0, found 1
    --> gen/monitoring/v3/lib/src/lib.rs:1441:40
     |
1441 |         pub num_finite_buckets: Option<i32>,
     |                                        ^^^ unexpected type argument

error[E0107]: wrong number of type arguments: expected 0, found 1
    --> gen/monitoring/v3/lib/src/lib.rs:1444:28
     |
1444 |         pub offset: Option<f64>,
     |                            ^^^ unexpected type argument

error[E0107]: wrong number of type arguments: expected 0, found 1
    --> gen/monitoring/v3/lib/src/lib.rs:1447:27
     |
1447 |         pub width: Option<f64>,
     |                           ^^^ unexpected type argument

error[E0107]: wrong number of type arguments: expected 0, found 1
    --> gen/monitoring/v3/lib/src/lib.rs:1463:36
     |
1463 |         pub alert_policies: Option<Vec<crate::schemas::AlertPolicy>>,
     |                                    ^^^^^^^^^^^^^^^^^^^^^^^^^^^^^^^^ unexpected type argument

error[E0107]: wrong number of type arguments: expected 0, found 1
    --> gen/monitoring/v3/lib/src/lib.rs:1466:37
     |
1466 |         pub next_page_token: Option<String>,
     |                                     ^^^^^^ unexpected type argument

error[E0107]: wrong number of type arguments: expected 0, found 1
    --> gen/monitoring/v3/lib/src/lib.rs:1493:29
     |
1493 |         pub members: Option<Vec<crate::schemas::MonitoredResource>>,
     |                             ^^^^^^^^^^^^^^^^^^^^^^^^^^^^^^^^^^^^^^ unexpected type argument

error[E0107]: wrong number of type arguments: expected 0, found 1
    --> gen/monitoring/v3/lib/src/lib.rs:1496:37
     |
1496 |         pub next_page_token: Option<String>,
     |                                     ^^^^^^ unexpected type argument

error[E0107]: wrong number of type arguments: expected 0, found 1
    --> gen/monitoring/v3/lib/src/lib.rs:1499:32
     |
1499 |         pub total_size: Option<i32>,
     |                                ^^^ unexpected type argument

error[E0107]: wrong number of type arguments: expected 0, found 1
    --> gen/monitoring/v3/lib/src/lib.rs:1526:27
     |
1526 |         pub group: Option<Vec<crate::schemas::Group>>,
     |                           ^^^^^^^^^^^^^^^^^^^^^^^^^^ unexpected type argument

error[E0107]: wrong number of type arguments: expected 0, found 1
    --> gen/monitoring/v3/lib/src/lib.rs:1529:37
     |
1529 |         pub next_page_token: Option<String>,
     |                                     ^^^^^^ unexpected type argument

error[E0107]: wrong number of type arguments: expected 0, found 1
    --> gen/monitoring/v3/lib/src/lib.rs:1556:40
     |
1556 |         pub metric_descriptors: Option<Vec<crate::schemas::MetricDescriptor>>,
     |                                        ^^^^^^^^^^^^^^^^^^^^^^^^^^^^^^^^^^^^^ unexpected type argument

error[E0107]: wrong number of type arguments: expected 0, found 1
    --> gen/monitoring/v3/lib/src/lib.rs:1559:37
     |
1559 |         pub next_page_token: Option<String>,
     |                                     ^^^^^^ unexpected type argument

error[E0107]: wrong number of type arguments: expected 0, found 1
    --> gen/monitoring/v3/lib/src/lib.rs:1586:37
     |
1586 |         pub next_page_token: Option<String>,
     |                                     ^^^^^^ unexpected type argument

error[E0107]: wrong number of type arguments: expected 0, found 1
    --> gen/monitoring/v3/lib/src/lib.rs:1589:42
     |
1589 |         pub resource_descriptors: Option<Vec<crate::schemas::MonitoredResourceDescriptor>>,
     |                                          ^^^^^^^^^^^^^^^^^^^^^^^^^^^^^^^^^^^^^^^^^^^^^^^^ unexpected type argument

error[E0107]: wrong number of type arguments: expected 0, found 1
    --> gen/monitoring/v3/lib/src/lib.rs:1616:41
     |
1616 |         pub channel_descriptors: Option<Vec<crate::schemas::NotificationChannelDescriptor>>,
     |                                         ^^^^^^^^^^^^^^^^^^^^^^^^^^^^^^^^^^^^^^^^^^^^^^^^^^ unexpected type argument

error[E0107]: wrong number of type arguments: expected 0, found 1
    --> gen/monitoring/v3/lib/src/lib.rs:1619:37
     |
1619 |         pub next_page_token: Option<String>,
     |                                     ^^^^^^ unexpected type argument

error[E0107]: wrong number of type arguments: expected 0, found 1
    --> gen/monitoring/v3/lib/src/lib.rs:1646:37
     |
1646 |         pub next_page_token: Option<String>,
     |                                     ^^^^^^ unexpected type argument

error[E0107]: wrong number of type arguments: expected 0, found 1
    --> gen/monitoring/v3/lib/src/lib.rs:1649:43
     |
1649 |         pub notification_channels: Option<Vec<crate::schemas::NotificationChannel>>,
     |                                           ^^^^^^^^^^^^^^^^^^^^^^^^^^^^^^^^^^^^^^^^ unexpected type argument

error[E0107]: wrong number of type arguments: expected 0, found 1
    --> gen/monitoring/v3/lib/src/lib.rs:1665:38
     |
1665 |         pub execution_errors: Option<Vec<crate::schemas::Status>>,
     |                                      ^^^^^^^^^^^^^^^^^^^^^^^^^^^ unexpected type argument

error[E0107]: wrong number of type arguments: expected 0, found 1
    --> gen/monitoring/v3/lib/src/lib.rs:1668:37
     |
1668 |         pub next_page_token: Option<String>,
     |                                     ^^^^^^ unexpected type argument

error[E0107]: wrong number of type arguments: expected 0, found 1
    --> gen/monitoring/v3/lib/src/lib.rs:1671:33
     |
1671 |         pub time_series: Option<Vec<crate::schemas::TimeSeries>>,
     |                                 ^^^^^^^^^^^^^^^^^^^^^^^^^^^^^^^ unexpected type argument

error[E0107]: wrong number of type arguments: expected 0, found 1
    --> gen/monitoring/v3/lib/src/lib.rs:1698:37
     |
1698 |         pub next_page_token: Option<String>,
     |                                     ^^^^^^ unexpected type argument

error[E0107]: wrong number of type arguments: expected 0, found 1
    --> gen/monitoring/v3/lib/src/lib.rs:1701:32
     |
1701 |         pub total_size: Option<i32>,
     |                                ^^^ unexpected type argument

error[E0107]: wrong number of type arguments: expected 0, found 1
    --> gen/monitoring/v3/lib/src/lib.rs:1704:42
     |
1704 |         pub uptime_check_configs: Option<Vec<crate::schemas::UptimeCheckConfig>>,
     |                                          ^^^^^^^^^^^^^^^^^^^^^^^^^^^^^^^^^^^^^^ unexpected type argument

error[E0107]: wrong number of type arguments: expected 0, found 1
    --> gen/monitoring/v3/lib/src/lib.rs:1731:37
     |
1731 |         pub next_page_token: Option<String>,
     |                                     ^^^^^^ unexpected type argument

error[E0107]: wrong number of type arguments: expected 0, found 1
    --> gen/monitoring/v3/lib/src/lib.rs:1734:38
     |
1734 |         pub uptime_check_ips: Option<Vec<crate::schemas::UptimeCheckIp>>,
     |                                      ^^^^^^^^^^^^^^^^^^^^^^^^^^^^^^^^^^ unexpected type argument

error[E0107]: wrong number of type arguments: expected 0, found 1
    --> gen/monitoring/v3/lib/src/lib.rs:1761:28
     |
1761 |         pub labels: Option<::std::collections::BTreeMap<String, String>>,
     |                            ^^^^^^^^^^^^^^^^^^^^^^^^^^^^^^^^^^^^^^^^^^^^ unexpected type argument

error[E0107]: wrong number of type arguments: expected 0, found 1
    --> gen/monitoring/v3/lib/src/lib.rs:1764:28
     |
1764 |         pub r#type: Option<String>,
     |                            ^^^^^^ unexpected type argument

error[E0107]: wrong number of type arguments: expected 0, found 1
    --> gen/monitoring/v3/lib/src/lib.rs:1782:34
     |
1782 |         pub aggregations: Option<Vec<crate::schemas::Aggregation>>,
     |                                  ^^^^^^^^^^^^^^^^^^^^^^^^^^^^^^^^ unexpected type argument

error[E0107]: wrong number of type arguments: expected 0, found 1
    --> gen/monitoring/v3/lib/src/lib.rs:1785:30
     |
1785 |         pub duration: Option<String>,
     |                              ^^^^^^ unexpected type argument

error[E0107]: wrong number of type arguments: expected 0, found 1
    --> gen/monitoring/v3/lib/src/lib.rs:1788:28
     |
1788 |         pub filter: Option<String>,
     |                            ^^^^^^ unexpected type argument

error[E0107]: wrong number of type arguments: expected 0, found 1
    --> gen/monitoring/v3/lib/src/lib.rs:1791:29
     |
1791 |         pub trigger: Option<crate::schemas::Trigger>,
     |                             ^^^^^^^^^^^^^^^^^^^^^^^ unexpected type argument

error[E0107]: wrong number of type arguments: expected 0, found 1
    --> gen/monitoring/v3/lib/src/lib.rs:2000:33
     |
2000 |         pub description: Option<String>,
     |                                 ^^^^^^ unexpected type argument

error[E0107]: wrong number of type arguments: expected 0, found 1
    --> gen/monitoring/v3/lib/src/lib.rs:2003:34
     |
2003 |         pub display_name: Option<String>,
     |                                  ^^^^^^ unexpected type argument

error[E0107]: wrong number of type arguments: expected 0, found 1
    --> gen/monitoring/v3/lib/src/lib.rs:2006:28
     |
2006 |         pub labels: Option<Vec<crate::schemas::LabelDescriptor>>,
     |                            ^^^^^^^^^^^^^^^^^^^^^^^^^^^^^^^^^^^^ unexpected type argument

error[E0107]: wrong number of type arguments: expected 0, found 1
    --> gen/monitoring/v3/lib/src/lib.rs:2009:34
     |
2009 |         pub launch_stage: Option<crate::schemas::MetricDescriptorLaunchStage>,
     |                                  ^^^^^^^^^^^^^^^^^^^^^^^^^^^^^^^^^^^^^^^^^^^ unexpected type argument

error[E0107]: wrong number of type arguments: expected 0, found 1
    --> gen/monitoring/v3/lib/src/lib.rs:2012:30
     |
2012 |         pub metadata: Option<crate::schemas::MetricDescriptorMetadata>,
     |                              ^^^^^^^^^^^^^^^^^^^^^^^^^^^^^^^^^^^^^^^^ unexpected type argument

error[E0107]: wrong number of type arguments: expected 0, found 1
    --> gen/monitoring/v3/lib/src/lib.rs:2015:33
     |
2015 |         pub metric_kind: Option<crate::schemas::MetricDescriptorMetricKind>,
     |                                 ^^^^^^^^^^^^^^^^^^^^^^^^^^^^^^^^^^^^^^^^^^ unexpected type argument

error[E0107]: wrong number of type arguments: expected 0, found 1
    --> gen/monitoring/v3/lib/src/lib.rs:2018:26
     |
2018 |         pub name: Option<String>,
     |                          ^^^^^^ unexpected type argument

error[E0107]: wrong number of type arguments: expected 0, found 1
    --> gen/monitoring/v3/lib/src/lib.rs:2021:28
     |
2021 |         pub r#type: Option<String>,
     |                            ^^^^^^ unexpected type argument

error[E0107]: wrong number of type arguments: expected 0, found 1
    --> gen/monitoring/v3/lib/src/lib.rs:2024:26
     |
2024 |         pub unit: Option<String>,
     |                          ^^^^^^ unexpected type argument

error[E0107]: wrong number of type arguments: expected 0, found 1
    --> gen/monitoring/v3/lib/src/lib.rs:2027:32
     |
2027 |         pub value_type: Option<crate::schemas::MetricDescriptorValueType>,
     |                                ^^^^^^^^^^^^^^^^^^^^^^^^^^^^^^^^^^^^^^^^^ unexpected type argument

error[E0107]: wrong number of type arguments: expected 0, found 1
    --> gen/monitoring/v3/lib/src/lib.rs:2120:34
     |
2120 |         pub ingest_delay: Option<String>,
     |                                  ^^^^^^ unexpected type argument

error[E0107]: wrong number of type arguments: expected 0, found 1
    --> gen/monitoring/v3/lib/src/lib.rs:2123:34
     |
2123 |         pub launch_stage: Option<crate::schemas::MetricDescriptorMetadataLaunchStage>,
     |                                  ^^^^^^^^^^^^^^^^^^^^^^^^^^^^^^^^^^^^^^^^^^^^^^^^^^^ unexpected type argument

error[E0107]: wrong number of type arguments: expected 0, found 1
    --> gen/monitoring/v3/lib/src/lib.rs:2126:35
     |
2126 |         pub sample_period: Option<String>,
     |                                   ^^^^^^ unexpected type argument

error[E0107]: wrong number of type arguments: expected 0, found 1
    --> gen/monitoring/v3/lib/src/lib.rs:2210:34
     |
2210 |         pub aggregations: Option<Vec<crate::schemas::Aggregation>>,
     |                                  ^^^^^^^^^^^^^^^^^^^^^^^^^^^^^^^^ unexpected type argument

error[E0107]: wrong number of type arguments: expected 0, found 1
    --> gen/monitoring/v3/lib/src/lib.rs:2213:32
     |
2213 |         pub comparison: Option<crate::schemas::MetricThresholdComparison>,
     |                                ^^^^^^^^^^^^^^^^^^^^^^^^^^^^^^^^^^^^^^^^^ unexpected type argument

error[E0107]: wrong number of type arguments: expected 0, found 1
    --> gen/monitoring/v3/lib/src/lib.rs:2216:46
     |
2216 |         pub denominator_aggregations: Option<Vec<crate::schemas::Aggregation>>,
     |                                              ^^^^^^^^^^^^^^^^^^^^^^^^^^^^^^^^ unexpected type argument

error[E0107]: wrong number of type arguments: expected 0, found 1
    --> gen/monitoring/v3/lib/src/lib.rs:2219:40
     |
2219 |         pub denominator_filter: Option<String>,
     |                                        ^^^^^^ unexpected type argument

error[E0107]: wrong number of type arguments: expected 0, found 1
    --> gen/monitoring/v3/lib/src/lib.rs:2222:30
     |
2222 |         pub duration: Option<String>,
     |                              ^^^^^^ unexpected type argument

error[E0107]: wrong number of type arguments: expected 0, found 1
    --> gen/monitoring/v3/lib/src/lib.rs:2225:28
     |
2225 |         pub filter: Option<String>,
     |                            ^^^^^^ unexpected type argument

error[E0107]: wrong number of type arguments: expected 0, found 1
    --> gen/monitoring/v3/lib/src/lib.rs:2228:37
     |
2228 |         pub threshold_value: Option<f64>,
     |                                     ^^^ unexpected type argument

error[E0107]: wrong number of type arguments: expected 0, found 1
    --> gen/monitoring/v3/lib/src/lib.rs:2231:29
     |
2231 |         pub trigger: Option<crate::schemas::Trigger>,
     |                             ^^^^^^^^^^^^^^^^^^^^^^^ unexpected type argument

error[E0107]: wrong number of type arguments: expected 0, found 1
    --> gen/monitoring/v3/lib/src/lib.rs:2258:28
     |
2258 |         pub labels: Option<::std::collections::BTreeMap<String, String>>,
     |                            ^^^^^^^^^^^^^^^^^^^^^^^^^^^^^^^^^^^^^^^^^^^^ unexpected type argument

error[E0107]: wrong number of type arguments: expected 0, found 1
    --> gen/monitoring/v3/lib/src/lib.rs:2261:28
     |
2261 |         pub r#type: Option<String>,
     |                            ^^^^^^ unexpected type argument

error[E0107]: wrong number of type arguments: expected 0, found 1
    --> gen/monitoring/v3/lib/src/lib.rs:2354:33
     |
2354 |         pub description: Option<String>,
     |                                 ^^^^^^ unexpected type argument

error[E0107]: wrong number of type arguments: expected 0, found 1
    --> gen/monitoring/v3/lib/src/lib.rs:2357:34
     |
2357 |         pub display_name: Option<String>,
     |                                  ^^^^^^ unexpected type argument

error[E0107]: wrong number of type arguments: expected 0, found 1
    --> gen/monitoring/v3/lib/src/lib.rs:2360:28
     |
2360 |         pub labels: Option<Vec<crate::schemas::LabelDescriptor>>,
     |                            ^^^^^^^^^^^^^^^^^^^^^^^^^^^^^^^^^^^^ unexpected type argument

error[E0107]: wrong number of type arguments: expected 0, found 1
    --> gen/monitoring/v3/lib/src/lib.rs:2363:34
     |
2363 |         pub launch_stage: Option<crate::schemas::MonitoredResourceDescriptorLaunchStage>,
     |                                  ^^^^^^^^^^^^^^^^^^^^^^^^^^^^^^^^^^^^^^^^^^^^^^^^^^^^^^ unexpected type argument

error[E0107]: wrong number of type arguments: expected 0, found 1
    --> gen/monitoring/v3/lib/src/lib.rs:2366:26
     |
2366 |         pub name: Option<String>,
     |                          ^^^^^^ unexpected type argument

error[E0107]: wrong number of type arguments: expected 0, found 1
    --> gen/monitoring/v3/lib/src/lib.rs:2369:28
     |
2369 |         pub r#type: Option<String>,
     |                            ^^^^^^ unexpected type argument

error[E0107]: wrong number of type arguments: expected 0, found 1
    --> gen/monitoring/v3/lib/src/lib.rs:2385:35
     |
2385 |         pub system_labels: Option<::std::collections::BTreeMap<String, ::serde_json::Value>>,
     |                                   ^^^^^^^^^^^^^^^^^^^^^^^^^^^^^^^^^^^^^^^^^^^^^^^^^^^^^^^^^ unexpected type argument

error[E0107]: wrong number of type arguments: expected 0, found 1
    --> gen/monitoring/v3/lib/src/lib.rs:2388:33
     |
2388 |         pub user_labels: Option<::std::collections::BTreeMap<String, String>>,
     |                                 ^^^^^^^^^^^^^^^^^^^^^^^^^^^^^^^^^^^^^^^^^^^^ unexpected type argument

error[E0107]: wrong number of type arguments: expected 0, found 1
    --> gen/monitoring/v3/lib/src/lib.rs:2415:33
     |
2415 |         pub mutate_time: Option<String>,
     |                                 ^^^^^^ unexpected type argument

error[E0107]: wrong number of type arguments: expected 0, found 1
    --> gen/monitoring/v3/lib/src/lib.rs:2418:32
     |
2418 |         pub mutated_by: Option<String>,
     |                                ^^^^^^ unexpected type argument

error[E0107]: wrong number of type arguments: expected 0, found 1
    --> gen/monitoring/v3/lib/src/lib.rs:2499:33
     |
2499 |         pub description: Option<String>,
     |                                 ^^^^^^ unexpected type argument

error[E0107]: wrong number of type arguments: expected 0, found 1
    --> gen/monitoring/v3/lib/src/lib.rs:2502:34
     |
2502 |         pub display_name: Option<String>,
     |                                  ^^^^^^ unexpected type argument

error[E0107]: wrong number of type arguments: expected 0, found 1
    --> gen/monitoring/v3/lib/src/lib.rs:2505:29
     |
2505 |         pub enabled: Option<bool>,
     |                             ^^^^ unexpected type argument

error[E0107]: wrong number of type arguments: expected 0, found 1
    --> gen/monitoring/v3/lib/src/lib.rs:2508:28
     |
2508 |         pub labels: Option<::std::collections::BTreeMap<String, String>>,
     |                            ^^^^^^^^^^^^^^^^^^^^^^^^^^^^^^^^^^^^^^^^^^^^ unexpected type argument

error[E0107]: wrong number of type arguments: expected 0, found 1
    --> gen/monitoring/v3/lib/src/lib.rs:2511:26
     |
2511 |         pub name: Option<String>,
     |                          ^^^^^^ unexpected type argument

error[E0107]: wrong number of type arguments: expected 0, found 1
    --> gen/monitoring/v3/lib/src/lib.rs:2514:28
     |
2514 |         pub r#type: Option<String>,
     |                            ^^^^^^ unexpected type argument

error[E0107]: wrong number of type arguments: expected 0, found 1
    --> gen/monitoring/v3/lib/src/lib.rs:2517:33
     |
2517 |         pub user_labels: Option<::std::collections::BTreeMap<String, String>>,
     |                                 ^^^^^^^^^^^^^^^^^^^^^^^^^^^^^^^^^^^^^^^^^^^^ unexpected type argument

error[E0107]: wrong number of type arguments: expected 0, found 1
    --> gen/monitoring/v3/lib/src/lib.rs:2520:41
     |
2520 |         pub verification_status: Option<crate::schemas::NotificationChannelVerificationStatus>,
     |                                         ^^^^^^^^^^^^^^^^^^^^^^^^^^^^^^^^^^^^^^^^^^^^^^^^^^^^^ unexpected type argument

error[E0107]: wrong number of type arguments: expected 0, found 1
    --> gen/monitoring/v3/lib/src/lib.rs:2583:33
     |
2583 |         pub description: Option<String>,
     |                                 ^^^^^^ unexpected type argument

error[E0107]: wrong number of type arguments: expected 0, found 1
    --> gen/monitoring/v3/lib/src/lib.rs:2586:34
     |
2586 |         pub display_name: Option<String>,
     |                                  ^^^^^^ unexpected type argument

error[E0107]: wrong number of type arguments: expected 0, found 1
    --> gen/monitoring/v3/lib/src/lib.rs:2589:28
     |
2589 |         pub labels: Option<Vec<crate::schemas::LabelDescriptor>>,
     |                            ^^^^^^^^^^^^^^^^^^^^^^^^^^^^^^^^^^^^ unexpected type argument

error[E0107]: wrong number of type arguments: expected 0, found 1
    --> gen/monitoring/v3/lib/src/lib.rs:2592:26
     |
2592 |         pub name: Option<String>,
     |                          ^^^^^^ unexpected type argument

error[E0107]: wrong number of type arguments: expected 0, found 1
    --> gen/monitoring/v3/lib/src/lib.rs:2595:28
     |
2595 |         pub r#type: Option<String>,
     |                            ^^^^^^ unexpected type argument

error[E0107]: wrong number of type arguments: expected 0, found 1
    --> gen/monitoring/v3/lib/src/lib.rs:2599:20
     |
2599 |             Option<Vec<crate::schemas::NotificationChannelDescriptorSupportedTiersItems>>,
     |                    ^^^^^^^^^^^^^^^^^^^^^^^^^^^^^^^^^^^^^^^^^^^^^^^^^^^^^^^^^^^^^^^^^^^^^ unexpected type argument

error[E0107]: wrong number of type arguments: expected 0, found 1
    --> gen/monitoring/v3/lib/src/lib.rs:2615:26
     |
2615 |         pub name: Option<String>,
     |                          ^^^^^^ unexpected type argument

error[E0107]: wrong number of type arguments: expected 0, found 1
    --> gen/monitoring/v3/lib/src/lib.rs:2618:27
     |
2618 |         pub value: Option<::std::collections::BTreeMap<String, ::serde_json::Value>>,
     |                           ^^^^^^^^^^^^^^^^^^^^^^^^^^^^^^^^^^^^^^^^^^^^^^^^^^^^^^^^^ unexpected type argument

error[E0107]: wrong number of type arguments: expected 0, found 1
    --> gen/monitoring/v3/lib/src/lib.rs:2634:30
     |
2634 |         pub interval: Option<crate::schemas::TimeInterval>,
     |                              ^^^^^^^^^^^^^^^^^^^^^^^^^^^^ unexpected type argument

error[E0107]: wrong number of type arguments: expected 0, found 1
    --> gen/monitoring/v3/lib/src/lib.rs:2637:27
     |
2637 |         pub value: Option<crate::schemas::TypedValue>,
     |                           ^^^^^^^^^^^^^^^^^^^^^^^^^^ unexpected type argument

error[E0107]: wrong number of type arguments: expected 0, found 1
    --> gen/monitoring/v3/lib/src/lib.rs:2655:25
     |
2655 |         pub max: Option<f64>,
     |                         ^^^ unexpected type argument

error[E0107]: wrong number of type arguments: expected 0, found 1
    --> gen/monitoring/v3/lib/src/lib.rs:2658:25
     |
2658 |         pub min: Option<f64>,
     |                         ^^^ unexpected type argument

error[E0107]: wrong number of type arguments: expected 0, found 1
    --> gen/monitoring/v3/lib/src/lib.rs:2735:30
     |
2735 |         pub group_id: Option<String>,
     |                              ^^^^^^ unexpected type argument

error[E0107]: wrong number of type arguments: expected 0, found 1
    --> gen/monitoring/v3/lib/src/lib.rs:2738:35
     |
2738 |         pub resource_type: Option<crate::schemas::ResourceGroupResourceType>,
     |                                   ^^^^^^^^^^^^^^^^^^^^^^^^^^^^^^^^^^^^^^^^^ unexpected type argument

error[E0107]: wrong number of type arguments: expected 0, found 1
    --> gen/monitoring/v3/lib/src/lib.rs:2782:31
     |
2782 |         pub file_name: Option<String>,
     |                               ^^^^^^ unexpected type argument

error[E0107]: wrong number of type arguments: expected 0, found 1
    --> gen/monitoring/v3/lib/src/lib.rs:2809:31
     |
2809 |         pub span_name: Option<String>,
     |                               ^^^^^^ unexpected type argument

error[E0107]: wrong number of type arguments: expected 0, found 1
    --> gen/monitoring/v3/lib/src/lib.rs:2825:26
     |
2825 |         pub code: Option<i32>,
     |                          ^^^ unexpected type argument

error[E0107]: wrong number of type arguments: expected 0, found 1
    --> gen/monitoring/v3/lib/src/lib.rs:2828:29
     |
2828 |         pub details: Option<Vec<::std::collections::BTreeMap<String, ::serde_json::Value>>>,
     |                             ^^^^^^^^^^^^^^^^^^^^^^^^^^^^^^^^^^^^^^^^^^^^^^^^^^^^^^^^^^^^^^ unexpected type argument

error[E0107]: wrong number of type arguments: expected 0, found 1
    --> gen/monitoring/v3/lib/src/lib.rs:2831:29
     |
2831 |         pub message: Option<String>,
     |                             ^^^^^^ unexpected type argument

error[E0107]: wrong number of type arguments: expected 0, found 1
    --> gen/monitoring/v3/lib/src/lib.rs:2858:26
     |
2858 |         pub port: Option<i32>,
     |                          ^^^ unexpected type argument

error[E0107]: wrong number of type arguments: expected 0, found 1
    --> gen/monitoring/v3/lib/src/lib.rs:2885:30
     |
2885 |         pub end_time: Option<String>,
     |                              ^^^^^^ unexpected type argument

error[E0107]: wrong number of type arguments: expected 0, found 1
    --> gen/monitoring/v3/lib/src/lib.rs:2888:32
     |
2888 |         pub start_time: Option<String>,
     |                                ^^^^^^ unexpected type argument

error[E0107]: wrong number of type arguments: expected 0, found 1
    --> gen/monitoring/v3/lib/src/lib.rs:3024:30
     |
3024 |         pub metadata: Option<crate::schemas::MonitoredResourceMetadata>,
     |                              ^^^^^^^^^^^^^^^^^^^^^^^^^^^^^^^^^^^^^^^^^ unexpected type argument

error[E0107]: wrong number of type arguments: expected 0, found 1
    --> gen/monitoring/v3/lib/src/lib.rs:3027:28
     |
3027 |         pub metric: Option<crate::schemas::Metric>,
     |                            ^^^^^^^^^^^^^^^^^^^^^^ unexpected type argument

error[E0107]: wrong number of type arguments: expected 0, found 1
    --> gen/monitoring/v3/lib/src/lib.rs:3030:33
     |
3030 |         pub metric_kind: Option<crate::schemas::TimeSeriesMetricKind>,
     |                                 ^^^^^^^^^^^^^^^^^^^^^^^^^^^^^^^^^^^^ unexpected type argument

error[E0107]: wrong number of type arguments: expected 0, found 1
    --> gen/monitoring/v3/lib/src/lib.rs:3033:28
     |
3033 |         pub points: Option<Vec<crate::schemas::Point>>,
     |                            ^^^^^^^^^^^^^^^^^^^^^^^^^^ unexpected type argument

error[E0107]: wrong number of type arguments: expected 0, found 1
    --> gen/monitoring/v3/lib/src/lib.rs:3036:30
     |
3036 |         pub resource: Option<crate::schemas::MonitoredResource>,
     |                              ^^^^^^^^^^^^^^^^^^^^^^^^^^^^^^^^^ unexpected type argument

error[E0107]: wrong number of type arguments: expected 0, found 1
    --> gen/monitoring/v3/lib/src/lib.rs:3039:32
     |
3039 |         pub value_type: Option<crate::schemas::TimeSeriesValueType>,
     |                                ^^^^^^^^^^^^^^^^^^^^^^^^^^^^^^^^^^^ unexpected type argument

error[E0107]: wrong number of type arguments: expected 0, found 1
    --> gen/monitoring/v3/lib/src/lib.rs:3057:27
     |
3057 |         pub count: Option<i32>,
     |                           ^^^ unexpected type argument

error[E0107]: wrong number of type arguments: expected 0, found 1
    --> gen/monitoring/v3/lib/src/lib.rs:3060:29
     |
3060 |         pub percent: Option<f64>,
     |                             ^^^ unexpected type argument

error[E0107]: wrong number of type arguments: expected 0, found 1
    --> gen/monitoring/v3/lib/src/lib.rs:3122:28
     |
3122 |         pub fields: Option<Vec<crate::schemas::Field>>,
     |                            ^^^^^^^^^^^^^^^^^^^^^^^^^^ unexpected type argument

error[E0107]: wrong number of type arguments: expected 0, found 1
    --> gen/monitoring/v3/lib/src/lib.rs:3125:26
     |
3125 |         pub name: Option<String>,
     |                          ^^^^^^ unexpected type argument

error[E0107]: wrong number of type arguments: expected 0, found 1
    --> gen/monitoring/v3/lib/src/lib.rs:3128:28
     |
3128 |         pub oneofs: Option<Vec<String>>,
     |                            ^^^^^^^^^^^ unexpected type argument

error[E0107]: wrong number of type arguments: expected 0, found 1
    --> gen/monitoring/v3/lib/src/lib.rs:3131:29
     |
3131 |         pub options: Option<Vec<crate::schemas::Option>>,
     |                             ^^^^^^^^^^^^^^^^^^^^^^^^^^^ unexpected type argument

error[E0107]: wrong number of type arguments: expected 0, found 1
    --> gen/monitoring/v3/lib/src/lib.rs:3134:36
     |
3134 |         pub source_context: Option<crate::schemas::SourceContext>,
     |                                    ^^^^^^^^^^^^^^^^^^^^^^^^^^^^^ unexpected type argument

error[E0107]: wrong number of type arguments: expected 0, found 1
    --> gen/monitoring/v3/lib/src/lib.rs:3137:28
     |
3137 |         pub syntax: Option<crate::schemas::TypeSyntax>,
     |                            ^^^^^^^^^^^^^^^^^^^^^^^^^^ unexpected type argument

error[E0107]: wrong number of type arguments: expected 0, found 1
    --> gen/monitoring/v3/lib/src/lib.rs:3153:32
     |
3153 |         pub bool_value: Option<bool>,
     |                                ^^^^ unexpected type argument

error[E0107]: wrong number of type arguments: expected 0, found 1
    --> gen/monitoring/v3/lib/src/lib.rs:3156:40
     |
3156 |         pub distribution_value: Option<crate::schemas::Distribution>,
     |                                        ^^^^^^^^^^^^^^^^^^^^^^^^^^^^ unexpected type argument

error[E0107]: wrong number of type arguments: expected 0, found 1
    --> gen/monitoring/v3/lib/src/lib.rs:3159:34
     |
3159 |         pub double_value: Option<f64>,
     |                                  ^^^ unexpected type argument

error[E0107]: wrong number of type arguments: expected 0, found 1
    --> gen/monitoring/v3/lib/src/lib.rs:3163:34
     |
3163 |         pub int_64_value: Option<i64>,
     |                                  ^^^ unexpected type argument

error[E0107]: wrong number of type arguments: expected 0, found 1
    --> gen/monitoring/v3/lib/src/lib.rs:3166:34
     |
3166 |         pub string_value: Option<String>,
     |                                  ^^^^^^ unexpected type argument

error[E0107]: wrong number of type arguments: expected 0, found 1
    --> gen/monitoring/v3/lib/src/lib.rs:3229:38
     |
3229 |         pub content_matchers: Option<Vec<crate::schemas::ContentMatcher>>,
     |                                      ^^^^^^^^^^^^^^^^^^^^^^^^^^^^^^^^^^^ unexpected type argument

error[E0107]: wrong number of type arguments: expected 0, found 1
    --> gen/monitoring/v3/lib/src/lib.rs:3232:34
     |
3232 |         pub display_name: Option<String>,
     |                                  ^^^^^^ unexpected type argument

error[E0107]: wrong number of type arguments: expected 0, found 1
    --> gen/monitoring/v3/lib/src/lib.rs:3235:32
     |
3235 |         pub http_check: Option<crate::schemas::HttpCheck>,
     |                                ^^^^^^^^^^^^^^^^^^^^^^^^^ unexpected type argument

error[E0107]: wrong number of type arguments: expected 0, found 1
    --> gen/monitoring/v3/lib/src/lib.rs:3238:39
     |
3238 |         pub internal_checkers: Option<Vec<crate::schemas::InternalChecker>>,
     |                                       ^^^^^^^^^^^^^^^^^^^^^^^^^^^^^^^^^^^^ unexpected type argument

error[E0107]: wrong number of type arguments: expected 0, found 1
    --> gen/monitoring/v3/lib/src/lib.rs:3241:40
     |
3241 |         pub monitored_resource: Option<crate::schemas::MonitoredResource>,
     |                                        ^^^^^^^^^^^^^^^^^^^^^^^^^^^^^^^^^ unexpected type argument

error[E0107]: wrong number of type arguments: expected 0, found 1
    --> gen/monitoring/v3/lib/src/lib.rs:3244:26
     |
3244 |         pub name: Option<String>,
     |                          ^^^^^^ unexpected type argument

error[E0107]: wrong number of type arguments: expected 0, found 1
    --> gen/monitoring/v3/lib/src/lib.rs:3247:28
     |
3247 |         pub period: Option<String>,
     |                            ^^^^^^ unexpected type argument

error[E0107]: wrong number of type arguments: expected 0, found 1
    --> gen/monitoring/v3/lib/src/lib.rs:3250:36
     |
3250 |         pub resource_group: Option<crate::schemas::ResourceGroup>,
     |                                    ^^^^^^^^^^^^^^^^^^^^^^^^^^^^^ unexpected type argument

error[E0107]: wrong number of type arguments: expected 0, found 1
    --> gen/monitoring/v3/lib/src/lib.rs:3253:38
     |
3253 |         pub selected_regions: Option<Vec<crate::schemas::UptimeCheckConfigSelectedRegionsItems>>,
     |                                      ^^^^^^^^^^^^^^^^^^^^^^^^^^^^^^^^^^^^^^^^^^^^^^^^^^^^^^^^^^ unexpected type argument

error[E0107]: wrong number of type arguments: expected 0, found 1
    --> gen/monitoring/v3/lib/src/lib.rs:3256:31
     |
3256 |         pub tcp_check: Option<crate::schemas::TcpCheck>,
     |                               ^^^^^^^^^^^^^^^^^^^^^^^^ unexpected type argument

error[E0107]: wrong number of type arguments: expected 0, found 1
    --> gen/monitoring/v3/lib/src/lib.rs:3259:29
     |
3259 |         pub timeout: Option<String>,
     |                             ^^^^^^ unexpected type argument

error[E0107]: wrong number of type arguments: expected 0, found 1
    --> gen/monitoring/v3/lib/src/lib.rs:3344:32
     |
3344 |         pub ip_address: Option<String>,
     |                                ^^^^^^ unexpected type argument

error[E0107]: wrong number of type arguments: expected 0, found 1
    --> gen/monitoring/v3/lib/src/lib.rs:3347:30
     |
3347 |         pub location: Option<String>,
     |                              ^^^^^^ unexpected type argument

error[E0107]: wrong number of type arguments: expected 0, found 1
    --> gen/monitoring/v3/lib/src/lib.rs:3350:28
     |
3350 |         pub region: Option<crate::schemas::UptimeCheckIpRegion>,
     |                            ^^^^^^^^^^^^^^^^^^^^^^^^^^^^^^^^^^^ unexpected type argument

error[E0107]: wrong number of type arguments: expected 0, found 1
    --> gen/monitoring/v3/lib/src/lib.rs:3377:26
     |
3377 |         pub code: Option<String>,
     |                          ^^^^^^ unexpected type argument

error: aborting due to 243 previous errors

Some errors have detailed explanations: E0107, E0423, E0433.
For more information about an error, try `rustc --explain E0107`.
error: Could not compile `google-monitoring3`.

To learn more, run the command again with --verbose.
